 * gnetlist -g spice-noqsi -o test_active_inductor.net test_active_inductor.sch
 AC Analysis  Sun Mar  4 09:52:30  2018
--------------------------------------------------------------------------------
Index   frequency       s11                             
--------------------------------------------------------------------------------
0	1.000000e+08	9.999748e-01,	-4.39809e-03	
1	1.001001e+08	9.999748e-01,	-4.40249e-03	
2	1.002002e+08	9.999747e-01,	-4.40689e-03	
3	1.003003e+08	9.999747e-01,	-4.41129e-03	
4	1.004004e+08	9.999746e-01,	-4.41569e-03	
5	1.005005e+08	9.999746e-01,	-4.42010e-03	
6	1.006006e+08	9.999745e-01,	-4.42450e-03	
7	1.007007e+08	9.999745e-01,	-4.42890e-03	
8	1.008008e+08	9.999744e-01,	-4.43330e-03	
9	1.009009e+08	9.999744e-01,	-4.43771e-03	
10	1.010010e+08	9.999743e-01,	-4.44211e-03	
11	1.011011e+08	9.999743e-01,	-4.44651e-03	
12	1.012012e+08	9.999742e-01,	-4.45091e-03	
13	1.013013e+08	9.999742e-01,	-4.45531e-03	
14	1.014014e+08	9.999741e-01,	-4.45972e-03	
15	1.015015e+08	9.999741e-01,	-4.46412e-03	
16	1.016016e+08	9.999740e-01,	-4.46852e-03	
17	1.017017e+08	9.999740e-01,	-4.47292e-03	
18	1.018018e+08	9.999739e-01,	-4.47733e-03	
19	1.019019e+08	9.999739e-01,	-4.48173e-03	
20	1.020020e+08	9.999738e-01,	-4.48613e-03	
21	1.021021e+08	9.999738e-01,	-4.49053e-03	
22	1.022022e+08	9.999737e-01,	-4.49493e-03	
23	1.023023e+08	9.999737e-01,	-4.49934e-03	
24	1.024024e+08	9.999736e-01,	-4.50374e-03	
25	1.025025e+08	9.999736e-01,	-4.50814e-03	
26	1.026026e+08	9.999735e-01,	-4.51254e-03	
27	1.027027e+08	9.999735e-01,	-4.51694e-03	
28	1.028028e+08	9.999734e-01,	-4.52135e-03	
29	1.029029e+08	9.999734e-01,	-4.52575e-03	
30	1.030030e+08	9.999733e-01,	-4.53015e-03	
31	1.031031e+08	9.999733e-01,	-4.53455e-03	
32	1.032032e+08	9.999732e-01,	-4.53896e-03	
33	1.033033e+08	9.999732e-01,	-4.54336e-03	
34	1.034034e+08	9.999731e-01,	-4.54776e-03	
35	1.035035e+08	9.999730e-01,	-4.55216e-03	
36	1.036036e+08	9.999730e-01,	-4.55656e-03	
37	1.037037e+08	9.999729e-01,	-4.56097e-03	
38	1.038038e+08	9.999729e-01,	-4.56537e-03	
39	1.039039e+08	9.999728e-01,	-4.56977e-03	
40	1.040040e+08	9.999728e-01,	-4.57417e-03	
41	1.041041e+08	9.999727e-01,	-4.57858e-03	
42	1.042042e+08	9.999727e-01,	-4.58298e-03	
43	1.043043e+08	9.999726e-01,	-4.58738e-03	
44	1.044044e+08	9.999726e-01,	-4.59178e-03	
45	1.045045e+08	9.999725e-01,	-4.59618e-03	
46	1.046046e+08	9.999725e-01,	-4.60059e-03	
47	1.047047e+08	9.999724e-01,	-4.60499e-03	
48	1.048048e+08	9.999724e-01,	-4.60939e-03	
49	1.049049e+08	9.999723e-01,	-4.61379e-03	
50	1.050050e+08	9.999723e-01,	-4.61819e-03	
51	1.051051e+08	9.999722e-01,	-4.62260e-03	
52	1.052052e+08	9.999722e-01,	-4.62700e-03	
53	1.053053e+08	9.999721e-01,	-4.63140e-03	
54	1.054054e+08	9.999720e-01,	-4.63580e-03	

Index   frequency       s11                             
--------------------------------------------------------------------------------
55	1.055055e+08	9.999720e-01,	-4.64021e-03	
56	1.056056e+08	9.999719e-01,	-4.64461e-03	
57	1.057057e+08	9.999719e-01,	-4.64901e-03	
58	1.058058e+08	9.999718e-01,	-4.65341e-03	
59	1.059059e+08	9.999718e-01,	-4.65781e-03	
60	1.060060e+08	9.999717e-01,	-4.66222e-03	
61	1.061061e+08	9.999717e-01,	-4.66662e-03	
62	1.062062e+08	9.999716e-01,	-4.67102e-03	
63	1.063063e+08	9.999716e-01,	-4.67542e-03	
64	1.064064e+08	9.999715e-01,	-4.67982e-03	
65	1.065065e+08	9.999715e-01,	-4.68423e-03	
66	1.066066e+08	9.999714e-01,	-4.68863e-03	
67	1.067067e+08	9.999714e-01,	-4.69303e-03	
68	1.068068e+08	9.999713e-01,	-4.69743e-03	
69	1.069069e+08	9.999712e-01,	-4.70184e-03	
70	1.070070e+08	9.999712e-01,	-4.70624e-03	
71	1.071071e+08	9.999711e-01,	-4.71064e-03	
72	1.072072e+08	9.999711e-01,	-4.71504e-03	
73	1.073073e+08	9.999710e-01,	-4.71944e-03	
74	1.074074e+08	9.999710e-01,	-4.72385e-03	
75	1.075075e+08	9.999709e-01,	-4.72825e-03	
76	1.076076e+08	9.999709e-01,	-4.73265e-03	
77	1.077077e+08	9.999708e-01,	-4.73705e-03	
78	1.078078e+08	9.999708e-01,	-4.74145e-03	
79	1.079079e+08	9.999707e-01,	-4.74586e-03	
80	1.080080e+08	9.999707e-01,	-4.75026e-03	
81	1.081081e+08	9.999706e-01,	-4.75466e-03	
82	1.082082e+08	9.999705e-01,	-4.75906e-03	
83	1.083083e+08	9.999705e-01,	-4.76347e-03	
84	1.084084e+08	9.999704e-01,	-4.76787e-03	
85	1.085085e+08	9.999704e-01,	-4.77227e-03	
86	1.086086e+08	9.999703e-01,	-4.77667e-03	
87	1.087087e+08	9.999703e-01,	-4.78107e-03	
88	1.088088e+08	9.999702e-01,	-4.78548e-03	
89	1.089089e+08	9.999702e-01,	-4.78988e-03	
90	1.090090e+08	9.999701e-01,	-4.79428e-03	
91	1.091091e+08	9.999700e-01,	-4.79868e-03	
92	1.092092e+08	9.999700e-01,	-4.80308e-03	
93	1.093093e+08	9.999699e-01,	-4.80749e-03	
94	1.094094e+08	9.999699e-01,	-4.81189e-03	
95	1.095095e+08	9.999698e-01,	-4.81629e-03	
96	1.096096e+08	9.999698e-01,	-4.82069e-03	
97	1.097097e+08	9.999697e-01,	-4.82510e-03	
98	1.098098e+08	9.999697e-01,	-4.82950e-03	
99	1.099099e+08	9.999696e-01,	-4.83390e-03	
100	1.100100e+08	9.999696e-01,	-4.83830e-03	
101	1.101101e+08	9.999695e-01,	-4.84270e-03	
102	1.102102e+08	9.999694e-01,	-4.84711e-03	
103	1.103103e+08	9.999694e-01,	-4.85151e-03	
104	1.104104e+08	9.999693e-01,	-4.85591e-03	
105	1.105105e+08	9.999693e-01,	-4.86031e-03	
106	1.106106e+08	9.999692e-01,	-4.86471e-03	
107	1.107107e+08	9.999692e-01,	-4.86912e-03	
108	1.108108e+08	9.999691e-01,	-4.87352e-03	
109	1.109109e+08	9.999691e-01,	-4.87792e-03	
110	1.110110e+08	9.999690e-01,	-4.88232e-03	
111	1.111111e+08	9.999689e-01,	-4.88672e-03	
112	1.112112e+08	9.999689e-01,	-4.89113e-03	

Index   frequency       s11                             
--------------------------------------------------------------------------------
113	1.113113e+08	9.999688e-01,	-4.89553e-03	
114	1.114114e+08	9.999688e-01,	-4.89993e-03	
115	1.115115e+08	9.999687e-01,	-4.90433e-03	
116	1.116116e+08	9.999687e-01,	-4.90873e-03	
117	1.117117e+08	9.999686e-01,	-4.91314e-03	
118	1.118118e+08	9.999685e-01,	-4.91754e-03	
119	1.119119e+08	9.999685e-01,	-4.92194e-03	
120	1.120120e+08	9.999684e-01,	-4.92634e-03	
121	1.121121e+08	9.999684e-01,	-4.93075e-03	
122	1.122122e+08	9.999683e-01,	-4.93515e-03	
123	1.123123e+08	9.999683e-01,	-4.93955e-03	
124	1.124124e+08	9.999682e-01,	-4.94395e-03	
125	1.125125e+08	9.999682e-01,	-4.94835e-03	
126	1.126126e+08	9.999681e-01,	-4.95276e-03	
127	1.127127e+08	9.999680e-01,	-4.95716e-03	
128	1.128128e+08	9.999680e-01,	-4.96156e-03	
129	1.129129e+08	9.999679e-01,	-4.96596e-03	
130	1.130130e+08	9.999679e-01,	-4.97036e-03	
131	1.131131e+08	9.999678e-01,	-4.97477e-03	
132	1.132132e+08	9.999678e-01,	-4.97917e-03	
133	1.133133e+08	9.999677e-01,	-4.98357e-03	
134	1.134134e+08	9.999676e-01,	-4.98797e-03	
135	1.135135e+08	9.999676e-01,	-4.99237e-03	
136	1.136136e+08	9.999675e-01,	-4.99678e-03	
137	1.137137e+08	9.999675e-01,	-5.00118e-03	
138	1.138138e+08	9.999674e-01,	-5.00558e-03	
139	1.139139e+08	9.999674e-01,	-5.00998e-03	
140	1.140140e+08	9.999673e-01,	-5.01438e-03	
141	1.141141e+08	9.999672e-01,	-5.01879e-03	
142	1.142142e+08	9.999672e-01,	-5.02319e-03	
143	1.143143e+08	9.999671e-01,	-5.02759e-03	
144	1.144144e+08	9.999671e-01,	-5.03199e-03	
145	1.145145e+08	9.999670e-01,	-5.03640e-03	
146	1.146146e+08	9.999670e-01,	-5.04080e-03	
147	1.147147e+08	9.999669e-01,	-5.04520e-03	
148	1.148148e+08	9.999668e-01,	-5.04960e-03	
149	1.149149e+08	9.999668e-01,	-5.05400e-03	
150	1.150150e+08	9.999667e-01,	-5.05841e-03	
151	1.151151e+08	9.999667e-01,	-5.06281e-03	
152	1.152152e+08	9.999666e-01,	-5.06721e-03	
153	1.153153e+08	9.999665e-01,	-5.07161e-03	
154	1.154154e+08	9.999665e-01,	-5.07601e-03	
155	1.155155e+08	9.999664e-01,	-5.08042e-03	
156	1.156156e+08	9.999664e-01,	-5.08482e-03	
157	1.157157e+08	9.999663e-01,	-5.08922e-03	
158	1.158158e+08	9.999663e-01,	-5.09362e-03	
159	1.159159e+08	9.999662e-01,	-5.09802e-03	
160	1.160160e+08	9.999661e-01,	-5.10243e-03	
161	1.161161e+08	9.999661e-01,	-5.10683e-03	
162	1.162162e+08	9.999660e-01,	-5.11123e-03	
163	1.163163e+08	9.999660e-01,	-5.11563e-03	
164	1.164164e+08	9.999659e-01,	-5.12003e-03	
165	1.165165e+08	9.999658e-01,	-5.12444e-03	
166	1.166166e+08	9.999658e-01,	-5.12884e-03	
167	1.167167e+08	9.999657e-01,	-5.13324e-03	
168	1.168168e+08	9.999657e-01,	-5.13764e-03	
169	1.169169e+08	9.999656e-01,	-5.14204e-03	
170	1.170170e+08	9.999656e-01,	-5.14645e-03	

Index   frequency       s11                             
--------------------------------------------------------------------------------
171	1.171171e+08	9.999655e-01,	-5.15085e-03	
172	1.172172e+08	9.999654e-01,	-5.15525e-03	
173	1.173173e+08	9.999654e-01,	-5.15965e-03	
174	1.174174e+08	9.999653e-01,	-5.16405e-03	
175	1.175175e+08	9.999653e-01,	-5.16846e-03	
176	1.176176e+08	9.999652e-01,	-5.17286e-03	
177	1.177177e+08	9.999651e-01,	-5.17726e-03	
178	1.178178e+08	9.999651e-01,	-5.18166e-03	
179	1.179179e+08	9.999650e-01,	-5.18606e-03	
180	1.180180e+08	9.999650e-01,	-5.19047e-03	
181	1.181181e+08	9.999649e-01,	-5.19487e-03	
182	1.182182e+08	9.999648e-01,	-5.19927e-03	
183	1.183183e+08	9.999648e-01,	-5.20367e-03	
184	1.184184e+08	9.999647e-01,	-5.20808e-03	
185	1.185185e+08	9.999647e-01,	-5.21248e-03	
186	1.186186e+08	9.999646e-01,	-5.21688e-03	
187	1.187187e+08	9.999645e-01,	-5.22128e-03	
188	1.188188e+08	9.999645e-01,	-5.22568e-03	
189	1.189189e+08	9.999644e-01,	-5.23009e-03	
190	1.190190e+08	9.999644e-01,	-5.23449e-03	
191	1.191191e+08	9.999643e-01,	-5.23889e-03	
192	1.192192e+08	9.999642e-01,	-5.24329e-03	
193	1.193193e+08	9.999642e-01,	-5.24769e-03	
194	1.194194e+08	9.999641e-01,	-5.25210e-03	
195	1.195195e+08	9.999641e-01,	-5.25650e-03	
196	1.196196e+08	9.999640e-01,	-5.26090e-03	
197	1.197197e+08	9.999639e-01,	-5.26530e-03	
198	1.198198e+08	9.999639e-01,	-5.26970e-03	
199	1.199199e+08	9.999638e-01,	-5.27411e-03	
200	1.200200e+08	9.999638e-01,	-5.27851e-03	
201	1.201201e+08	9.999637e-01,	-5.28291e-03	
202	1.202202e+08	9.999636e-01,	-5.28731e-03	
203	1.203203e+08	9.999636e-01,	-5.29171e-03	
204	1.204204e+08	9.999635e-01,	-5.29612e-03	
205	1.205205e+08	9.999635e-01,	-5.30052e-03	
206	1.206206e+08	9.999634e-01,	-5.30492e-03	
207	1.207207e+08	9.999633e-01,	-5.30932e-03	
208	1.208208e+08	9.999633e-01,	-5.31372e-03	
209	1.209209e+08	9.999632e-01,	-5.31813e-03	
210	1.210210e+08	9.999632e-01,	-5.32253e-03	
211	1.211211e+08	9.999631e-01,	-5.32693e-03	
212	1.212212e+08	9.999630e-01,	-5.33133e-03	
213	1.213213e+08	9.999630e-01,	-5.33573e-03	
214	1.214214e+08	9.999629e-01,	-5.34014e-03	
215	1.215215e+08	9.999628e-01,	-5.34454e-03	
216	1.216216e+08	9.999628e-01,	-5.34894e-03	
217	1.217217e+08	9.999627e-01,	-5.35334e-03	
218	1.218218e+08	9.999627e-01,	-5.35774e-03	
219	1.219219e+08	9.999626e-01,	-5.36215e-03	
220	1.220220e+08	9.999625e-01,	-5.36655e-03	
221	1.221221e+08	9.999625e-01,	-5.37095e-03	
222	1.222222e+08	9.999624e-01,	-5.37535e-03	
223	1.223223e+08	9.999624e-01,	-5.37975e-03	
224	1.224224e+08	9.999623e-01,	-5.38416e-03	
225	1.225225e+08	9.999622e-01,	-5.38856e-03	
226	1.226226e+08	9.999622e-01,	-5.39296e-03	
227	1.227227e+08	9.999621e-01,	-5.39736e-03	
228	1.228228e+08	9.999620e-01,	-5.40176e-03	

Index   frequency       s11                             
--------------------------------------------------------------------------------
229	1.229229e+08	9.999620e-01,	-5.40617e-03	
230	1.230230e+08	9.999619e-01,	-5.41057e-03	
231	1.231231e+08	9.999619e-01,	-5.41497e-03	
232	1.232232e+08	9.999618e-01,	-5.41937e-03	
233	1.233233e+08	9.999617e-01,	-5.42377e-03	
234	1.234234e+08	9.999617e-01,	-5.42818e-03	
235	1.235235e+08	9.999616e-01,	-5.43258e-03	
236	1.236236e+08	9.999616e-01,	-5.43698e-03	
237	1.237237e+08	9.999615e-01,	-5.44138e-03	
238	1.238238e+08	9.999614e-01,	-5.44578e-03	
239	1.239239e+08	9.999614e-01,	-5.45018e-03	
240	1.240240e+08	9.999613e-01,	-5.45459e-03	
241	1.241241e+08	9.999612e-01,	-5.45899e-03	
242	1.242242e+08	9.999612e-01,	-5.46339e-03	
243	1.243243e+08	9.999611e-01,	-5.46779e-03	
244	1.244244e+08	9.999611e-01,	-5.47219e-03	
245	1.245245e+08	9.999610e-01,	-5.47660e-03	
246	1.246246e+08	9.999609e-01,	-5.48100e-03	
247	1.247247e+08	9.999609e-01,	-5.48540e-03	
248	1.248248e+08	9.999608e-01,	-5.48980e-03	
249	1.249249e+08	9.999607e-01,	-5.49420e-03	
250	1.250250e+08	9.999607e-01,	-5.49861e-03	
251	1.251251e+08	9.999606e-01,	-5.50301e-03	
252	1.252252e+08	9.999605e-01,	-5.50741e-03	
253	1.253253e+08	9.999605e-01,	-5.51181e-03	
254	1.254254e+08	9.999604e-01,	-5.51621e-03	
255	1.255255e+08	9.999604e-01,	-5.52062e-03	
256	1.256256e+08	9.999603e-01,	-5.52502e-03	
257	1.257257e+08	9.999602e-01,	-5.52942e-03	
258	1.258258e+08	9.999602e-01,	-5.53382e-03	
259	1.259259e+08	9.999601e-01,	-5.53822e-03	
260	1.260260e+08	9.999600e-01,	-5.54263e-03	
261	1.261261e+08	9.999600e-01,	-5.54703e-03	
262	1.262262e+08	9.999599e-01,	-5.55143e-03	
263	1.263263e+08	9.999599e-01,	-5.55583e-03	
264	1.264264e+08	9.999598e-01,	-5.56023e-03	
265	1.265265e+08	9.999597e-01,	-5.56464e-03	
266	1.266266e+08	9.999597e-01,	-5.56904e-03	
267	1.267267e+08	9.999596e-01,	-5.57344e-03	
268	1.268268e+08	9.999595e-01,	-5.57784e-03	
269	1.269269e+08	9.999595e-01,	-5.58224e-03	
270	1.270270e+08	9.999594e-01,	-5.58665e-03	
271	1.271271e+08	9.999593e-01,	-5.59105e-03	
272	1.272272e+08	9.999593e-01,	-5.59545e-03	
273	1.273273e+08	9.999592e-01,	-5.59985e-03	
274	1.274274e+08	9.999591e-01,	-5.60425e-03	
275	1.275275e+08	9.999591e-01,	-5.60866e-03	
276	1.276276e+08	9.999590e-01,	-5.61306e-03	
277	1.277277e+08	9.999590e-01,	-5.61746e-03	
278	1.278278e+08	9.999589e-01,	-5.62186e-03	
279	1.279279e+08	9.999588e-01,	-5.62626e-03	
280	1.280280e+08	9.999588e-01,	-5.63066e-03	
281	1.281281e+08	9.999587e-01,	-5.63507e-03	
282	1.282282e+08	9.999586e-01,	-5.63947e-03	
283	1.283283e+08	9.999586e-01,	-5.64387e-03	
284	1.284284e+08	9.999585e-01,	-5.64827e-03	
285	1.285285e+08	9.999584e-01,	-5.65267e-03	
286	1.286286e+08	9.999584e-01,	-5.65708e-03	

Index   frequency       s11                             
--------------------------------------------------------------------------------
287	1.287287e+08	9.999583e-01,	-5.66148e-03	
288	1.288288e+08	9.999582e-01,	-5.66588e-03	
289	1.289289e+08	9.999582e-01,	-5.67028e-03	
290	1.290290e+08	9.999581e-01,	-5.67468e-03	
291	1.291291e+08	9.999580e-01,	-5.67909e-03	
292	1.292292e+08	9.999580e-01,	-5.68349e-03	
293	1.293293e+08	9.999579e-01,	-5.68789e-03	
294	1.294294e+08	9.999579e-01,	-5.69229e-03	
295	1.295295e+08	9.999578e-01,	-5.69669e-03	
296	1.296296e+08	9.999577e-01,	-5.70110e-03	
297	1.297297e+08	9.999577e-01,	-5.70550e-03	
298	1.298298e+08	9.999576e-01,	-5.70990e-03	
299	1.299299e+08	9.999575e-01,	-5.71430e-03	
300	1.300300e+08	9.999575e-01,	-5.71870e-03	
301	1.301301e+08	9.999574e-01,	-5.72310e-03	
302	1.302302e+08	9.999573e-01,	-5.72751e-03	
303	1.303303e+08	9.999573e-01,	-5.73191e-03	
304	1.304304e+08	9.999572e-01,	-5.73631e-03	
305	1.305305e+08	9.999571e-01,	-5.74071e-03	
306	1.306306e+08	9.999571e-01,	-5.74511e-03	
307	1.307307e+08	9.999570e-01,	-5.74952e-03	
308	1.308308e+08	9.999569e-01,	-5.75392e-03	
309	1.309309e+08	9.999569e-01,	-5.75832e-03	
310	1.310310e+08	9.999568e-01,	-5.76272e-03	
311	1.311311e+08	9.999567e-01,	-5.76712e-03	
312	1.312312e+08	9.999567e-01,	-5.77153e-03	
313	1.313313e+08	9.999566e-01,	-5.77593e-03	
314	1.314314e+08	9.999565e-01,	-5.78033e-03	
315	1.315315e+08	9.999565e-01,	-5.78473e-03	
316	1.316316e+08	9.999564e-01,	-5.78913e-03	
317	1.317317e+08	9.999563e-01,	-5.79354e-03	
318	1.318318e+08	9.999563e-01,	-5.79794e-03	
319	1.319319e+08	9.999562e-01,	-5.80234e-03	
320	1.320320e+08	9.999561e-01,	-5.80674e-03	
321	1.321321e+08	9.999561e-01,	-5.81114e-03	
322	1.322322e+08	9.999560e-01,	-5.81554e-03	
323	1.323323e+08	9.999559e-01,	-5.81995e-03	
324	1.324324e+08	9.999559e-01,	-5.82435e-03	
325	1.325325e+08	9.999558e-01,	-5.82875e-03	
326	1.326326e+08	9.999557e-01,	-5.83315e-03	
327	1.327327e+08	9.999557e-01,	-5.83755e-03	
328	1.328328e+08	9.999556e-01,	-5.84196e-03	
329	1.329329e+08	9.999555e-01,	-5.84636e-03	
330	1.330330e+08	9.999555e-01,	-5.85076e-03	
331	1.331331e+08	9.999554e-01,	-5.85516e-03	
332	1.332332e+08	9.999553e-01,	-5.85956e-03	
333	1.333333e+08	9.999553e-01,	-5.86397e-03	
334	1.334334e+08	9.999552e-01,	-5.86837e-03	
335	1.335335e+08	9.999551e-01,	-5.87277e-03	
336	1.336336e+08	9.999551e-01,	-5.87717e-03	
337	1.337337e+08	9.999550e-01,	-5.88157e-03	
338	1.338338e+08	9.999549e-01,	-5.88597e-03	
339	1.339339e+08	9.999549e-01,	-5.89038e-03	
340	1.340340e+08	9.999548e-01,	-5.89478e-03	
341	1.341341e+08	9.999547e-01,	-5.89918e-03	
342	1.342342e+08	9.999547e-01,	-5.90358e-03	
343	1.343343e+08	9.999546e-01,	-5.90798e-03	
344	1.344344e+08	9.999545e-01,	-5.91239e-03	

Index   frequency       s11                             
--------------------------------------------------------------------------------
345	1.345345e+08	9.999545e-01,	-5.91679e-03	
346	1.346346e+08	9.999544e-01,	-5.92119e-03	
347	1.347347e+08	9.999543e-01,	-5.92559e-03	
348	1.348348e+08	9.999543e-01,	-5.92999e-03	
349	1.349349e+08	9.999542e-01,	-5.93439e-03	
350	1.350350e+08	9.999541e-01,	-5.93880e-03	
351	1.351351e+08	9.999541e-01,	-5.94320e-03	
352	1.352352e+08	9.999540e-01,	-5.94760e-03	
353	1.353353e+08	9.999539e-01,	-5.95200e-03	
354	1.354354e+08	9.999539e-01,	-5.95640e-03	
355	1.355355e+08	9.999538e-01,	-5.96081e-03	
356	1.356356e+08	9.999537e-01,	-5.96521e-03	
357	1.357357e+08	9.999536e-01,	-5.96961e-03	
358	1.358358e+08	9.999536e-01,	-5.97401e-03	
359	1.359359e+08	9.999535e-01,	-5.97841e-03	
360	1.360360e+08	9.999534e-01,	-5.98282e-03	
361	1.361361e+08	9.999534e-01,	-5.98722e-03	
362	1.362362e+08	9.999533e-01,	-5.99162e-03	
363	1.363363e+08	9.999532e-01,	-5.99602e-03	
364	1.364364e+08	9.999532e-01,	-6.00042e-03	
365	1.365365e+08	9.999531e-01,	-6.00482e-03	
366	1.366366e+08	9.999530e-01,	-6.00923e-03	
367	1.367367e+08	9.999530e-01,	-6.01363e-03	
368	1.368368e+08	9.999529e-01,	-6.01803e-03	
369	1.369369e+08	9.999528e-01,	-6.02243e-03	
370	1.370370e+08	9.999528e-01,	-6.02683e-03	
371	1.371371e+08	9.999527e-01,	-6.03124e-03	
372	1.372372e+08	9.999526e-01,	-6.03564e-03	
373	1.373373e+08	9.999525e-01,	-6.04004e-03	
374	1.374374e+08	9.999525e-01,	-6.04444e-03	
375	1.375375e+08	9.999524e-01,	-6.04884e-03	
376	1.376376e+08	9.999523e-01,	-6.05324e-03	
377	1.377377e+08	9.999523e-01,	-6.05765e-03	
378	1.378378e+08	9.999522e-01,	-6.06205e-03	
379	1.379379e+08	9.999521e-01,	-6.06645e-03	
380	1.380380e+08	9.999521e-01,	-6.07085e-03	
381	1.381381e+08	9.999520e-01,	-6.07525e-03	
382	1.382382e+08	9.999519e-01,	-6.07966e-03	
383	1.383383e+08	9.999519e-01,	-6.08406e-03	
384	1.384384e+08	9.999518e-01,	-6.08846e-03	
385	1.385385e+08	9.999517e-01,	-6.09286e-03	
386	1.386386e+08	9.999516e-01,	-6.09726e-03	
387	1.387387e+08	9.999516e-01,	-6.10166e-03	
388	1.388388e+08	9.999515e-01,	-6.10607e-03	
389	1.389389e+08	9.999514e-01,	-6.11047e-03	
390	1.390390e+08	9.999514e-01,	-6.11487e-03	
391	1.391391e+08	9.999513e-01,	-6.11927e-03	
392	1.392392e+08	9.999512e-01,	-6.12367e-03	
393	1.393393e+08	9.999512e-01,	-6.12807e-03	
394	1.394394e+08	9.999511e-01,	-6.13248e-03	
395	1.395395e+08	9.999510e-01,	-6.13688e-03	
396	1.396396e+08	9.999509e-01,	-6.14128e-03	
397	1.397397e+08	9.999509e-01,	-6.14568e-03	
398	1.398398e+08	9.999508e-01,	-6.15008e-03	
399	1.399399e+08	9.999507e-01,	-6.15449e-03	
400	1.400400e+08	9.999507e-01,	-6.15889e-03	
401	1.401401e+08	9.999506e-01,	-6.16329e-03	
402	1.402402e+08	9.999505e-01,	-6.16769e-03	

Index   frequency       s11                             
--------------------------------------------------------------------------------
403	1.403403e+08	9.999504e-01,	-6.17209e-03	
404	1.404404e+08	9.999504e-01,	-6.17649e-03	
405	1.405405e+08	9.999503e-01,	-6.18090e-03	
406	1.406406e+08	9.999502e-01,	-6.18530e-03	
407	1.407407e+08	9.999502e-01,	-6.18970e-03	
408	1.408408e+08	9.999501e-01,	-6.19410e-03	
409	1.409409e+08	9.999500e-01,	-6.19850e-03	
410	1.410410e+08	9.999500e-01,	-6.20291e-03	
411	1.411411e+08	9.999499e-01,	-6.20731e-03	
412	1.412412e+08	9.999498e-01,	-6.21171e-03	
413	1.413413e+08	9.999497e-01,	-6.21611e-03	
414	1.414414e+08	9.999497e-01,	-6.22051e-03	
415	1.415415e+08	9.999496e-01,	-6.22491e-03	
416	1.416416e+08	9.999495e-01,	-6.22932e-03	
417	1.417417e+08	9.999495e-01,	-6.23372e-03	
418	1.418418e+08	9.999494e-01,	-6.23812e-03	
419	1.419419e+08	9.999493e-01,	-6.24252e-03	
420	1.420420e+08	9.999492e-01,	-6.24692e-03	
421	1.421421e+08	9.999492e-01,	-6.25132e-03	
422	1.422422e+08	9.999491e-01,	-6.25573e-03	
423	1.423423e+08	9.999490e-01,	-6.26013e-03	
424	1.424424e+08	9.999490e-01,	-6.26453e-03	
425	1.425425e+08	9.999489e-01,	-6.26893e-03	
426	1.426426e+08	9.999488e-01,	-6.27333e-03	
427	1.427427e+08	9.999487e-01,	-6.27774e-03	
428	1.428428e+08	9.999487e-01,	-6.28214e-03	
429	1.429429e+08	9.999486e-01,	-6.28654e-03	
430	1.430430e+08	9.999485e-01,	-6.29094e-03	
431	1.431431e+08	9.999485e-01,	-6.29534e-03	
432	1.432432e+08	9.999484e-01,	-6.29974e-03	
433	1.433433e+08	9.999483e-01,	-6.30415e-03	
434	1.434434e+08	9.999482e-01,	-6.30855e-03	
435	1.435435e+08	9.999482e-01,	-6.31295e-03	
436	1.436436e+08	9.999481e-01,	-6.31735e-03	
437	1.437437e+08	9.999480e-01,	-6.32175e-03	
438	1.438438e+08	9.999479e-01,	-6.32615e-03	
439	1.439439e+08	9.999479e-01,	-6.33056e-03	
440	1.440440e+08	9.999478e-01,	-6.33496e-03	
441	1.441441e+08	9.999477e-01,	-6.33936e-03	
442	1.442442e+08	9.999477e-01,	-6.34376e-03	
443	1.443443e+08	9.999476e-01,	-6.34816e-03	
444	1.444444e+08	9.999475e-01,	-6.35256e-03	
445	1.445445e+08	9.999474e-01,	-6.35697e-03	
446	1.446446e+08	9.999474e-01,	-6.36137e-03	
447	1.447447e+08	9.999473e-01,	-6.36577e-03	
448	1.448448e+08	9.999472e-01,	-6.37017e-03	
449	1.449449e+08	9.999471e-01,	-6.37457e-03	
450	1.450450e+08	9.999471e-01,	-6.37898e-03	
451	1.451451e+08	9.999470e-01,	-6.38338e-03	
452	1.452452e+08	9.999469e-01,	-6.38778e-03	
453	1.453453e+08	9.999469e-01,	-6.39218e-03	
454	1.454454e+08	9.999468e-01,	-6.39658e-03	
455	1.455455e+08	9.999467e-01,	-6.40098e-03	
456	1.456456e+08	9.999466e-01,	-6.40539e-03	
457	1.457457e+08	9.999466e-01,	-6.40979e-03	
458	1.458458e+08	9.999465e-01,	-6.41419e-03	
459	1.459459e+08	9.999464e-01,	-6.41859e-03	
460	1.460460e+08	9.999463e-01,	-6.42299e-03	

Index   frequency       s11                             
--------------------------------------------------------------------------------
461	1.461461e+08	9.999463e-01,	-6.42739e-03	
462	1.462462e+08	9.999462e-01,	-6.43180e-03	
463	1.463463e+08	9.999461e-01,	-6.43620e-03	
464	1.464464e+08	9.999460e-01,	-6.44060e-03	
465	1.465465e+08	9.999460e-01,	-6.44500e-03	
466	1.466466e+08	9.999459e-01,	-6.44940e-03	
467	1.467467e+08	9.999458e-01,	-6.45380e-03	
468	1.468468e+08	9.999457e-01,	-6.45821e-03	
469	1.469469e+08	9.999457e-01,	-6.46261e-03	
470	1.470470e+08	9.999456e-01,	-6.46701e-03	
471	1.471471e+08	9.999455e-01,	-6.47141e-03	
472	1.472472e+08	9.999455e-01,	-6.47581e-03	
473	1.473473e+08	9.999454e-01,	-6.48021e-03	
474	1.474474e+08	9.999453e-01,	-6.48462e-03	
475	1.475475e+08	9.999452e-01,	-6.48902e-03	
476	1.476476e+08	9.999452e-01,	-6.49342e-03	
477	1.477477e+08	9.999451e-01,	-6.49782e-03	
478	1.478478e+08	9.999450e-01,	-6.50222e-03	
479	1.479479e+08	9.999449e-01,	-6.50662e-03	
480	1.480480e+08	9.999449e-01,	-6.51103e-03	
481	1.481481e+08	9.999448e-01,	-6.51543e-03	
482	1.482482e+08	9.999447e-01,	-6.51983e-03	
483	1.483483e+08	9.999446e-01,	-6.52423e-03	
484	1.484484e+08	9.999446e-01,	-6.52863e-03	
485	1.485485e+08	9.999445e-01,	-6.53303e-03	
486	1.486486e+08	9.999444e-01,	-6.53744e-03	
487	1.487487e+08	9.999443e-01,	-6.54184e-03	
488	1.488488e+08	9.999443e-01,	-6.54624e-03	
489	1.489489e+08	9.999442e-01,	-6.55064e-03	
490	1.490490e+08	9.999441e-01,	-6.55504e-03	
491	1.491491e+08	9.999440e-01,	-6.55944e-03	
492	1.492492e+08	9.999440e-01,	-6.56385e-03	
493	1.493493e+08	9.999439e-01,	-6.56825e-03	
494	1.494494e+08	9.999438e-01,	-6.57265e-03	
495	1.495495e+08	9.999437e-01,	-6.57705e-03	
496	1.496496e+08	9.999437e-01,	-6.58145e-03	
497	1.497497e+08	9.999436e-01,	-6.58585e-03	
498	1.498498e+08	9.999435e-01,	-6.59026e-03	
499	1.499499e+08	9.999434e-01,	-6.59466e-03	
500	1.500501e+08	9.999434e-01,	-6.59906e-03	
501	1.501502e+08	9.999433e-01,	-6.60346e-03	
502	1.502503e+08	9.999432e-01,	-6.60786e-03	
503	1.503504e+08	9.999431e-01,	-6.61226e-03	
504	1.504505e+08	9.999431e-01,	-6.61667e-03	
505	1.505506e+08	9.999430e-01,	-6.62107e-03	
506	1.506507e+08	9.999429e-01,	-6.62547e-03	
507	1.507508e+08	9.999428e-01,	-6.62987e-03	
508	1.508509e+08	9.999428e-01,	-6.63427e-03	
509	1.509510e+08	9.999427e-01,	-6.63867e-03	
510	1.510511e+08	9.999426e-01,	-6.64308e-03	
511	1.511512e+08	9.999425e-01,	-6.64748e-03	
512	1.512513e+08	9.999424e-01,	-6.65188e-03	
513	1.513514e+08	9.999424e-01,	-6.65628e-03	
514	1.514515e+08	9.999423e-01,	-6.66068e-03	
515	1.515516e+08	9.999422e-01,	-6.66508e-03	
516	1.516517e+08	9.999421e-01,	-6.66949e-03	
517	1.517518e+08	9.999421e-01,	-6.67389e-03	
518	1.518519e+08	9.999420e-01,	-6.67829e-03	

Index   frequency       s11                             
--------------------------------------------------------------------------------
519	1.519520e+08	9.999419e-01,	-6.68269e-03	
520	1.520521e+08	9.999418e-01,	-6.68709e-03	
521	1.521522e+08	9.999418e-01,	-6.69149e-03	
522	1.522523e+08	9.999417e-01,	-6.69590e-03	
523	1.523524e+08	9.999416e-01,	-6.70030e-03	
524	1.524525e+08	9.999415e-01,	-6.70470e-03	
525	1.525526e+08	9.999415e-01,	-6.70910e-03	
526	1.526527e+08	9.999414e-01,	-6.71350e-03	
527	1.527528e+08	9.999413e-01,	-6.71790e-03	
528	1.528529e+08	9.999412e-01,	-6.72231e-03	
529	1.529530e+08	9.999411e-01,	-6.72671e-03	
530	1.530531e+08	9.999411e-01,	-6.73111e-03	
531	1.531532e+08	9.999410e-01,	-6.73551e-03	
532	1.532533e+08	9.999409e-01,	-6.73991e-03	
533	1.533534e+08	9.999408e-01,	-6.74431e-03	
534	1.534535e+08	9.999408e-01,	-6.74872e-03	
535	1.535536e+08	9.999407e-01,	-6.75312e-03	
536	1.536537e+08	9.999406e-01,	-6.75752e-03	
537	1.537538e+08	9.999405e-01,	-6.76192e-03	
538	1.538539e+08	9.999404e-01,	-6.76632e-03	
539	1.539540e+08	9.999404e-01,	-6.77072e-03	
540	1.540541e+08	9.999403e-01,	-6.77513e-03	
541	1.541542e+08	9.999402e-01,	-6.77953e-03	
542	1.542543e+08	9.999401e-01,	-6.78393e-03	
543	1.543544e+08	9.999401e-01,	-6.78833e-03	
544	1.544545e+08	9.999400e-01,	-6.79273e-03	
545	1.545546e+08	9.999399e-01,	-6.79713e-03	
546	1.546547e+08	9.999398e-01,	-6.80153e-03	
547	1.547548e+08	9.999397e-01,	-6.80594e-03	
548	1.548549e+08	9.999397e-01,	-6.81034e-03	
549	1.549550e+08	9.999396e-01,	-6.81474e-03	
550	1.550551e+08	9.999395e-01,	-6.81914e-03	
551	1.551552e+08	9.999394e-01,	-6.82354e-03	
552	1.552553e+08	9.999394e-01,	-6.82794e-03	
553	1.553554e+08	9.999393e-01,	-6.83235e-03	
554	1.554555e+08	9.999392e-01,	-6.83675e-03	
555	1.555556e+08	9.999391e-01,	-6.84115e-03	
556	1.556557e+08	9.999390e-01,	-6.84555e-03	
557	1.557558e+08	9.999390e-01,	-6.84995e-03	
558	1.558559e+08	9.999389e-01,	-6.85435e-03	
559	1.559560e+08	9.999388e-01,	-6.85876e-03	
560	1.560561e+08	9.999387e-01,	-6.86316e-03	
561	1.561562e+08	9.999387e-01,	-6.86756e-03	
562	1.562563e+08	9.999386e-01,	-6.87196e-03	
563	1.563564e+08	9.999385e-01,	-6.87636e-03	
564	1.564565e+08	9.999384e-01,	-6.88076e-03	
565	1.565566e+08	9.999383e-01,	-6.88516e-03	
566	1.566567e+08	9.999383e-01,	-6.88957e-03	
567	1.567568e+08	9.999382e-01,	-6.89397e-03	
568	1.568569e+08	9.999381e-01,	-6.89837e-03	
569	1.569570e+08	9.999380e-01,	-6.90277e-03	
570	1.570571e+08	9.999379e-01,	-6.90717e-03	
571	1.571572e+08	9.999379e-01,	-6.91157e-03	
572	1.572573e+08	9.999378e-01,	-6.91598e-03	
573	1.573574e+08	9.999377e-01,	-6.92038e-03	
574	1.574575e+08	9.999376e-01,	-6.92478e-03	
575	1.575576e+08	9.999375e-01,	-6.92918e-03	
576	1.576577e+08	9.999375e-01,	-6.93358e-03	

Index   frequency       s11                             
--------------------------------------------------------------------------------
577	1.577578e+08	9.999374e-01,	-6.93798e-03	
578	1.578579e+08	9.999373e-01,	-6.94239e-03	
579	1.579580e+08	9.999372e-01,	-6.94679e-03	
580	1.580581e+08	9.999371e-01,	-6.95119e-03	
581	1.581582e+08	9.999371e-01,	-6.95559e-03	
582	1.582583e+08	9.999370e-01,	-6.95999e-03	
583	1.583584e+08	9.999369e-01,	-6.96439e-03	
584	1.584585e+08	9.999368e-01,	-6.96879e-03	
585	1.585586e+08	9.999368e-01,	-6.97320e-03	
586	1.586587e+08	9.999367e-01,	-6.97760e-03	
587	1.587588e+08	9.999366e-01,	-6.98200e-03	
588	1.588589e+08	9.999365e-01,	-6.98640e-03	
589	1.589590e+08	9.999364e-01,	-6.99080e-03	
590	1.590591e+08	9.999364e-01,	-6.99520e-03	
591	1.591592e+08	9.999363e-01,	-6.99961e-03	
592	1.592593e+08	9.999362e-01,	-7.00401e-03	
593	1.593594e+08	9.999361e-01,	-7.00841e-03	
594	1.594595e+08	9.999360e-01,	-7.01281e-03	
595	1.595596e+08	9.999360e-01,	-7.01721e-03	
596	1.596597e+08	9.999359e-01,	-7.02161e-03	
597	1.597598e+08	9.999358e-01,	-7.02601e-03	
598	1.598599e+08	9.999357e-01,	-7.03042e-03	
599	1.599600e+08	9.999356e-01,	-7.03482e-03	
600	1.600601e+08	9.999355e-01,	-7.03922e-03	
601	1.601602e+08	9.999355e-01,	-7.04362e-03	
602	1.602603e+08	9.999354e-01,	-7.04802e-03	
603	1.603604e+08	9.999353e-01,	-7.05242e-03	
604	1.604605e+08	9.999352e-01,	-7.05683e-03	
605	1.605606e+08	9.999351e-01,	-7.06123e-03	
606	1.606607e+08	9.999351e-01,	-7.06563e-03	
607	1.607608e+08	9.999350e-01,	-7.07003e-03	
608	1.608609e+08	9.999349e-01,	-7.07443e-03	
609	1.609610e+08	9.999348e-01,	-7.07883e-03	
610	1.610611e+08	9.999347e-01,	-7.08323e-03	
611	1.611612e+08	9.999347e-01,	-7.08764e-03	
612	1.612613e+08	9.999346e-01,	-7.09204e-03	
613	1.613614e+08	9.999345e-01,	-7.09644e-03	
614	1.614615e+08	9.999344e-01,	-7.10084e-03	
615	1.615616e+08	9.999343e-01,	-7.10524e-03	
616	1.616617e+08	9.999343e-01,	-7.10964e-03	
617	1.617618e+08	9.999342e-01,	-7.11404e-03	
618	1.618619e+08	9.999341e-01,	-7.11845e-03	
619	1.619620e+08	9.999340e-01,	-7.12285e-03	
620	1.620621e+08	9.999339e-01,	-7.12725e-03	
621	1.621622e+08	9.999338e-01,	-7.13165e-03	
622	1.622623e+08	9.999338e-01,	-7.13605e-03	
623	1.623624e+08	9.999337e-01,	-7.14045e-03	
624	1.624625e+08	9.999336e-01,	-7.14486e-03	
625	1.625626e+08	9.999335e-01,	-7.14926e-03	
626	1.626627e+08	9.999334e-01,	-7.15366e-03	
627	1.627628e+08	9.999334e-01,	-7.15806e-03	
628	1.628629e+08	9.999333e-01,	-7.16246e-03	
629	1.629630e+08	9.999332e-01,	-7.16686e-03	
630	1.630631e+08	9.999331e-01,	-7.17126e-03	
631	1.631632e+08	9.999330e-01,	-7.17567e-03	
632	1.632633e+08	9.999329e-01,	-7.18007e-03	
633	1.633634e+08	9.999329e-01,	-7.18447e-03	
634	1.634635e+08	9.999328e-01,	-7.18887e-03	

Index   frequency       s11                             
--------------------------------------------------------------------------------
635	1.635636e+08	9.999327e-01,	-7.19327e-03	
636	1.636637e+08	9.999326e-01,	-7.19767e-03	
637	1.637638e+08	9.999325e-01,	-7.20207e-03	
638	1.638639e+08	9.999324e-01,	-7.20648e-03	
639	1.639640e+08	9.999324e-01,	-7.21088e-03	
640	1.640641e+08	9.999323e-01,	-7.21528e-03	
641	1.641642e+08	9.999322e-01,	-7.21968e-03	
642	1.642643e+08	9.999321e-01,	-7.22408e-03	
643	1.643644e+08	9.999320e-01,	-7.22848e-03	
644	1.644645e+08	9.999320e-01,	-7.23288e-03	
645	1.645646e+08	9.999319e-01,	-7.23729e-03	
646	1.646647e+08	9.999318e-01,	-7.24169e-03	
647	1.647648e+08	9.999317e-01,	-7.24609e-03	
648	1.648649e+08	9.999316e-01,	-7.25049e-03	
649	1.649650e+08	9.999315e-01,	-7.25489e-03	
650	1.650651e+08	9.999315e-01,	-7.25929e-03	
651	1.651652e+08	9.999314e-01,	-7.26369e-03	
652	1.652653e+08	9.999313e-01,	-7.26810e-03	
653	1.653654e+08	9.999312e-01,	-7.27250e-03	
654	1.654655e+08	9.999311e-01,	-7.27690e-03	
655	1.655656e+08	9.999310e-01,	-7.28130e-03	
656	1.656657e+08	9.999310e-01,	-7.28570e-03	
657	1.657658e+08	9.999309e-01,	-7.29010e-03	
658	1.658659e+08	9.999308e-01,	-7.29451e-03	
659	1.659660e+08	9.999307e-01,	-7.29891e-03	
660	1.660661e+08	9.999306e-01,	-7.30331e-03	
661	1.661662e+08	9.999305e-01,	-7.30771e-03	
662	1.662663e+08	9.999305e-01,	-7.31211e-03	
663	1.663664e+08	9.999304e-01,	-7.31651e-03	
664	1.664665e+08	9.999303e-01,	-7.32091e-03	
665	1.665666e+08	9.999302e-01,	-7.32532e-03	
666	1.666667e+08	9.999301e-01,	-7.32972e-03	
667	1.667668e+08	9.999300e-01,	-7.33412e-03	
668	1.668669e+08	9.999299e-01,	-7.33852e-03	
669	1.669670e+08	9.999299e-01,	-7.34292e-03	
670	1.670671e+08	9.999298e-01,	-7.34732e-03	
671	1.671672e+08	9.999297e-01,	-7.35172e-03	
672	1.672673e+08	9.999296e-01,	-7.35613e-03	
673	1.673674e+08	9.999295e-01,	-7.36053e-03	
674	1.674675e+08	9.999294e-01,	-7.36493e-03	
675	1.675676e+08	9.999294e-01,	-7.36933e-03	
676	1.676677e+08	9.999293e-01,	-7.37373e-03	
677	1.677678e+08	9.999292e-01,	-7.37813e-03	
678	1.678679e+08	9.999291e-01,	-7.38253e-03	
679	1.679680e+08	9.999290e-01,	-7.38694e-03	
680	1.680681e+08	9.999289e-01,	-7.39134e-03	
681	1.681682e+08	9.999289e-01,	-7.39574e-03	
682	1.682683e+08	9.999288e-01,	-7.40014e-03	
683	1.683684e+08	9.999287e-01,	-7.40454e-03	
684	1.684685e+08	9.999286e-01,	-7.40894e-03	
685	1.685686e+08	9.999285e-01,	-7.41334e-03	
686	1.686687e+08	9.999284e-01,	-7.41774e-03	
687	1.687688e+08	9.999283e-01,	-7.42215e-03	
688	1.688689e+08	9.999283e-01,	-7.42655e-03	
689	1.689690e+08	9.999282e-01,	-7.43095e-03	
690	1.690691e+08	9.999281e-01,	-7.43535e-03	
691	1.691692e+08	9.999280e-01,	-7.43975e-03	
692	1.692693e+08	9.999279e-01,	-7.44415e-03	

Index   frequency       s11                             
--------------------------------------------------------------------------------
693	1.693694e+08	9.999278e-01,	-7.44855e-03	
694	1.694695e+08	9.999277e-01,	-7.45296e-03	
695	1.695696e+08	9.999277e-01,	-7.45736e-03	
696	1.696697e+08	9.999276e-01,	-7.46176e-03	
697	1.697698e+08	9.999275e-01,	-7.46616e-03	
698	1.698699e+08	9.999274e-01,	-7.47056e-03	
699	1.699700e+08	9.999273e-01,	-7.47496e-03	
700	1.700701e+08	9.999272e-01,	-7.47936e-03	
701	1.701702e+08	9.999271e-01,	-7.48377e-03	
702	1.702703e+08	9.999271e-01,	-7.48817e-03	
703	1.703704e+08	9.999270e-01,	-7.49257e-03	
704	1.704705e+08	9.999269e-01,	-7.49697e-03	
705	1.705706e+08	9.999268e-01,	-7.50137e-03	
706	1.706707e+08	9.999267e-01,	-7.50577e-03	
707	1.707708e+08	9.999266e-01,	-7.51017e-03	
708	1.708709e+08	9.999265e-01,	-7.51458e-03	
709	1.709710e+08	9.999265e-01,	-7.51898e-03	
710	1.710711e+08	9.999264e-01,	-7.52338e-03	
711	1.711712e+08	9.999263e-01,	-7.52778e-03	
712	1.712713e+08	9.999262e-01,	-7.53218e-03	
713	1.713714e+08	9.999261e-01,	-7.53658e-03	
714	1.714715e+08	9.999260e-01,	-7.54098e-03	
715	1.715716e+08	9.999259e-01,	-7.54539e-03	
716	1.716717e+08	9.999259e-01,	-7.54979e-03	
717	1.717718e+08	9.999258e-01,	-7.55419e-03	
718	1.718719e+08	9.999257e-01,	-7.55859e-03	
719	1.719720e+08	9.999256e-01,	-7.56299e-03	
720	1.720721e+08	9.999255e-01,	-7.56739e-03	
721	1.721722e+08	9.999254e-01,	-7.57179e-03	
722	1.722723e+08	9.999253e-01,	-7.57619e-03	
723	1.723724e+08	9.999253e-01,	-7.58060e-03	
724	1.724725e+08	9.999252e-01,	-7.58500e-03	
725	1.725726e+08	9.999251e-01,	-7.58940e-03	
726	1.726727e+08	9.999250e-01,	-7.59380e-03	
727	1.727728e+08	9.999249e-01,	-7.59820e-03	
728	1.728729e+08	9.999248e-01,	-7.60260e-03	
729	1.729730e+08	9.999247e-01,	-7.60700e-03	
730	1.730731e+08	9.999246e-01,	-7.61141e-03	
731	1.731732e+08	9.999246e-01,	-7.61581e-03	
732	1.732733e+08	9.999245e-01,	-7.62021e-03	
733	1.733734e+08	9.999244e-01,	-7.62461e-03	
734	1.734735e+08	9.999243e-01,	-7.62901e-03	
735	1.735736e+08	9.999242e-01,	-7.63341e-03	
736	1.736737e+08	9.999241e-01,	-7.63781e-03	
737	1.737738e+08	9.999240e-01,	-7.64221e-03	
738	1.738739e+08	9.999239e-01,	-7.64662e-03	
739	1.739740e+08	9.999239e-01,	-7.65102e-03	
740	1.740741e+08	9.999238e-01,	-7.65542e-03	
741	1.741742e+08	9.999237e-01,	-7.65982e-03	
742	1.742743e+08	9.999236e-01,	-7.66422e-03	
743	1.743744e+08	9.999235e-01,	-7.66862e-03	
744	1.744745e+08	9.999234e-01,	-7.67302e-03	
745	1.745746e+08	9.999233e-01,	-7.67743e-03	
746	1.746747e+08	9.999232e-01,	-7.68183e-03	
747	1.747748e+08	9.999232e-01,	-7.68623e-03	
748	1.748749e+08	9.999231e-01,	-7.69063e-03	
749	1.749750e+08	9.999230e-01,	-7.69503e-03	
750	1.750751e+08	9.999229e-01,	-7.69943e-03	

Index   frequency       s11                             
--------------------------------------------------------------------------------
751	1.751752e+08	9.999228e-01,	-7.70383e-03	
752	1.752753e+08	9.999227e-01,	-7.70823e-03	
753	1.753754e+08	9.999226e-01,	-7.71264e-03	
754	1.754755e+08	9.999225e-01,	-7.71704e-03	
755	1.755756e+08	9.999224e-01,	-7.72144e-03	
756	1.756757e+08	9.999224e-01,	-7.72584e-03	
757	1.757758e+08	9.999223e-01,	-7.73024e-03	
758	1.758759e+08	9.999222e-01,	-7.73464e-03	
759	1.759760e+08	9.999221e-01,	-7.73904e-03	
760	1.760761e+08	9.999220e-01,	-7.74344e-03	
761	1.761762e+08	9.999219e-01,	-7.74785e-03	
762	1.762763e+08	9.999218e-01,	-7.75225e-03	
763	1.763764e+08	9.999217e-01,	-7.75665e-03	
764	1.764765e+08	9.999217e-01,	-7.76105e-03	
765	1.765766e+08	9.999216e-01,	-7.76545e-03	
766	1.766767e+08	9.999215e-01,	-7.76985e-03	
767	1.767768e+08	9.999214e-01,	-7.77425e-03	
768	1.768769e+08	9.999213e-01,	-7.77866e-03	
769	1.769770e+08	9.999212e-01,	-7.78306e-03	
770	1.770771e+08	9.999211e-01,	-7.78746e-03	
771	1.771772e+08	9.999210e-01,	-7.79186e-03	
772	1.772773e+08	9.999209e-01,	-7.79626e-03	
773	1.773774e+08	9.999208e-01,	-7.80066e-03	
774	1.774775e+08	9.999208e-01,	-7.80506e-03	
775	1.775776e+08	9.999207e-01,	-7.80946e-03	
776	1.776777e+08	9.999206e-01,	-7.81387e-03	
777	1.777778e+08	9.999205e-01,	-7.81827e-03	
778	1.778779e+08	9.999204e-01,	-7.82267e-03	
779	1.779780e+08	9.999203e-01,	-7.82707e-03	
780	1.780781e+08	9.999202e-01,	-7.83147e-03	
781	1.781782e+08	9.999201e-01,	-7.83587e-03	
782	1.782783e+08	9.999200e-01,	-7.84027e-03	
783	1.783784e+08	9.999200e-01,	-7.84467e-03	
784	1.784785e+08	9.999199e-01,	-7.84908e-03	
785	1.785786e+08	9.999198e-01,	-7.85348e-03	
786	1.786787e+08	9.999197e-01,	-7.85788e-03	
787	1.787788e+08	9.999196e-01,	-7.86228e-03	
788	1.788789e+08	9.999195e-01,	-7.86668e-03	
789	1.789790e+08	9.999194e-01,	-7.87108e-03	
790	1.790791e+08	9.999193e-01,	-7.87548e-03	
791	1.791792e+08	9.999192e-01,	-7.87988e-03	
792	1.792793e+08	9.999191e-01,	-7.88429e-03	
793	1.793794e+08	9.999191e-01,	-7.88869e-03	
794	1.794795e+08	9.999190e-01,	-7.89309e-03	
795	1.795796e+08	9.999189e-01,	-7.89749e-03	
796	1.796797e+08	9.999188e-01,	-7.90189e-03	
797	1.797798e+08	9.999187e-01,	-7.90629e-03	
798	1.798799e+08	9.999186e-01,	-7.91069e-03	
799	1.799800e+08	9.999185e-01,	-7.91509e-03	
800	1.800801e+08	9.999184e-01,	-7.91950e-03	
801	1.801802e+08	9.999183e-01,	-7.92390e-03	
802	1.802803e+08	9.999182e-01,	-7.92830e-03	
803	1.803804e+08	9.999181e-01,	-7.93270e-03	
804	1.804805e+08	9.999181e-01,	-7.93710e-03	
805	1.805806e+08	9.999180e-01,	-7.94150e-03	
806	1.806807e+08	9.999179e-01,	-7.94590e-03	
807	1.807808e+08	9.999178e-01,	-7.95030e-03	
808	1.808809e+08	9.999177e-01,	-7.95470e-03	

Index   frequency       s11                             
--------------------------------------------------------------------------------
809	1.809810e+08	9.999176e-01,	-7.95911e-03	
810	1.810811e+08	9.999175e-01,	-7.96351e-03	
811	1.811812e+08	9.999174e-01,	-7.96791e-03	
812	1.812813e+08	9.999173e-01,	-7.97231e-03	
813	1.813814e+08	9.999172e-01,	-7.97671e-03	
814	1.814815e+08	9.999171e-01,	-7.98111e-03	
815	1.815816e+08	9.999171e-01,	-7.98551e-03	
816	1.816817e+08	9.999170e-01,	-7.98991e-03	
817	1.817818e+08	9.999169e-01,	-7.99432e-03	
818	1.818819e+08	9.999168e-01,	-7.99872e-03	
819	1.819820e+08	9.999167e-01,	-8.00312e-03	
820	1.820821e+08	9.999166e-01,	-8.00752e-03	
821	1.821822e+08	9.999165e-01,	-8.01192e-03	
822	1.822823e+08	9.999164e-01,	-8.01632e-03	
823	1.823824e+08	9.999163e-01,	-8.02072e-03	
824	1.824825e+08	9.999162e-01,	-8.02512e-03	
825	1.825826e+08	9.999161e-01,	-8.02953e-03	
826	1.826827e+08	9.999160e-01,	-8.03393e-03	
827	1.827828e+08	9.999160e-01,	-8.03833e-03	
828	1.828829e+08	9.999159e-01,	-8.04273e-03	
829	1.829830e+08	9.999158e-01,	-8.04713e-03	
830	1.830831e+08	9.999157e-01,	-8.05153e-03	
831	1.831832e+08	9.999156e-01,	-8.05593e-03	
832	1.832833e+08	9.999155e-01,	-8.06033e-03	
833	1.833834e+08	9.999154e-01,	-8.06473e-03	
834	1.834835e+08	9.999153e-01,	-8.06914e-03	
835	1.835836e+08	9.999152e-01,	-8.07354e-03	
836	1.836837e+08	9.999151e-01,	-8.07794e-03	
837	1.837838e+08	9.999150e-01,	-8.08234e-03	
838	1.838839e+08	9.999149e-01,	-8.08674e-03	
839	1.839840e+08	9.999148e-01,	-8.09114e-03	
840	1.840841e+08	9.999148e-01,	-8.09554e-03	
841	1.841842e+08	9.999147e-01,	-8.09994e-03	
842	1.842843e+08	9.999146e-01,	-8.10435e-03	
843	1.843844e+08	9.999145e-01,	-8.10875e-03	
844	1.844845e+08	9.999144e-01,	-8.11315e-03	
845	1.845846e+08	9.999143e-01,	-8.11755e-03	
846	1.846847e+08	9.999142e-01,	-8.12195e-03	
847	1.847848e+08	9.999141e-01,	-8.12635e-03	
848	1.848849e+08	9.999140e-01,	-8.13075e-03	
849	1.849850e+08	9.999139e-01,	-8.13515e-03	
850	1.850851e+08	9.999138e-01,	-8.13955e-03	
851	1.851852e+08	9.999137e-01,	-8.14396e-03	
852	1.852853e+08	9.999136e-01,	-8.14836e-03	
853	1.853854e+08	9.999135e-01,	-8.15276e-03	
854	1.854855e+08	9.999134e-01,	-8.15716e-03	
855	1.855856e+08	9.999134e-01,	-8.16156e-03	
856	1.856857e+08	9.999133e-01,	-8.16596e-03	
857	1.857858e+08	9.999132e-01,	-8.17036e-03	
858	1.858859e+08	9.999131e-01,	-8.17476e-03	
859	1.859860e+08	9.999130e-01,	-8.17917e-03	
860	1.860861e+08	9.999129e-01,	-8.18357e-03	
861	1.861862e+08	9.999128e-01,	-8.18797e-03	
862	1.862863e+08	9.999127e-01,	-8.19237e-03	
863	1.863864e+08	9.999126e-01,	-8.19677e-03	
864	1.864865e+08	9.999125e-01,	-8.20117e-03	
865	1.865866e+08	9.999124e-01,	-8.20557e-03	
866	1.866867e+08	9.999123e-01,	-8.20997e-03	

Index   frequency       s11                             
--------------------------------------------------------------------------------
867	1.867868e+08	9.999122e-01,	-8.21437e-03	
868	1.868869e+08	9.999121e-01,	-8.21878e-03	
869	1.869870e+08	9.999120e-01,	-8.22318e-03	
870	1.870871e+08	9.999119e-01,	-8.22758e-03	
871	1.871872e+08	9.999119e-01,	-8.23198e-03	
872	1.872873e+08	9.999118e-01,	-8.23638e-03	
873	1.873874e+08	9.999117e-01,	-8.24078e-03	
874	1.874875e+08	9.999116e-01,	-8.24518e-03	
875	1.875876e+08	9.999115e-01,	-8.24958e-03	
876	1.876877e+08	9.999114e-01,	-8.25398e-03	
877	1.877878e+08	9.999113e-01,	-8.25839e-03	
878	1.878879e+08	9.999112e-01,	-8.26279e-03	
879	1.879880e+08	9.999111e-01,	-8.26719e-03	
880	1.880881e+08	9.999110e-01,	-8.27159e-03	
881	1.881882e+08	9.999109e-01,	-8.27599e-03	
882	1.882883e+08	9.999108e-01,	-8.28039e-03	
883	1.883884e+08	9.999107e-01,	-8.28479e-03	
884	1.884885e+08	9.999106e-01,	-8.28919e-03	
885	1.885886e+08	9.999105e-01,	-8.29359e-03	
886	1.886887e+08	9.999104e-01,	-8.29800e-03	
887	1.887888e+08	9.999103e-01,	-8.30240e-03	
888	1.888889e+08	9.999102e-01,	-8.30680e-03	
889	1.889890e+08	9.999101e-01,	-8.31120e-03	
890	1.890891e+08	9.999101e-01,	-8.31560e-03	
891	1.891892e+08	9.999100e-01,	-8.32000e-03	
892	1.892893e+08	9.999099e-01,	-8.32440e-03	
893	1.893894e+08	9.999098e-01,	-8.32880e-03	
894	1.894895e+08	9.999097e-01,	-8.33320e-03	
895	1.895896e+08	9.999096e-01,	-8.33760e-03	
896	1.896897e+08	9.999095e-01,	-8.34201e-03	
897	1.897898e+08	9.999094e-01,	-8.34641e-03	
898	1.898899e+08	9.999093e-01,	-8.35081e-03	
899	1.899900e+08	9.999092e-01,	-8.35521e-03	
900	1.900901e+08	9.999091e-01,	-8.35961e-03	
901	1.901902e+08	9.999090e-01,	-8.36401e-03	
902	1.902903e+08	9.999089e-01,	-8.36841e-03	
903	1.903904e+08	9.999088e-01,	-8.37281e-03	
904	1.904905e+08	9.999087e-01,	-8.37721e-03	
905	1.905906e+08	9.999086e-01,	-8.38162e-03	
906	1.906907e+08	9.999085e-01,	-8.38602e-03	
907	1.907908e+08	9.999084e-01,	-8.39042e-03	
908	1.908909e+08	9.999083e-01,	-8.39482e-03	
909	1.909910e+08	9.999082e-01,	-8.39922e-03	
910	1.910911e+08	9.999081e-01,	-8.40362e-03	
911	1.911912e+08	9.999080e-01,	-8.40802e-03	
912	1.912913e+08	9.999079e-01,	-8.41242e-03	
913	1.913914e+08	9.999078e-01,	-8.41682e-03	
914	1.914915e+08	9.999078e-01,	-8.42123e-03	
915	1.915916e+08	9.999077e-01,	-8.42563e-03	
916	1.916917e+08	9.999076e-01,	-8.43003e-03	
917	1.917918e+08	9.999075e-01,	-8.43443e-03	
918	1.918919e+08	9.999074e-01,	-8.43883e-03	
919	1.919920e+08	9.999073e-01,	-8.44323e-03	
920	1.920921e+08	9.999072e-01,	-8.44763e-03	
921	1.921922e+08	9.999071e-01,	-8.45203e-03	
922	1.922923e+08	9.999070e-01,	-8.45643e-03	
923	1.923924e+08	9.999069e-01,	-8.46083e-03	
924	1.924925e+08	9.999068e-01,	-8.46524e-03	

Index   frequency       s11                             
--------------------------------------------------------------------------------
925	1.925926e+08	9.999067e-01,	-8.46964e-03	
926	1.926927e+08	9.999066e-01,	-8.47404e-03	
927	1.927928e+08	9.999065e-01,	-8.47844e-03	
928	1.928929e+08	9.999064e-01,	-8.48284e-03	
929	1.929930e+08	9.999063e-01,	-8.48724e-03	
930	1.930931e+08	9.999062e-01,	-8.49164e-03	
931	1.931932e+08	9.999061e-01,	-8.49604e-03	
932	1.932933e+08	9.999060e-01,	-8.50044e-03	
933	1.933934e+08	9.999059e-01,	-8.50484e-03	
934	1.934935e+08	9.999058e-01,	-8.50925e-03	
935	1.935936e+08	9.999057e-01,	-8.51365e-03	
936	1.936937e+08	9.999056e-01,	-8.51805e-03	
937	1.937938e+08	9.999055e-01,	-8.52245e-03	
938	1.938939e+08	9.999054e-01,	-8.52685e-03	
939	1.939940e+08	9.999053e-01,	-8.53125e-03	
940	1.940941e+08	9.999052e-01,	-8.53565e-03	
941	1.941942e+08	9.999051e-01,	-8.54005e-03	
942	1.942943e+08	9.999050e-01,	-8.54445e-03	
943	1.943944e+08	9.999049e-01,	-8.54885e-03	
944	1.944945e+08	9.999048e-01,	-8.55326e-03	
945	1.945946e+08	9.999047e-01,	-8.55766e-03	
946	1.946947e+08	9.999046e-01,	-8.56206e-03	
947	1.947948e+08	9.999045e-01,	-8.56646e-03	
948	1.948949e+08	9.999044e-01,	-8.57086e-03	
949	1.949950e+08	9.999043e-01,	-8.57526e-03	
950	1.950951e+08	9.999042e-01,	-8.57966e-03	
951	1.951952e+08	9.999041e-01,	-8.58406e-03	
952	1.952953e+08	9.999041e-01,	-8.58846e-03	
953	1.953954e+08	9.999040e-01,	-8.59286e-03	
954	1.954955e+08	9.999039e-01,	-8.59727e-03	
955	1.955956e+08	9.999038e-01,	-8.60167e-03	
956	1.956957e+08	9.999037e-01,	-8.60607e-03	
957	1.957958e+08	9.999036e-01,	-8.61047e-03	
958	1.958959e+08	9.999035e-01,	-8.61487e-03	
959	1.959960e+08	9.999034e-01,	-8.61927e-03	
960	1.960961e+08	9.999033e-01,	-8.62367e-03	
961	1.961962e+08	9.999032e-01,	-8.62807e-03	
962	1.962963e+08	9.999031e-01,	-8.63247e-03	
963	1.963964e+08	9.999030e-01,	-8.63687e-03	
964	1.964965e+08	9.999029e-01,	-8.64128e-03	
965	1.965966e+08	9.999028e-01,	-8.64568e-03	
966	1.966967e+08	9.999027e-01,	-8.65008e-03	
967	1.967968e+08	9.999026e-01,	-8.65448e-03	
968	1.968969e+08	9.999025e-01,	-8.65888e-03	
969	1.969970e+08	9.999024e-01,	-8.66328e-03	
970	1.970971e+08	9.999023e-01,	-8.66768e-03	
971	1.971972e+08	9.999022e-01,	-8.67208e-03	
972	1.972973e+08	9.999021e-01,	-8.67648e-03	
973	1.973974e+08	9.999020e-01,	-8.68088e-03	
974	1.974975e+08	9.999019e-01,	-8.68529e-03	
975	1.975976e+08	9.999018e-01,	-8.68969e-03	
976	1.976977e+08	9.999017e-01,	-8.69409e-03	
977	1.977978e+08	9.999016e-01,	-8.69849e-03	
978	1.978979e+08	9.999015e-01,	-8.70289e-03	
979	1.979980e+08	9.999014e-01,	-8.70729e-03	
980	1.980981e+08	9.999013e-01,	-8.71169e-03	
981	1.981982e+08	9.999012e-01,	-8.71609e-03	
982	1.982983e+08	9.999011e-01,	-8.72049e-03	

Index   frequency       s11                             
--------------------------------------------------------------------------------
983	1.983984e+08	9.999010e-01,	-8.72489e-03	
984	1.984985e+08	9.999009e-01,	-8.72929e-03	
985	1.985986e+08	9.999008e-01,	-8.73370e-03	
986	1.986987e+08	9.999007e-01,	-8.73810e-03	
987	1.987988e+08	9.999006e-01,	-8.74250e-03	
988	1.988989e+08	9.999005e-01,	-8.74690e-03	
989	1.989990e+08	9.999004e-01,	-8.75130e-03	
990	1.990991e+08	9.999003e-01,	-8.75570e-03	
991	1.991992e+08	9.999002e-01,	-8.76010e-03	
992	1.992993e+08	9.999001e-01,	-8.76450e-03	
993	1.993994e+08	9.999000e-01,	-8.76890e-03	
994	1.994995e+08	9.998999e-01,	-8.77330e-03	
995	1.995996e+08	9.998998e-01,	-8.77770e-03	
996	1.996997e+08	9.998997e-01,	-8.78211e-03	
997	1.997998e+08	9.998996e-01,	-8.78651e-03	
998	1.998999e+08	9.998995e-01,	-8.79091e-03	
999	2.000000e+08	9.998994e-01,	-8.79531e-03	
