         * gnetlist -g spice-noqsi -o test_gyrator.net test_gyrator.sch
         AC Analysis  Sat Apr 21 23:53:39  2018
--------------------------------------------------------------------------------
Index   frequency       s11                             
--------------------------------------------------------------------------------
0	1.000000e+08	-9.99990e-01,	4.398208e-03	
1	1.001001e+08	-9.99990e-01,	4.402611e-03	
2	1.002002e+08	-9.99990e-01,	4.407014e-03	
3	1.003003e+08	-9.99990e-01,	4.411416e-03	
4	1.004004e+08	-9.99990e-01,	4.415819e-03	
5	1.005005e+08	-9.99990e-01,	4.420221e-03	
6	1.006006e+08	-9.99990e-01,	4.424624e-03	
7	1.007007e+08	-9.99990e-01,	4.429026e-03	
8	1.008008e+08	-9.99990e-01,	4.433429e-03	
9	1.009009e+08	-9.99990e-01,	4.437832e-03	
10	1.010010e+08	-9.99990e-01,	4.442234e-03	
11	1.011011e+08	-9.99990e-01,	4.446637e-03	
12	1.012012e+08	-9.99990e-01,	4.451039e-03	
13	1.013013e+08	-9.99990e-01,	4.455442e-03	
14	1.014014e+08	-9.99990e-01,	4.459844e-03	
15	1.015015e+08	-9.99990e-01,	4.464247e-03	
16	1.016016e+08	-9.99990e-01,	4.468650e-03	
17	1.017017e+08	-9.99990e-01,	4.473052e-03	
18	1.018018e+08	-9.99990e-01,	4.477455e-03	
19	1.019019e+08	-9.99990e-01,	4.481857e-03	
20	1.020020e+08	-9.99990e-01,	4.486260e-03	
21	1.021021e+08	-9.99990e-01,	4.490662e-03	
22	1.022022e+08	-9.99990e-01,	4.495065e-03	
23	1.023023e+08	-9.99990e-01,	4.499467e-03	
24	1.024024e+08	-9.99990e-01,	4.503870e-03	
25	1.025025e+08	-9.99990e-01,	4.508273e-03	
26	1.026026e+08	-9.99990e-01,	4.512675e-03	
27	1.027027e+08	-9.99990e-01,	4.517078e-03	
28	1.028028e+08	-9.99990e-01,	4.521480e-03	
29	1.029029e+08	-9.99990e-01,	4.525883e-03	
30	1.030030e+08	-9.99990e-01,	4.530285e-03	
31	1.031031e+08	-9.99990e-01,	4.534688e-03	
32	1.032032e+08	-9.99990e-01,	4.539091e-03	
33	1.033033e+08	-9.99990e-01,	4.543493e-03	
34	1.034034e+08	-9.99990e-01,	4.547896e-03	
35	1.035035e+08	-9.99990e-01,	4.552298e-03	
36	1.036036e+08	-9.99990e-01,	4.556701e-03	
37	1.037037e+08	-9.99990e-01,	4.561103e-03	
38	1.038038e+08	-9.99990e-01,	4.565506e-03	
39	1.039039e+08	-9.99990e-01,	4.569909e-03	
40	1.040040e+08	-9.99990e-01,	4.574311e-03	
41	1.041041e+08	-9.99990e-01,	4.578714e-03	
42	1.042042e+08	-9.99989e-01,	4.583116e-03	
43	1.043043e+08	-9.99989e-01,	4.587519e-03	
44	1.044044e+08	-9.99989e-01,	4.591921e-03	
45	1.045045e+08	-9.99989e-01,	4.596324e-03	
46	1.046046e+08	-9.99989e-01,	4.600726e-03	
47	1.047047e+08	-9.99989e-01,	4.605129e-03	
48	1.048048e+08	-9.99989e-01,	4.609532e-03	
49	1.049049e+08	-9.99989e-01,	4.613934e-03	
50	1.050050e+08	-9.99989e-01,	4.618337e-03	
51	1.051051e+08	-9.99989e-01,	4.622739e-03	
52	1.052052e+08	-9.99989e-01,	4.627142e-03	
53	1.053053e+08	-9.99989e-01,	4.631544e-03	
54	1.054054e+08	-9.99989e-01,	4.635947e-03	

Index   frequency       s11                             
--------------------------------------------------------------------------------
55	1.055055e+08	-9.99989e-01,	4.640350e-03	
56	1.056056e+08	-9.99989e-01,	4.644752e-03	
57	1.057057e+08	-9.99989e-01,	4.649155e-03	
58	1.058058e+08	-9.99989e-01,	4.653557e-03	
59	1.059059e+08	-9.99989e-01,	4.657960e-03	
60	1.060060e+08	-9.99989e-01,	4.662362e-03	
61	1.061061e+08	-9.99989e-01,	4.666765e-03	
62	1.062062e+08	-9.99989e-01,	4.671167e-03	
63	1.063063e+08	-9.99989e-01,	4.675570e-03	
64	1.064064e+08	-9.99989e-01,	4.679973e-03	
65	1.065065e+08	-9.99989e-01,	4.684375e-03	
66	1.066066e+08	-9.99989e-01,	4.688778e-03	
67	1.067067e+08	-9.99989e-01,	4.693180e-03	
68	1.068068e+08	-9.99989e-01,	4.697583e-03	
69	1.069069e+08	-9.99989e-01,	4.701985e-03	
70	1.070070e+08	-9.99989e-01,	4.706388e-03	
71	1.071071e+08	-9.99989e-01,	4.710790e-03	
72	1.072072e+08	-9.99989e-01,	4.715193e-03	
73	1.073073e+08	-9.99989e-01,	4.719596e-03	
74	1.074074e+08	-9.99989e-01,	4.723998e-03	
75	1.075075e+08	-9.99989e-01,	4.728401e-03	
76	1.076076e+08	-9.99989e-01,	4.732803e-03	
77	1.077077e+08	-9.99989e-01,	4.737206e-03	
78	1.078078e+08	-9.99989e-01,	4.741608e-03	
79	1.079079e+08	-9.99989e-01,	4.746011e-03	
80	1.080080e+08	-9.99989e-01,	4.750414e-03	
81	1.081081e+08	-9.99989e-01,	4.754816e-03	
82	1.082082e+08	-9.99989e-01,	4.759219e-03	
83	1.083083e+08	-9.99989e-01,	4.763621e-03	
84	1.084084e+08	-9.99989e-01,	4.768024e-03	
85	1.085085e+08	-9.99989e-01,	4.772426e-03	
86	1.086086e+08	-9.99989e-01,	4.776829e-03	
87	1.087087e+08	-9.99989e-01,	4.781231e-03	
88	1.088088e+08	-9.99989e-01,	4.785634e-03	
89	1.089089e+08	-9.99989e-01,	4.790037e-03	
90	1.090090e+08	-9.99989e-01,	4.794439e-03	
91	1.091091e+08	-9.99988e-01,	4.798842e-03	
92	1.092092e+08	-9.99988e-01,	4.803244e-03	
93	1.093093e+08	-9.99988e-01,	4.807647e-03	
94	1.094094e+08	-9.99988e-01,	4.812049e-03	
95	1.095095e+08	-9.99988e-01,	4.816452e-03	
96	1.096096e+08	-9.99988e-01,	4.820854e-03	
97	1.097097e+08	-9.99988e-01,	4.825257e-03	
98	1.098098e+08	-9.99988e-01,	4.829660e-03	
99	1.099099e+08	-9.99988e-01,	4.834062e-03	
100	1.100100e+08	-9.99988e-01,	4.838465e-03	
101	1.101101e+08	-9.99988e-01,	4.842867e-03	
102	1.102102e+08	-9.99988e-01,	4.847270e-03	
103	1.103103e+08	-9.99988e-01,	4.851672e-03	
104	1.104104e+08	-9.99988e-01,	4.856075e-03	
105	1.105105e+08	-9.99988e-01,	4.860477e-03	
106	1.106106e+08	-9.99988e-01,	4.864880e-03	
107	1.107107e+08	-9.99988e-01,	4.869283e-03	
108	1.108108e+08	-9.99988e-01,	4.873685e-03	
109	1.109109e+08	-9.99988e-01,	4.878088e-03	
110	1.110110e+08	-9.99988e-01,	4.882490e-03	
111	1.111111e+08	-9.99988e-01,	4.886893e-03	
112	1.112112e+08	-9.99988e-01,	4.891295e-03	

Index   frequency       s11                             
--------------------------------------------------------------------------------
113	1.113113e+08	-9.99988e-01,	4.895698e-03	
114	1.114114e+08	-9.99988e-01,	4.900100e-03	
115	1.115115e+08	-9.99988e-01,	4.904503e-03	
116	1.116116e+08	-9.99988e-01,	4.908905e-03	
117	1.117117e+08	-9.99988e-01,	4.913308e-03	
118	1.118118e+08	-9.99988e-01,	4.917711e-03	
119	1.119119e+08	-9.99988e-01,	4.922113e-03	
120	1.120120e+08	-9.99988e-01,	4.926516e-03	
121	1.121121e+08	-9.99988e-01,	4.930918e-03	
122	1.122122e+08	-9.99988e-01,	4.935321e-03	
123	1.123123e+08	-9.99988e-01,	4.939723e-03	
124	1.124124e+08	-9.99988e-01,	4.944126e-03	
125	1.125125e+08	-9.99988e-01,	4.948528e-03	
126	1.126126e+08	-9.99988e-01,	4.952931e-03	
127	1.127127e+08	-9.99988e-01,	4.957334e-03	
128	1.128128e+08	-9.99988e-01,	4.961736e-03	
129	1.129129e+08	-9.99988e-01,	4.966139e-03	
130	1.130130e+08	-9.99988e-01,	4.970541e-03	
131	1.131131e+08	-9.99988e-01,	4.974944e-03	
132	1.132132e+08	-9.99988e-01,	4.979346e-03	
133	1.133133e+08	-9.99988e-01,	4.983749e-03	
134	1.134134e+08	-9.99988e-01,	4.988151e-03	
135	1.135135e+08	-9.99988e-01,	4.992554e-03	
136	1.136136e+08	-9.99988e-01,	4.996957e-03	
137	1.137137e+08	-9.99987e-01,	5.001359e-03	
138	1.138138e+08	-9.99987e-01,	5.005762e-03	
139	1.139139e+08	-9.99987e-01,	5.010164e-03	
140	1.140140e+08	-9.99987e-01,	5.014567e-03	
141	1.141141e+08	-9.99987e-01,	5.018969e-03	
142	1.142142e+08	-9.99987e-01,	5.023372e-03	
143	1.143143e+08	-9.99987e-01,	5.027774e-03	
144	1.144144e+08	-9.99987e-01,	5.032177e-03	
145	1.145145e+08	-9.99987e-01,	5.036579e-03	
146	1.146146e+08	-9.99987e-01,	5.040982e-03	
147	1.147147e+08	-9.99987e-01,	5.045385e-03	
148	1.148148e+08	-9.99987e-01,	5.049787e-03	
149	1.149149e+08	-9.99987e-01,	5.054190e-03	
150	1.150150e+08	-9.99987e-01,	5.058592e-03	
151	1.151151e+08	-9.99987e-01,	5.062995e-03	
152	1.152152e+08	-9.99987e-01,	5.067397e-03	
153	1.153153e+08	-9.99987e-01,	5.071800e-03	
154	1.154154e+08	-9.99987e-01,	5.076202e-03	
155	1.155155e+08	-9.99987e-01,	5.080605e-03	
156	1.156156e+08	-9.99987e-01,	5.085007e-03	
157	1.157157e+08	-9.99987e-01,	5.089410e-03	
158	1.158158e+08	-9.99987e-01,	5.093813e-03	
159	1.159159e+08	-9.99987e-01,	5.098215e-03	
160	1.160160e+08	-9.99987e-01,	5.102618e-03	
161	1.161161e+08	-9.99987e-01,	5.107020e-03	
162	1.162162e+08	-9.99987e-01,	5.111423e-03	
163	1.163163e+08	-9.99987e-01,	5.115825e-03	
164	1.164164e+08	-9.99987e-01,	5.120228e-03	
165	1.165165e+08	-9.99987e-01,	5.124630e-03	
166	1.166166e+08	-9.99987e-01,	5.129033e-03	
167	1.167167e+08	-9.99987e-01,	5.133435e-03	
168	1.168168e+08	-9.99987e-01,	5.137838e-03	
169	1.169169e+08	-9.99987e-01,	5.142241e-03	
170	1.170170e+08	-9.99987e-01,	5.146643e-03	

Index   frequency       s11                             
--------------------------------------------------------------------------------
171	1.171171e+08	-9.99987e-01,	5.151046e-03	
172	1.172172e+08	-9.99987e-01,	5.155448e-03	
173	1.173173e+08	-9.99987e-01,	5.159851e-03	
174	1.174174e+08	-9.99987e-01,	5.164253e-03	
175	1.175175e+08	-9.99987e-01,	5.168656e-03	
176	1.176176e+08	-9.99987e-01,	5.173058e-03	
177	1.177177e+08	-9.99987e-01,	5.177461e-03	
178	1.178178e+08	-9.99987e-01,	5.181863e-03	
179	1.179179e+08	-9.99987e-01,	5.186266e-03	
180	1.180180e+08	-9.99987e-01,	5.190669e-03	
181	1.181181e+08	-9.99987e-01,	5.195071e-03	
182	1.182182e+08	-9.99986e-01,	5.199474e-03	
183	1.183183e+08	-9.99986e-01,	5.203876e-03	
184	1.184184e+08	-9.99986e-01,	5.208279e-03	
185	1.185185e+08	-9.99986e-01,	5.212681e-03	
186	1.186186e+08	-9.99986e-01,	5.217084e-03	
187	1.187187e+08	-9.99986e-01,	5.221486e-03	
188	1.188188e+08	-9.99986e-01,	5.225889e-03	
189	1.189189e+08	-9.99986e-01,	5.230291e-03	
190	1.190190e+08	-9.99986e-01,	5.234694e-03	
191	1.191191e+08	-9.99986e-01,	5.239097e-03	
192	1.192192e+08	-9.99986e-01,	5.243499e-03	
193	1.193193e+08	-9.99986e-01,	5.247902e-03	
194	1.194194e+08	-9.99986e-01,	5.252304e-03	
195	1.195195e+08	-9.99986e-01,	5.256707e-03	
196	1.196196e+08	-9.99986e-01,	5.261109e-03	
197	1.197197e+08	-9.99986e-01,	5.265512e-03	
198	1.198198e+08	-9.99986e-01,	5.269914e-03	
199	1.199199e+08	-9.99986e-01,	5.274317e-03	
200	1.200200e+08	-9.99986e-01,	5.278719e-03	
201	1.201201e+08	-9.99986e-01,	5.283122e-03	
202	1.202202e+08	-9.99986e-01,	5.287524e-03	
203	1.203203e+08	-9.99986e-01,	5.291927e-03	
204	1.204204e+08	-9.99986e-01,	5.296330e-03	
205	1.205205e+08	-9.99986e-01,	5.300732e-03	
206	1.206206e+08	-9.99986e-01,	5.305135e-03	
207	1.207207e+08	-9.99986e-01,	5.309537e-03	
208	1.208208e+08	-9.99986e-01,	5.313940e-03	
209	1.209209e+08	-9.99986e-01,	5.318342e-03	
210	1.210210e+08	-9.99986e-01,	5.322745e-03	
211	1.211211e+08	-9.99986e-01,	5.327147e-03	
212	1.212212e+08	-9.99986e-01,	5.331550e-03	
213	1.213213e+08	-9.99986e-01,	5.335952e-03	
214	1.214214e+08	-9.99986e-01,	5.340355e-03	
215	1.215215e+08	-9.99986e-01,	5.344757e-03	
216	1.216216e+08	-9.99986e-01,	5.349160e-03	
217	1.217217e+08	-9.99986e-01,	5.353563e-03	
218	1.218218e+08	-9.99986e-01,	5.357965e-03	
219	1.219219e+08	-9.99986e-01,	5.362368e-03	
220	1.220220e+08	-9.99986e-01,	5.366770e-03	
221	1.221221e+08	-9.99986e-01,	5.371173e-03	
222	1.222222e+08	-9.99986e-01,	5.375575e-03	
223	1.223223e+08	-9.99986e-01,	5.379978e-03	
224	1.224224e+08	-9.99986e-01,	5.384380e-03	
225	1.225225e+08	-9.99985e-01,	5.388783e-03	
226	1.226226e+08	-9.99985e-01,	5.393185e-03	
227	1.227227e+08	-9.99985e-01,	5.397588e-03	
228	1.228228e+08	-9.99985e-01,	5.401990e-03	

Index   frequency       s11                             
--------------------------------------------------------------------------------
229	1.229229e+08	-9.99985e-01,	5.406393e-03	
230	1.230230e+08	-9.99985e-01,	5.410796e-03	
231	1.231231e+08	-9.99985e-01,	5.415198e-03	
232	1.232232e+08	-9.99985e-01,	5.419601e-03	
233	1.233233e+08	-9.99985e-01,	5.424003e-03	
234	1.234234e+08	-9.99985e-01,	5.428406e-03	
235	1.235235e+08	-9.99985e-01,	5.432808e-03	
236	1.236236e+08	-9.99985e-01,	5.437211e-03	
237	1.237237e+08	-9.99985e-01,	5.441613e-03	
238	1.238238e+08	-9.99985e-01,	5.446016e-03	
239	1.239239e+08	-9.99985e-01,	5.450418e-03	
240	1.240240e+08	-9.99985e-01,	5.454821e-03	
241	1.241241e+08	-9.99985e-01,	5.459223e-03	
242	1.242242e+08	-9.99985e-01,	5.463626e-03	
243	1.243243e+08	-9.99985e-01,	5.468029e-03	
244	1.244244e+08	-9.99985e-01,	5.472431e-03	
245	1.245245e+08	-9.99985e-01,	5.476834e-03	
246	1.246246e+08	-9.99985e-01,	5.481236e-03	
247	1.247247e+08	-9.99985e-01,	5.485639e-03	
248	1.248248e+08	-9.99985e-01,	5.490041e-03	
249	1.249249e+08	-9.99985e-01,	5.494444e-03	
250	1.250250e+08	-9.99985e-01,	5.498846e-03	
251	1.251251e+08	-9.99985e-01,	5.503249e-03	
252	1.252252e+08	-9.99985e-01,	5.507651e-03	
253	1.253253e+08	-9.99985e-01,	5.512054e-03	
254	1.254254e+08	-9.99985e-01,	5.516456e-03	
255	1.255255e+08	-9.99985e-01,	5.520859e-03	
256	1.256256e+08	-9.99985e-01,	5.525261e-03	
257	1.257257e+08	-9.99985e-01,	5.529664e-03	
258	1.258258e+08	-9.99985e-01,	5.534066e-03	
259	1.259259e+08	-9.99985e-01,	5.538469e-03	
260	1.260260e+08	-9.99985e-01,	5.542872e-03	
261	1.261261e+08	-9.99985e-01,	5.547274e-03	
262	1.262262e+08	-9.99985e-01,	5.551677e-03	
263	1.263263e+08	-9.99985e-01,	5.556079e-03	
264	1.264264e+08	-9.99985e-01,	5.560482e-03	
265	1.265265e+08	-9.99985e-01,	5.564884e-03	
266	1.266266e+08	-9.99984e-01,	5.569287e-03	
267	1.267267e+08	-9.99984e-01,	5.573689e-03	
268	1.268268e+08	-9.99984e-01,	5.578092e-03	
269	1.269269e+08	-9.99984e-01,	5.582494e-03	
270	1.270270e+08	-9.99984e-01,	5.586897e-03	
271	1.271271e+08	-9.99984e-01,	5.591299e-03	
272	1.272272e+08	-9.99984e-01,	5.595702e-03	
273	1.273273e+08	-9.99984e-01,	5.600104e-03	
274	1.274274e+08	-9.99984e-01,	5.604507e-03	
275	1.275275e+08	-9.99984e-01,	5.608909e-03	
276	1.276276e+08	-9.99984e-01,	5.613312e-03	
277	1.277277e+08	-9.99984e-01,	5.617715e-03	
278	1.278278e+08	-9.99984e-01,	5.622117e-03	
279	1.279279e+08	-9.99984e-01,	5.626520e-03	
280	1.280280e+08	-9.99984e-01,	5.630922e-03	
281	1.281281e+08	-9.99984e-01,	5.635325e-03	
282	1.282282e+08	-9.99984e-01,	5.639727e-03	
283	1.283283e+08	-9.99984e-01,	5.644130e-03	
284	1.284284e+08	-9.99984e-01,	5.648532e-03	
285	1.285285e+08	-9.99984e-01,	5.652935e-03	
286	1.286286e+08	-9.99984e-01,	5.657337e-03	

Index   frequency       s11                             
--------------------------------------------------------------------------------
287	1.287287e+08	-9.99984e-01,	5.661740e-03	
288	1.288288e+08	-9.99984e-01,	5.666142e-03	
289	1.289289e+08	-9.99984e-01,	5.670545e-03	
290	1.290290e+08	-9.99984e-01,	5.674947e-03	
291	1.291291e+08	-9.99984e-01,	5.679350e-03	
292	1.292292e+08	-9.99984e-01,	5.683752e-03	
293	1.293293e+08	-9.99984e-01,	5.688155e-03	
294	1.294294e+08	-9.99984e-01,	5.692558e-03	
295	1.295295e+08	-9.99984e-01,	5.696960e-03	
296	1.296296e+08	-9.99984e-01,	5.701363e-03	
297	1.297297e+08	-9.99984e-01,	5.705765e-03	
298	1.298298e+08	-9.99984e-01,	5.710168e-03	
299	1.299299e+08	-9.99984e-01,	5.714570e-03	
300	1.300300e+08	-9.99984e-01,	5.718973e-03	
301	1.301301e+08	-9.99984e-01,	5.723375e-03	
302	1.302302e+08	-9.99984e-01,	5.727778e-03	
303	1.303303e+08	-9.99984e-01,	5.732180e-03	
304	1.304304e+08	-9.99984e-01,	5.736583e-03	
305	1.305305e+08	-9.99984e-01,	5.740985e-03	
306	1.306306e+08	-9.99983e-01,	5.745388e-03	
307	1.307307e+08	-9.99983e-01,	5.749790e-03	
308	1.308308e+08	-9.99983e-01,	5.754193e-03	
309	1.309309e+08	-9.99983e-01,	5.758595e-03	
310	1.310310e+08	-9.99983e-01,	5.762998e-03	
311	1.311311e+08	-9.99983e-01,	5.767400e-03	
312	1.312312e+08	-9.99983e-01,	5.771803e-03	
313	1.313313e+08	-9.99983e-01,	5.776205e-03	
314	1.314314e+08	-9.99983e-01,	5.780608e-03	
315	1.315315e+08	-9.99983e-01,	5.785011e-03	
316	1.316316e+08	-9.99983e-01,	5.789413e-03	
317	1.317317e+08	-9.99983e-01,	5.793816e-03	
318	1.318318e+08	-9.99983e-01,	5.798218e-03	
319	1.319319e+08	-9.99983e-01,	5.802621e-03	
320	1.320320e+08	-9.99983e-01,	5.807023e-03	
321	1.321321e+08	-9.99983e-01,	5.811426e-03	
322	1.322322e+08	-9.99983e-01,	5.815828e-03	
323	1.323323e+08	-9.99983e-01,	5.820231e-03	
324	1.324324e+08	-9.99983e-01,	5.824633e-03	
325	1.325325e+08	-9.99983e-01,	5.829036e-03	
326	1.326326e+08	-9.99983e-01,	5.833438e-03	
327	1.327327e+08	-9.99983e-01,	5.837841e-03	
328	1.328328e+08	-9.99983e-01,	5.842243e-03	
329	1.329329e+08	-9.99983e-01,	5.846646e-03	
330	1.330330e+08	-9.99983e-01,	5.851048e-03	
331	1.331331e+08	-9.99983e-01,	5.855451e-03	
332	1.332332e+08	-9.99983e-01,	5.859853e-03	
333	1.333333e+08	-9.99983e-01,	5.864256e-03	
334	1.334334e+08	-9.99983e-01,	5.868658e-03	
335	1.335335e+08	-9.99983e-01,	5.873061e-03	
336	1.336336e+08	-9.99983e-01,	5.877463e-03	
337	1.337337e+08	-9.99983e-01,	5.881866e-03	
338	1.338338e+08	-9.99983e-01,	5.886268e-03	
339	1.339339e+08	-9.99983e-01,	5.890671e-03	
340	1.340340e+08	-9.99983e-01,	5.895073e-03	
341	1.341341e+08	-9.99983e-01,	5.899476e-03	
342	1.342342e+08	-9.99983e-01,	5.903879e-03	
343	1.343343e+08	-9.99983e-01,	5.908281e-03	
344	1.344344e+08	-9.99983e-01,	5.912684e-03	

Index   frequency       s11                             
--------------------------------------------------------------------------------
345	1.345345e+08	-9.99982e-01,	5.917086e-03	
346	1.346346e+08	-9.99982e-01,	5.921489e-03	
347	1.347347e+08	-9.99982e-01,	5.925891e-03	
348	1.348348e+08	-9.99982e-01,	5.930294e-03	
349	1.349349e+08	-9.99982e-01,	5.934696e-03	
350	1.350350e+08	-9.99982e-01,	5.939099e-03	
351	1.351351e+08	-9.99982e-01,	5.943501e-03	
352	1.352352e+08	-9.99982e-01,	5.947904e-03	
353	1.353353e+08	-9.99982e-01,	5.952306e-03	
354	1.354354e+08	-9.99982e-01,	5.956709e-03	
355	1.355355e+08	-9.99982e-01,	5.961111e-03	
356	1.356356e+08	-9.99982e-01,	5.965514e-03	
357	1.357357e+08	-9.99982e-01,	5.969916e-03	
358	1.358358e+08	-9.99982e-01,	5.974319e-03	
359	1.359359e+08	-9.99982e-01,	5.978721e-03	
360	1.360360e+08	-9.99982e-01,	5.983124e-03	
361	1.361361e+08	-9.99982e-01,	5.987526e-03	
362	1.362362e+08	-9.99982e-01,	5.991929e-03	
363	1.363363e+08	-9.99982e-01,	5.996331e-03	
364	1.364364e+08	-9.99982e-01,	6.000734e-03	
365	1.365365e+08	-9.99982e-01,	6.005136e-03	
366	1.366366e+08	-9.99982e-01,	6.009539e-03	
367	1.367367e+08	-9.99982e-01,	6.013941e-03	
368	1.368368e+08	-9.99982e-01,	6.018344e-03	
369	1.369369e+08	-9.99982e-01,	6.022746e-03	
370	1.370370e+08	-9.99982e-01,	6.027149e-03	
371	1.371371e+08	-9.99982e-01,	6.031551e-03	
372	1.372372e+08	-9.99982e-01,	6.035954e-03	
373	1.373373e+08	-9.99982e-01,	6.040356e-03	
374	1.374374e+08	-9.99982e-01,	6.044759e-03	
375	1.375375e+08	-9.99982e-01,	6.049162e-03	
376	1.376376e+08	-9.99982e-01,	6.053564e-03	
377	1.377377e+08	-9.99982e-01,	6.057967e-03	
378	1.378378e+08	-9.99982e-01,	6.062369e-03	
379	1.379379e+08	-9.99982e-01,	6.066772e-03	
380	1.380380e+08	-9.99982e-01,	6.071174e-03	
381	1.381381e+08	-9.99982e-01,	6.075577e-03	
382	1.382382e+08	-9.99982e-01,	6.079979e-03	
383	1.383383e+08	-9.99981e-01,	6.084382e-03	
384	1.384384e+08	-9.99981e-01,	6.088784e-03	
385	1.385385e+08	-9.99981e-01,	6.093187e-03	
386	1.386386e+08	-9.99981e-01,	6.097589e-03	
387	1.387387e+08	-9.99981e-01,	6.101992e-03	
388	1.388388e+08	-9.99981e-01,	6.106394e-03	
389	1.389389e+08	-9.99981e-01,	6.110797e-03	
390	1.390390e+08	-9.99981e-01,	6.115199e-03	
391	1.391391e+08	-9.99981e-01,	6.119602e-03	
392	1.392392e+08	-9.99981e-01,	6.124004e-03	
393	1.393393e+08	-9.99981e-01,	6.128407e-03	
394	1.394394e+08	-9.99981e-01,	6.132809e-03	
395	1.395395e+08	-9.99981e-01,	6.137212e-03	
396	1.396396e+08	-9.99981e-01,	6.141614e-03	
397	1.397397e+08	-9.99981e-01,	6.146017e-03	
398	1.398398e+08	-9.99981e-01,	6.150419e-03	
399	1.399399e+08	-9.99981e-01,	6.154822e-03	
400	1.400400e+08	-9.99981e-01,	6.159224e-03	
401	1.401401e+08	-9.99981e-01,	6.163627e-03	
402	1.402402e+08	-9.99981e-01,	6.168029e-03	

Index   frequency       s11                             
--------------------------------------------------------------------------------
403	1.403403e+08	-9.99981e-01,	6.172432e-03	
404	1.404404e+08	-9.99981e-01,	6.176834e-03	
405	1.405405e+08	-9.99981e-01,	6.181237e-03	
406	1.406406e+08	-9.99981e-01,	6.185639e-03	
407	1.407407e+08	-9.99981e-01,	6.190042e-03	
408	1.408408e+08	-9.99981e-01,	6.194444e-03	
409	1.409409e+08	-9.99981e-01,	6.198847e-03	
410	1.410410e+08	-9.99981e-01,	6.203249e-03	
411	1.411411e+08	-9.99981e-01,	6.207652e-03	
412	1.412412e+08	-9.99981e-01,	6.212054e-03	
413	1.413413e+08	-9.99981e-01,	6.216457e-03	
414	1.414414e+08	-9.99981e-01,	6.220859e-03	
415	1.415415e+08	-9.99981e-01,	6.225262e-03	
416	1.416416e+08	-9.99981e-01,	6.229664e-03	
417	1.417417e+08	-9.99981e-01,	6.234067e-03	
418	1.418418e+08	-9.99981e-01,	6.238469e-03	
419	1.419419e+08	-9.99981e-01,	6.242872e-03	
420	1.420420e+08	-9.99980e-01,	6.247274e-03	
421	1.421421e+08	-9.99980e-01,	6.251677e-03	
422	1.422422e+08	-9.99980e-01,	6.256079e-03	
423	1.423423e+08	-9.99980e-01,	6.260482e-03	
424	1.424424e+08	-9.99980e-01,	6.264884e-03	
425	1.425425e+08	-9.99980e-01,	6.269287e-03	
426	1.426426e+08	-9.99980e-01,	6.273689e-03	
427	1.427427e+08	-9.99980e-01,	6.278092e-03	
428	1.428428e+08	-9.99980e-01,	6.282494e-03	
429	1.429429e+08	-9.99980e-01,	6.286897e-03	
430	1.430430e+08	-9.99980e-01,	6.291299e-03	
431	1.431431e+08	-9.99980e-01,	6.295702e-03	
432	1.432432e+08	-9.99980e-01,	6.300104e-03	
433	1.433433e+08	-9.99980e-01,	6.304507e-03	
434	1.434434e+08	-9.99980e-01,	6.308909e-03	
435	1.435435e+08	-9.99980e-01,	6.313312e-03	
436	1.436436e+08	-9.99980e-01,	6.317714e-03	
437	1.437437e+08	-9.99980e-01,	6.322117e-03	
438	1.438438e+08	-9.99980e-01,	6.326519e-03	
439	1.439439e+08	-9.99980e-01,	6.330922e-03	
440	1.440440e+08	-9.99980e-01,	6.335324e-03	
441	1.441441e+08	-9.99980e-01,	6.339727e-03	
442	1.442442e+08	-9.99980e-01,	6.344129e-03	
443	1.443443e+08	-9.99980e-01,	6.348532e-03	
444	1.444444e+08	-9.99980e-01,	6.352934e-03	
445	1.445445e+08	-9.99980e-01,	6.357337e-03	
446	1.446446e+08	-9.99980e-01,	6.361739e-03	
447	1.447447e+08	-9.99980e-01,	6.366142e-03	
448	1.448448e+08	-9.99980e-01,	6.370544e-03	
449	1.449449e+08	-9.99980e-01,	6.374947e-03	
450	1.450450e+08	-9.99980e-01,	6.379349e-03	
451	1.451451e+08	-9.99980e-01,	6.383752e-03	
452	1.452452e+08	-9.99980e-01,	6.388154e-03	
453	1.453453e+08	-9.99980e-01,	6.392557e-03	
454	1.454454e+08	-9.99980e-01,	6.396959e-03	
455	1.455455e+08	-9.99980e-01,	6.401362e-03	
456	1.456456e+08	-9.99979e-01,	6.405764e-03	
457	1.457457e+08	-9.99979e-01,	6.410167e-03	
458	1.458458e+08	-9.99979e-01,	6.414569e-03	
459	1.459459e+08	-9.99979e-01,	6.418972e-03	
460	1.460460e+08	-9.99979e-01,	6.423374e-03	

Index   frequency       s11                             
--------------------------------------------------------------------------------
461	1.461461e+08	-9.99979e-01,	6.427777e-03	
462	1.462462e+08	-9.99979e-01,	6.432179e-03	
463	1.463463e+08	-9.99979e-01,	6.436582e-03	
464	1.464464e+08	-9.99979e-01,	6.440984e-03	
465	1.465465e+08	-9.99979e-01,	6.445387e-03	
466	1.466466e+08	-9.99979e-01,	6.449789e-03	
467	1.467467e+08	-9.99979e-01,	6.454192e-03	
468	1.468468e+08	-9.99979e-01,	6.458594e-03	
469	1.469469e+08	-9.99979e-01,	6.462997e-03	
470	1.470470e+08	-9.99979e-01,	6.467399e-03	
471	1.471471e+08	-9.99979e-01,	6.471802e-03	
472	1.472472e+08	-9.99979e-01,	6.476204e-03	
473	1.473473e+08	-9.99979e-01,	6.480607e-03	
474	1.474474e+08	-9.99979e-01,	6.485009e-03	
475	1.475475e+08	-9.99979e-01,	6.489412e-03	
476	1.476476e+08	-9.99979e-01,	6.493814e-03	
477	1.477477e+08	-9.99979e-01,	6.498217e-03	
478	1.478478e+08	-9.99979e-01,	6.502619e-03	
479	1.479479e+08	-9.99979e-01,	6.507022e-03	
480	1.480480e+08	-9.99979e-01,	6.511424e-03	
481	1.481481e+08	-9.99979e-01,	6.515827e-03	
482	1.482482e+08	-9.99979e-01,	6.520229e-03	
483	1.483483e+08	-9.99979e-01,	6.524632e-03	
484	1.484484e+08	-9.99979e-01,	6.529034e-03	
485	1.485485e+08	-9.99979e-01,	6.533437e-03	
486	1.486486e+08	-9.99979e-01,	6.537839e-03	
487	1.487487e+08	-9.99979e-01,	6.542242e-03	
488	1.488488e+08	-9.99979e-01,	6.546644e-03	
489	1.489489e+08	-9.99979e-01,	6.551047e-03	
490	1.490490e+08	-9.99979e-01,	6.555449e-03	
491	1.491491e+08	-9.99978e-01,	6.559852e-03	
492	1.492492e+08	-9.99978e-01,	6.564254e-03	
493	1.493493e+08	-9.99978e-01,	6.568657e-03	
494	1.494494e+08	-9.99978e-01,	6.573059e-03	
495	1.495495e+08	-9.99978e-01,	6.577462e-03	
496	1.496496e+08	-9.99978e-01,	6.581864e-03	
497	1.497497e+08	-9.99978e-01,	6.586267e-03	
498	1.498498e+08	-9.99978e-01,	6.590669e-03	
499	1.499499e+08	-9.99978e-01,	6.595072e-03	
500	1.500501e+08	-9.99978e-01,	6.599474e-03	
501	1.501502e+08	-9.99978e-01,	6.603877e-03	
502	1.502503e+08	-9.99978e-01,	6.608279e-03	
503	1.503504e+08	-9.99978e-01,	6.612681e-03	
504	1.504505e+08	-9.99978e-01,	6.617084e-03	
505	1.505506e+08	-9.99978e-01,	6.621486e-03	
506	1.506507e+08	-9.99978e-01,	6.625889e-03	
507	1.507508e+08	-9.99978e-01,	6.630291e-03	
508	1.508509e+08	-9.99978e-01,	6.634694e-03	
509	1.509510e+08	-9.99978e-01,	6.639096e-03	
510	1.510511e+08	-9.99978e-01,	6.643499e-03	
511	1.511512e+08	-9.99978e-01,	6.647901e-03	
512	1.512513e+08	-9.99978e-01,	6.652304e-03	
513	1.513514e+08	-9.99978e-01,	6.656706e-03	
514	1.514515e+08	-9.99978e-01,	6.661109e-03	
515	1.515516e+08	-9.99978e-01,	6.665511e-03	
516	1.516517e+08	-9.99978e-01,	6.669914e-03	
517	1.517518e+08	-9.99978e-01,	6.674316e-03	
518	1.518519e+08	-9.99978e-01,	6.678719e-03	

Index   frequency       s11                             
--------------------------------------------------------------------------------
519	1.519520e+08	-9.99978e-01,	6.683121e-03	
520	1.520521e+08	-9.99978e-01,	6.687524e-03	
521	1.521522e+08	-9.99978e-01,	6.691926e-03	
522	1.522523e+08	-9.99978e-01,	6.696329e-03	
523	1.523524e+08	-9.99978e-01,	6.700731e-03	
524	1.524525e+08	-9.99978e-01,	6.705134e-03	
525	1.525526e+08	-9.99977e-01,	6.709536e-03	
526	1.526527e+08	-9.99977e-01,	6.713939e-03	
527	1.527528e+08	-9.99977e-01,	6.718341e-03	
528	1.528529e+08	-9.99977e-01,	6.722744e-03	
529	1.529530e+08	-9.99977e-01,	6.727146e-03	
530	1.530531e+08	-9.99977e-01,	6.731549e-03	
531	1.531532e+08	-9.99977e-01,	6.735951e-03	
532	1.532533e+08	-9.99977e-01,	6.740354e-03	
533	1.533534e+08	-9.99977e-01,	6.744756e-03	
534	1.534535e+08	-9.99977e-01,	6.749159e-03	
535	1.535536e+08	-9.99977e-01,	6.753561e-03	
536	1.536537e+08	-9.99977e-01,	6.757963e-03	
537	1.537538e+08	-9.99977e-01,	6.762366e-03	
538	1.538539e+08	-9.99977e-01,	6.766768e-03	
539	1.539540e+08	-9.99977e-01,	6.771171e-03	
540	1.540541e+08	-9.99977e-01,	6.775573e-03	
541	1.541542e+08	-9.99977e-01,	6.779976e-03	
542	1.542543e+08	-9.99977e-01,	6.784378e-03	
543	1.543544e+08	-9.99977e-01,	6.788781e-03	
544	1.544545e+08	-9.99977e-01,	6.793183e-03	
545	1.545546e+08	-9.99977e-01,	6.797586e-03	
546	1.546547e+08	-9.99977e-01,	6.801988e-03	
547	1.547548e+08	-9.99977e-01,	6.806391e-03	
548	1.548549e+08	-9.99977e-01,	6.810793e-03	
549	1.549550e+08	-9.99977e-01,	6.815196e-03	
550	1.550551e+08	-9.99977e-01,	6.819598e-03	
551	1.551552e+08	-9.99977e-01,	6.824001e-03	
552	1.552553e+08	-9.99977e-01,	6.828403e-03	
553	1.553554e+08	-9.99977e-01,	6.832806e-03	
554	1.554555e+08	-9.99977e-01,	6.837208e-03	
555	1.555556e+08	-9.99977e-01,	6.841611e-03	
556	1.556557e+08	-9.99977e-01,	6.846013e-03	
557	1.557558e+08	-9.99977e-01,	6.850416e-03	
558	1.558559e+08	-9.99977e-01,	6.854818e-03	
559	1.559560e+08	-9.99976e-01,	6.859221e-03	
560	1.560561e+08	-9.99976e-01,	6.863623e-03	
561	1.561562e+08	-9.99976e-01,	6.868025e-03	
562	1.562563e+08	-9.99976e-01,	6.872428e-03	
563	1.563564e+08	-9.99976e-01,	6.876830e-03	
564	1.564565e+08	-9.99976e-01,	6.881233e-03	
565	1.565566e+08	-9.99976e-01,	6.885635e-03	
566	1.566567e+08	-9.99976e-01,	6.890038e-03	
567	1.567568e+08	-9.99976e-01,	6.894440e-03	
568	1.568569e+08	-9.99976e-01,	6.898843e-03	
569	1.569570e+08	-9.99976e-01,	6.903245e-03	
570	1.570571e+08	-9.99976e-01,	6.907648e-03	
571	1.571572e+08	-9.99976e-01,	6.912050e-03	
572	1.572573e+08	-9.99976e-01,	6.916453e-03	
573	1.573574e+08	-9.99976e-01,	6.920855e-03	
574	1.574575e+08	-9.99976e-01,	6.925258e-03	
575	1.575576e+08	-9.99976e-01,	6.929660e-03	
576	1.576577e+08	-9.99976e-01,	6.934063e-03	

Index   frequency       s11                             
--------------------------------------------------------------------------------
577	1.577578e+08	-9.99976e-01,	6.938465e-03	
578	1.578579e+08	-9.99976e-01,	6.942868e-03	
579	1.579580e+08	-9.99976e-01,	6.947270e-03	
580	1.580581e+08	-9.99976e-01,	6.951672e-03	
581	1.581582e+08	-9.99976e-01,	6.956075e-03	
582	1.582583e+08	-9.99976e-01,	6.960477e-03	
583	1.583584e+08	-9.99976e-01,	6.964880e-03	
584	1.584585e+08	-9.99976e-01,	6.969282e-03	
585	1.585586e+08	-9.99976e-01,	6.973685e-03	
586	1.586587e+08	-9.99976e-01,	6.978087e-03	
587	1.587588e+08	-9.99976e-01,	6.982490e-03	
588	1.588589e+08	-9.99976e-01,	6.986892e-03	
589	1.589590e+08	-9.99976e-01,	6.991295e-03	
590	1.590591e+08	-9.99976e-01,	6.995697e-03	
591	1.591592e+08	-9.99975e-01,	7.000100e-03	
592	1.592593e+08	-9.99975e-01,	7.004502e-03	
593	1.593594e+08	-9.99975e-01,	7.008905e-03	
594	1.594595e+08	-9.99975e-01,	7.013307e-03	
595	1.595596e+08	-9.99975e-01,	7.017710e-03	
596	1.596597e+08	-9.99975e-01,	7.022112e-03	
597	1.597598e+08	-9.99975e-01,	7.026514e-03	
598	1.598599e+08	-9.99975e-01,	7.030917e-03	
599	1.599600e+08	-9.99975e-01,	7.035319e-03	
600	1.600601e+08	-9.99975e-01,	7.039722e-03	
601	1.601602e+08	-9.99975e-01,	7.044124e-03	
602	1.602603e+08	-9.99975e-01,	7.048527e-03	
603	1.603604e+08	-9.99975e-01,	7.052929e-03	
604	1.604605e+08	-9.99975e-01,	7.057332e-03	
605	1.605606e+08	-9.99975e-01,	7.061734e-03	
606	1.606607e+08	-9.99975e-01,	7.066137e-03	
607	1.607608e+08	-9.99975e-01,	7.070539e-03	
608	1.608609e+08	-9.99975e-01,	7.074942e-03	
609	1.609610e+08	-9.99975e-01,	7.079344e-03	
610	1.610611e+08	-9.99975e-01,	7.083747e-03	
611	1.611612e+08	-9.99975e-01,	7.088149e-03	
612	1.612613e+08	-9.99975e-01,	7.092552e-03	
613	1.613614e+08	-9.99975e-01,	7.096954e-03	
614	1.614615e+08	-9.99975e-01,	7.101356e-03	
615	1.615616e+08	-9.99975e-01,	7.105759e-03	
616	1.616617e+08	-9.99975e-01,	7.110161e-03	
617	1.617618e+08	-9.99975e-01,	7.114564e-03	
618	1.618619e+08	-9.99975e-01,	7.118966e-03	
619	1.619620e+08	-9.99975e-01,	7.123369e-03	
620	1.620621e+08	-9.99975e-01,	7.127771e-03	
621	1.621622e+08	-9.99975e-01,	7.132174e-03	
622	1.622623e+08	-9.99975e-01,	7.136576e-03	
623	1.623624e+08	-9.99975e-01,	7.140979e-03	
624	1.624625e+08	-9.99974e-01,	7.145381e-03	
625	1.625626e+08	-9.99974e-01,	7.149784e-03	
626	1.626627e+08	-9.99974e-01,	7.154186e-03	
627	1.627628e+08	-9.99974e-01,	7.158588e-03	
628	1.628629e+08	-9.99974e-01,	7.162991e-03	
629	1.629630e+08	-9.99974e-01,	7.167393e-03	
630	1.630631e+08	-9.99974e-01,	7.171796e-03	
631	1.631632e+08	-9.99974e-01,	7.176198e-03	
632	1.632633e+08	-9.99974e-01,	7.180601e-03	
633	1.633634e+08	-9.99974e-01,	7.185003e-03	
634	1.634635e+08	-9.99974e-01,	7.189406e-03	

Index   frequency       s11                             
--------------------------------------------------------------------------------
635	1.635636e+08	-9.99974e-01,	7.193808e-03	
636	1.636637e+08	-9.99974e-01,	7.198211e-03	
637	1.637638e+08	-9.99974e-01,	7.202613e-03	
638	1.638639e+08	-9.99974e-01,	7.207016e-03	
639	1.639640e+08	-9.99974e-01,	7.211418e-03	
640	1.640641e+08	-9.99974e-01,	7.215820e-03	
641	1.641642e+08	-9.99974e-01,	7.220223e-03	
642	1.642643e+08	-9.99974e-01,	7.224625e-03	
643	1.643644e+08	-9.99974e-01,	7.229028e-03	
644	1.644645e+08	-9.99974e-01,	7.233430e-03	
645	1.645646e+08	-9.99974e-01,	7.237833e-03	
646	1.646647e+08	-9.99974e-01,	7.242235e-03	
647	1.647648e+08	-9.99974e-01,	7.246638e-03	
648	1.648649e+08	-9.99974e-01,	7.251040e-03	
649	1.649650e+08	-9.99974e-01,	7.255443e-03	
650	1.650651e+08	-9.99974e-01,	7.259845e-03	
651	1.651652e+08	-9.99974e-01,	7.264248e-03	
652	1.652653e+08	-9.99974e-01,	7.268650e-03	
653	1.653654e+08	-9.99974e-01,	7.273052e-03	
654	1.654655e+08	-9.99974e-01,	7.277455e-03	
655	1.655656e+08	-9.99973e-01,	7.281857e-03	
656	1.656657e+08	-9.99973e-01,	7.286260e-03	
657	1.657658e+08	-9.99973e-01,	7.290662e-03	
658	1.658659e+08	-9.99973e-01,	7.295065e-03	
659	1.659660e+08	-9.99973e-01,	7.299467e-03	
660	1.660661e+08	-9.99973e-01,	7.303870e-03	
661	1.661662e+08	-9.99973e-01,	7.308272e-03	
662	1.662663e+08	-9.99973e-01,	7.312675e-03	
663	1.663664e+08	-9.99973e-01,	7.317077e-03	
664	1.664665e+08	-9.99973e-01,	7.321479e-03	
665	1.665666e+08	-9.99973e-01,	7.325882e-03	
666	1.666667e+08	-9.99973e-01,	7.330284e-03	
667	1.667668e+08	-9.99973e-01,	7.334687e-03	
668	1.668669e+08	-9.99973e-01,	7.339089e-03	
669	1.669670e+08	-9.99973e-01,	7.343492e-03	
670	1.670671e+08	-9.99973e-01,	7.347894e-03	
671	1.671672e+08	-9.99973e-01,	7.352297e-03	
672	1.672673e+08	-9.99973e-01,	7.356699e-03	
673	1.673674e+08	-9.99973e-01,	7.361102e-03	
674	1.674675e+08	-9.99973e-01,	7.365504e-03	
675	1.675676e+08	-9.99973e-01,	7.369906e-03	
676	1.676677e+08	-9.99973e-01,	7.374309e-03	
677	1.677678e+08	-9.99973e-01,	7.378711e-03	
678	1.678679e+08	-9.99973e-01,	7.383114e-03	
679	1.679680e+08	-9.99973e-01,	7.387516e-03	
680	1.680681e+08	-9.99973e-01,	7.391919e-03	
681	1.681682e+08	-9.99973e-01,	7.396321e-03	
682	1.682683e+08	-9.99973e-01,	7.400724e-03	
683	1.683684e+08	-9.99973e-01,	7.405126e-03	
684	1.684685e+08	-9.99973e-01,	7.409529e-03	
685	1.685686e+08	-9.99973e-01,	7.413931e-03	
686	1.686687e+08	-9.99972e-01,	7.418333e-03	
687	1.687688e+08	-9.99972e-01,	7.422736e-03	
688	1.688689e+08	-9.99972e-01,	7.427138e-03	
689	1.689690e+08	-9.99972e-01,	7.431541e-03	
690	1.690691e+08	-9.99972e-01,	7.435943e-03	
691	1.691692e+08	-9.99972e-01,	7.440346e-03	
692	1.692693e+08	-9.99972e-01,	7.444748e-03	

Index   frequency       s11                             
--------------------------------------------------------------------------------
693	1.693694e+08	-9.99972e-01,	7.449151e-03	
694	1.694695e+08	-9.99972e-01,	7.453553e-03	
695	1.695696e+08	-9.99972e-01,	7.457955e-03	
696	1.696697e+08	-9.99972e-01,	7.462358e-03	
697	1.697698e+08	-9.99972e-01,	7.466760e-03	
698	1.698699e+08	-9.99972e-01,	7.471163e-03	
699	1.699700e+08	-9.99972e-01,	7.475565e-03	
700	1.700701e+08	-9.99972e-01,	7.479968e-03	
701	1.701702e+08	-9.99972e-01,	7.484370e-03	
702	1.702703e+08	-9.99972e-01,	7.488773e-03	
703	1.703704e+08	-9.99972e-01,	7.493175e-03	
704	1.704705e+08	-9.99972e-01,	7.497578e-03	
705	1.705706e+08	-9.99972e-01,	7.501980e-03	
706	1.706707e+08	-9.99972e-01,	7.506382e-03	
707	1.707708e+08	-9.99972e-01,	7.510785e-03	
708	1.708709e+08	-9.99972e-01,	7.515187e-03	
709	1.709710e+08	-9.99972e-01,	7.519590e-03	
710	1.710711e+08	-9.99972e-01,	7.523992e-03	
711	1.711712e+08	-9.99972e-01,	7.528395e-03	
712	1.712713e+08	-9.99972e-01,	7.532797e-03	
713	1.713714e+08	-9.99972e-01,	7.537200e-03	
714	1.714715e+08	-9.99972e-01,	7.541602e-03	
715	1.715716e+08	-9.99972e-01,	7.546004e-03	
716	1.716717e+08	-9.99971e-01,	7.550407e-03	
717	1.717718e+08	-9.99971e-01,	7.554809e-03	
718	1.718719e+08	-9.99971e-01,	7.559212e-03	
719	1.719720e+08	-9.99971e-01,	7.563614e-03	
720	1.720721e+08	-9.99971e-01,	7.568017e-03	
721	1.721722e+08	-9.99971e-01,	7.572419e-03	
722	1.722723e+08	-9.99971e-01,	7.576822e-03	
723	1.723724e+08	-9.99971e-01,	7.581224e-03	
724	1.724725e+08	-9.99971e-01,	7.585626e-03	
725	1.725726e+08	-9.99971e-01,	7.590029e-03	
726	1.726727e+08	-9.99971e-01,	7.594431e-03	
727	1.727728e+08	-9.99971e-01,	7.598834e-03	
728	1.728729e+08	-9.99971e-01,	7.603236e-03	
729	1.729730e+08	-9.99971e-01,	7.607639e-03	
730	1.730731e+08	-9.99971e-01,	7.612041e-03	
731	1.731732e+08	-9.99971e-01,	7.616443e-03	
732	1.732733e+08	-9.99971e-01,	7.620846e-03	
733	1.733734e+08	-9.99971e-01,	7.625248e-03	
734	1.734735e+08	-9.99971e-01,	7.629651e-03	
735	1.735736e+08	-9.99971e-01,	7.634053e-03	
736	1.736737e+08	-9.99971e-01,	7.638456e-03	
737	1.737738e+08	-9.99971e-01,	7.642858e-03	
738	1.738739e+08	-9.99971e-01,	7.647261e-03	
739	1.739740e+08	-9.99971e-01,	7.651663e-03	
740	1.740741e+08	-9.99971e-01,	7.656065e-03	
741	1.741742e+08	-9.99971e-01,	7.660468e-03	
742	1.742743e+08	-9.99971e-01,	7.664870e-03	
743	1.743744e+08	-9.99971e-01,	7.669273e-03	
744	1.744745e+08	-9.99971e-01,	7.673675e-03	
745	1.745746e+08	-9.99971e-01,	7.678078e-03	
746	1.746747e+08	-9.99970e-01,	7.682480e-03	
747	1.747748e+08	-9.99970e-01,	7.686883e-03	
748	1.748749e+08	-9.99970e-01,	7.691285e-03	
749	1.749750e+08	-9.99970e-01,	7.695687e-03	
750	1.750751e+08	-9.99970e-01,	7.700090e-03	

Index   frequency       s11                             
--------------------------------------------------------------------------------
751	1.751752e+08	-9.99970e-01,	7.704492e-03	
752	1.752753e+08	-9.99970e-01,	7.708895e-03	
753	1.753754e+08	-9.99970e-01,	7.713297e-03	
754	1.754755e+08	-9.99970e-01,	7.717700e-03	
755	1.755756e+08	-9.99970e-01,	7.722102e-03	
756	1.756757e+08	-9.99970e-01,	7.726504e-03	
757	1.757758e+08	-9.99970e-01,	7.730907e-03	
758	1.758759e+08	-9.99970e-01,	7.735309e-03	
759	1.759760e+08	-9.99970e-01,	7.739712e-03	
760	1.760761e+08	-9.99970e-01,	7.744114e-03	
761	1.761762e+08	-9.99970e-01,	7.748517e-03	
762	1.762763e+08	-9.99970e-01,	7.752919e-03	
763	1.763764e+08	-9.99970e-01,	7.757321e-03	
764	1.764765e+08	-9.99970e-01,	7.761724e-03	
765	1.765766e+08	-9.99970e-01,	7.766126e-03	
766	1.766767e+08	-9.99970e-01,	7.770529e-03	
767	1.767768e+08	-9.99970e-01,	7.774931e-03	
768	1.768769e+08	-9.99970e-01,	7.779334e-03	
769	1.769770e+08	-9.99970e-01,	7.783736e-03	
770	1.770771e+08	-9.99970e-01,	7.788139e-03	
771	1.771772e+08	-9.99970e-01,	7.792541e-03	
772	1.772773e+08	-9.99970e-01,	7.796943e-03	
773	1.773774e+08	-9.99970e-01,	7.801346e-03	
774	1.774775e+08	-9.99970e-01,	7.805748e-03	
775	1.775776e+08	-9.99970e-01,	7.810151e-03	
776	1.776777e+08	-9.99969e-01,	7.814553e-03	
777	1.777778e+08	-9.99969e-01,	7.818956e-03	
778	1.778779e+08	-9.99969e-01,	7.823358e-03	
779	1.779780e+08	-9.99969e-01,	7.827760e-03	
780	1.780781e+08	-9.99969e-01,	7.832163e-03	
781	1.781782e+08	-9.99969e-01,	7.836565e-03	
782	1.782783e+08	-9.99969e-01,	7.840968e-03	
783	1.783784e+08	-9.99969e-01,	7.845370e-03	
784	1.784785e+08	-9.99969e-01,	7.849773e-03	
785	1.785786e+08	-9.99969e-01,	7.854175e-03	
786	1.786787e+08	-9.99969e-01,	7.858577e-03	
787	1.787788e+08	-9.99969e-01,	7.862980e-03	
788	1.788789e+08	-9.99969e-01,	7.867382e-03	
789	1.789790e+08	-9.99969e-01,	7.871785e-03	
790	1.790791e+08	-9.99969e-01,	7.876187e-03	
791	1.791792e+08	-9.99969e-01,	7.880590e-03	
792	1.792793e+08	-9.99969e-01,	7.884992e-03	
793	1.793794e+08	-9.99969e-01,	7.889394e-03	
794	1.794795e+08	-9.99969e-01,	7.893797e-03	
795	1.795796e+08	-9.99969e-01,	7.898199e-03	
796	1.796797e+08	-9.99969e-01,	7.902602e-03	
797	1.797798e+08	-9.99969e-01,	7.907004e-03	
798	1.798799e+08	-9.99969e-01,	7.911407e-03	
799	1.799800e+08	-9.99969e-01,	7.915809e-03	
800	1.800801e+08	-9.99969e-01,	7.920211e-03	
801	1.801802e+08	-9.99969e-01,	7.924614e-03	
802	1.802803e+08	-9.99969e-01,	7.929016e-03	
803	1.803804e+08	-9.99969e-01,	7.933419e-03	
804	1.804805e+08	-9.99968e-01,	7.937821e-03	
805	1.805806e+08	-9.99968e-01,	7.942224e-03	
806	1.806807e+08	-9.99968e-01,	7.946626e-03	
807	1.807808e+08	-9.99968e-01,	7.951028e-03	
808	1.808809e+08	-9.99968e-01,	7.955431e-03	

Index   frequency       s11                             
--------------------------------------------------------------------------------
809	1.809810e+08	-9.99968e-01,	7.959833e-03	
810	1.810811e+08	-9.99968e-01,	7.964236e-03	
811	1.811812e+08	-9.99968e-01,	7.968638e-03	
812	1.812813e+08	-9.99968e-01,	7.973040e-03	
813	1.813814e+08	-9.99968e-01,	7.977443e-03	
814	1.814815e+08	-9.99968e-01,	7.981845e-03	
815	1.815816e+08	-9.99968e-01,	7.986248e-03	
816	1.816817e+08	-9.99968e-01,	7.990650e-03	
817	1.817818e+08	-9.99968e-01,	7.995053e-03	
818	1.818819e+08	-9.99968e-01,	7.999455e-03	
819	1.819820e+08	-9.99968e-01,	8.003857e-03	
820	1.820821e+08	-9.99968e-01,	8.008260e-03	
821	1.821822e+08	-9.99968e-01,	8.012662e-03	
822	1.822823e+08	-9.99968e-01,	8.017065e-03	
823	1.823824e+08	-9.99968e-01,	8.021467e-03	
824	1.824825e+08	-9.99968e-01,	8.025870e-03	
825	1.825826e+08	-9.99968e-01,	8.030272e-03	
826	1.826827e+08	-9.99968e-01,	8.034674e-03	
827	1.827828e+08	-9.99968e-01,	8.039077e-03	
828	1.828829e+08	-9.99968e-01,	8.043479e-03	
829	1.829830e+08	-9.99968e-01,	8.047882e-03	
830	1.830831e+08	-9.99968e-01,	8.052284e-03	
831	1.831832e+08	-9.99968e-01,	8.056686e-03	
832	1.832833e+08	-9.99968e-01,	8.061089e-03	
833	1.833834e+08	-9.99967e-01,	8.065491e-03	
834	1.834835e+08	-9.99967e-01,	8.069894e-03	
835	1.835836e+08	-9.99967e-01,	8.074296e-03	
836	1.836837e+08	-9.99967e-01,	8.078699e-03	
837	1.837838e+08	-9.99967e-01,	8.083101e-03	
838	1.838839e+08	-9.99967e-01,	8.087503e-03	
839	1.839840e+08	-9.99967e-01,	8.091906e-03	
840	1.840841e+08	-9.99967e-01,	8.096308e-03	
841	1.841842e+08	-9.99967e-01,	8.100711e-03	
842	1.842843e+08	-9.99967e-01,	8.105113e-03	
843	1.843844e+08	-9.99967e-01,	8.109515e-03	
844	1.844845e+08	-9.99967e-01,	8.113918e-03	
845	1.845846e+08	-9.99967e-01,	8.118320e-03	
846	1.846847e+08	-9.99967e-01,	8.122723e-03	
847	1.847848e+08	-9.99967e-01,	8.127125e-03	
848	1.848849e+08	-9.99967e-01,	8.131528e-03	
849	1.849850e+08	-9.99967e-01,	8.135930e-03	
850	1.850851e+08	-9.99967e-01,	8.140332e-03	
851	1.851852e+08	-9.99967e-01,	8.144735e-03	
852	1.852853e+08	-9.99967e-01,	8.149137e-03	
853	1.853854e+08	-9.99967e-01,	8.153540e-03	
854	1.854855e+08	-9.99967e-01,	8.157942e-03	
855	1.855856e+08	-9.99967e-01,	8.162344e-03	
856	1.856857e+08	-9.99967e-01,	8.166747e-03	
857	1.857858e+08	-9.99967e-01,	8.171149e-03	
858	1.858859e+08	-9.99967e-01,	8.175552e-03	
859	1.859860e+08	-9.99967e-01,	8.179954e-03	
860	1.860861e+08	-9.99967e-01,	8.184356e-03	
861	1.861862e+08	-9.99966e-01,	8.188759e-03	
862	1.862863e+08	-9.99966e-01,	8.193161e-03	
863	1.863864e+08	-9.99966e-01,	8.197564e-03	
864	1.864865e+08	-9.99966e-01,	8.201966e-03	
865	1.865866e+08	-9.99966e-01,	8.206369e-03	
866	1.866867e+08	-9.99966e-01,	8.210771e-03	

Index   frequency       s11                             
--------------------------------------------------------------------------------
867	1.867868e+08	-9.99966e-01,	8.215173e-03	
868	1.868869e+08	-9.99966e-01,	8.219576e-03	
869	1.869870e+08	-9.99966e-01,	8.223978e-03	
870	1.870871e+08	-9.99966e-01,	8.228381e-03	
871	1.871872e+08	-9.99966e-01,	8.232783e-03	
872	1.872873e+08	-9.99966e-01,	8.237185e-03	
873	1.873874e+08	-9.99966e-01,	8.241588e-03	
874	1.874875e+08	-9.99966e-01,	8.245990e-03	
875	1.875876e+08	-9.99966e-01,	8.250393e-03	
876	1.876877e+08	-9.99966e-01,	8.254795e-03	
877	1.877878e+08	-9.99966e-01,	8.259197e-03	
878	1.878879e+08	-9.99966e-01,	8.263600e-03	
879	1.879880e+08	-9.99966e-01,	8.268002e-03	
880	1.880881e+08	-9.99966e-01,	8.272405e-03	
881	1.881882e+08	-9.99966e-01,	8.276807e-03	
882	1.882883e+08	-9.99966e-01,	8.281209e-03	
883	1.883884e+08	-9.99966e-01,	8.285612e-03	
884	1.884885e+08	-9.99966e-01,	8.290014e-03	
885	1.885886e+08	-9.99966e-01,	8.294417e-03	
886	1.886887e+08	-9.99966e-01,	8.298819e-03	
887	1.887888e+08	-9.99966e-01,	8.303221e-03	
888	1.888889e+08	-9.99965e-01,	8.307624e-03	
889	1.889890e+08	-9.99965e-01,	8.312026e-03	
890	1.890891e+08	-9.99965e-01,	8.316429e-03	
891	1.891892e+08	-9.99965e-01,	8.320831e-03	
892	1.892893e+08	-9.99965e-01,	8.325234e-03	
893	1.893894e+08	-9.99965e-01,	8.329636e-03	
894	1.894895e+08	-9.99965e-01,	8.334038e-03	
895	1.895896e+08	-9.99965e-01,	8.338441e-03	
896	1.896897e+08	-9.99965e-01,	8.342843e-03	
897	1.897898e+08	-9.99965e-01,	8.347246e-03	
898	1.898899e+08	-9.99965e-01,	8.351648e-03	
899	1.899900e+08	-9.99965e-01,	8.356050e-03	
900	1.900901e+08	-9.99965e-01,	8.360453e-03	
901	1.901902e+08	-9.99965e-01,	8.364855e-03	
902	1.902903e+08	-9.99965e-01,	8.369258e-03	
903	1.903904e+08	-9.99965e-01,	8.373660e-03	
904	1.904905e+08	-9.99965e-01,	8.378062e-03	
905	1.905906e+08	-9.99965e-01,	8.382465e-03	
906	1.906907e+08	-9.99965e-01,	8.386867e-03	
907	1.907908e+08	-9.99965e-01,	8.391270e-03	
908	1.908909e+08	-9.99965e-01,	8.395672e-03	
909	1.909910e+08	-9.99965e-01,	8.400074e-03	
910	1.910911e+08	-9.99965e-01,	8.404477e-03	
911	1.911912e+08	-9.99965e-01,	8.408879e-03	
912	1.912913e+08	-9.99965e-01,	8.413282e-03	
913	1.913914e+08	-9.99965e-01,	8.417684e-03	
914	1.914915e+08	-9.99965e-01,	8.422086e-03	
915	1.915916e+08	-9.99964e-01,	8.426489e-03	
916	1.916917e+08	-9.99964e-01,	8.430891e-03	
917	1.917918e+08	-9.99964e-01,	8.435294e-03	
918	1.918919e+08	-9.99964e-01,	8.439696e-03	
919	1.919920e+08	-9.99964e-01,	8.444098e-03	
920	1.920921e+08	-9.99964e-01,	8.448501e-03	
921	1.921922e+08	-9.99964e-01,	8.452903e-03	
922	1.922923e+08	-9.99964e-01,	8.457306e-03	
923	1.923924e+08	-9.99964e-01,	8.461708e-03	
924	1.924925e+08	-9.99964e-01,	8.466110e-03	

Index   frequency       s11                             
--------------------------------------------------------------------------------
925	1.925926e+08	-9.99964e-01,	8.470513e-03	
926	1.926927e+08	-9.99964e-01,	8.474915e-03	
927	1.927928e+08	-9.99964e-01,	8.479317e-03	
928	1.928929e+08	-9.99964e-01,	8.483720e-03	
929	1.929930e+08	-9.99964e-01,	8.488122e-03	
930	1.930931e+08	-9.99964e-01,	8.492525e-03	
931	1.931932e+08	-9.99964e-01,	8.496927e-03	
932	1.932933e+08	-9.99964e-01,	8.501329e-03	
933	1.933934e+08	-9.99964e-01,	8.505732e-03	
934	1.934935e+08	-9.99964e-01,	8.510134e-03	
935	1.935936e+08	-9.99964e-01,	8.514537e-03	
936	1.936937e+08	-9.99964e-01,	8.518939e-03	
937	1.937938e+08	-9.99964e-01,	8.523341e-03	
938	1.938939e+08	-9.99964e-01,	8.527744e-03	
939	1.939940e+08	-9.99964e-01,	8.532146e-03	
940	1.940941e+08	-9.99964e-01,	8.536549e-03	
941	1.941942e+08	-9.99964e-01,	8.540951e-03	
942	1.942943e+08	-9.99963e-01,	8.545353e-03	
943	1.943944e+08	-9.99963e-01,	8.549756e-03	
944	1.944945e+08	-9.99963e-01,	8.554158e-03	
945	1.945946e+08	-9.99963e-01,	8.558561e-03	
946	1.946947e+08	-9.99963e-01,	8.562963e-03	
947	1.947948e+08	-9.99963e-01,	8.567365e-03	
948	1.948949e+08	-9.99963e-01,	8.571768e-03	
949	1.949950e+08	-9.99963e-01,	8.576170e-03	
950	1.950951e+08	-9.99963e-01,	8.580573e-03	
951	1.951952e+08	-9.99963e-01,	8.584975e-03	
952	1.952953e+08	-9.99963e-01,	8.589377e-03	
953	1.953954e+08	-9.99963e-01,	8.593780e-03	
954	1.954955e+08	-9.99963e-01,	8.598182e-03	
955	1.955956e+08	-9.99963e-01,	8.602584e-03	
956	1.956957e+08	-9.99963e-01,	8.606987e-03	
957	1.957958e+08	-9.99963e-01,	8.611389e-03	
958	1.958959e+08	-9.99963e-01,	8.615792e-03	
959	1.959960e+08	-9.99963e-01,	8.620194e-03	
960	1.960961e+08	-9.99963e-01,	8.624596e-03	
961	1.961962e+08	-9.99963e-01,	8.628999e-03	
962	1.962963e+08	-9.99963e-01,	8.633401e-03	
963	1.963964e+08	-9.99963e-01,	8.637804e-03	
964	1.964965e+08	-9.99963e-01,	8.642206e-03	
965	1.965966e+08	-9.99963e-01,	8.646608e-03	
966	1.966967e+08	-9.99963e-01,	8.651011e-03	
967	1.967968e+08	-9.99963e-01,	8.655413e-03	
968	1.968969e+08	-9.99963e-01,	8.659815e-03	
969	1.969970e+08	-9.99962e-01,	8.664218e-03	
970	1.970971e+08	-9.99962e-01,	8.668620e-03	
971	1.971972e+08	-9.99962e-01,	8.673023e-03	
972	1.972973e+08	-9.99962e-01,	8.677425e-03	
973	1.973974e+08	-9.99962e-01,	8.681827e-03	
974	1.974975e+08	-9.99962e-01,	8.686230e-03	
975	1.975976e+08	-9.99962e-01,	8.690632e-03	
976	1.976977e+08	-9.99962e-01,	8.695035e-03	
977	1.977978e+08	-9.99962e-01,	8.699437e-03	
978	1.978979e+08	-9.99962e-01,	8.703839e-03	
979	1.979980e+08	-9.99962e-01,	8.708242e-03	
980	1.980981e+08	-9.99962e-01,	8.712644e-03	
981	1.981982e+08	-9.99962e-01,	8.717046e-03	
982	1.982983e+08	-9.99962e-01,	8.721449e-03	

Index   frequency       s11                             
--------------------------------------------------------------------------------
983	1.983984e+08	-9.99962e-01,	8.725851e-03	
984	1.984985e+08	-9.99962e-01,	8.730254e-03	
985	1.985986e+08	-9.99962e-01,	8.734656e-03	
986	1.986987e+08	-9.99962e-01,	8.739058e-03	
987	1.987988e+08	-9.99962e-01,	8.743461e-03	
988	1.988989e+08	-9.99962e-01,	8.747863e-03	
989	1.989990e+08	-9.99962e-01,	8.752265e-03	
990	1.990991e+08	-9.99962e-01,	8.756668e-03	
991	1.991992e+08	-9.99962e-01,	8.761070e-03	
992	1.992993e+08	-9.99962e-01,	8.765473e-03	
993	1.993994e+08	-9.99962e-01,	8.769875e-03	
994	1.994995e+08	-9.99962e-01,	8.774277e-03	
995	1.995996e+08	-9.99961e-01,	8.778680e-03	
996	1.996997e+08	-9.99961e-01,	8.783082e-03	
997	1.997998e+08	-9.99961e-01,	8.787485e-03	
998	1.998999e+08	-9.99961e-01,	8.791887e-03	
999	2.000000e+08	-9.99961e-01,	8.796289e-03	
