 * gnetlist -g spice-noqsi -o test_active_inductor.net test_active_inductor.sch
 AC Analysis  Sat Apr 21 22:23:01  2018
--------------------------------------------------------------------------------
Index   frequency       s11                             
--------------------------------------------------------------------------------
0	1.000000e+08	9.997594e-01,	1.132420e-07	
1	1.001001e+08	9.997594e-01,	1.133554e-07	
2	1.002002e+08	9.997594e-01,	1.134687e-07	
3	1.003003e+08	9.997594e-01,	1.135821e-07	
4	1.004004e+08	9.997594e-01,	1.136954e-07	
5	1.005005e+08	9.997594e-01,	1.138088e-07	
6	1.006006e+08	9.997594e-01,	1.139221e-07	
7	1.007007e+08	9.997594e-01,	1.140355e-07	
8	1.008008e+08	9.997594e-01,	1.141488e-07	
9	1.009009e+08	9.997594e-01,	1.142622e-07	
10	1.010010e+08	9.997594e-01,	1.143755e-07	
11	1.011011e+08	9.997594e-01,	1.144889e-07	
12	1.012012e+08	9.997594e-01,	1.146022e-07	
13	1.013013e+08	9.997594e-01,	1.147156e-07	
14	1.014014e+08	9.997594e-01,	1.148289e-07	
15	1.015015e+08	9.997594e-01,	1.149423e-07	
16	1.016016e+08	9.997594e-01,	1.150556e-07	
17	1.017017e+08	9.997594e-01,	1.151690e-07	
18	1.018018e+08	9.997594e-01,	1.152823e-07	
19	1.019019e+08	9.997594e-01,	1.153957e-07	
20	1.020020e+08	9.997594e-01,	1.155090e-07	
21	1.021021e+08	9.997594e-01,	1.156223e-07	
22	1.022022e+08	9.997594e-01,	1.157357e-07	
23	1.023023e+08	9.997594e-01,	1.158490e-07	
24	1.024024e+08	9.997594e-01,	1.159624e-07	
25	1.025025e+08	9.997594e-01,	1.160757e-07	
26	1.026026e+08	9.997594e-01,	1.161891e-07	
27	1.027027e+08	9.997594e-01,	1.163024e-07	
28	1.028028e+08	9.997594e-01,	1.164158e-07	
29	1.029029e+08	9.997594e-01,	1.165291e-07	
30	1.030030e+08	9.997594e-01,	1.166425e-07	
31	1.031031e+08	9.997594e-01,	1.167558e-07	
32	1.032032e+08	9.997594e-01,	1.168692e-07	
33	1.033033e+08	9.997594e-01,	1.169825e-07	
34	1.034034e+08	9.997594e-01,	1.170959e-07	
35	1.035035e+08	9.997594e-01,	1.172092e-07	
36	1.036036e+08	9.997594e-01,	1.173226e-07	
37	1.037037e+08	9.997594e-01,	1.174359e-07	
38	1.038038e+08	9.997594e-01,	1.175493e-07	
39	1.039039e+08	9.997594e-01,	1.176626e-07	
40	1.040040e+08	9.997594e-01,	1.177760e-07	
41	1.041041e+08	9.997594e-01,	1.178893e-07	
42	1.042042e+08	9.997594e-01,	1.180027e-07	
43	1.043043e+08	9.997594e-01,	1.181160e-07	
44	1.044044e+08	9.997594e-01,	1.182294e-07	
45	1.045045e+08	9.997594e-01,	1.183427e-07	
46	1.046046e+08	9.997594e-01,	1.184561e-07	
47	1.047047e+08	9.997594e-01,	1.185694e-07	
48	1.048048e+08	9.997594e-01,	1.186828e-07	
49	1.049049e+08	9.997594e-01,	1.187961e-07	
50	1.050050e+08	9.997594e-01,	1.189095e-07	
51	1.051051e+08	9.997594e-01,	1.190228e-07	
52	1.052052e+08	9.997594e-01,	1.191362e-07	
53	1.053053e+08	9.997594e-01,	1.192495e-07	
54	1.054054e+08	9.997594e-01,	1.193628e-07	

Index   frequency       s11                             
--------------------------------------------------------------------------------
55	1.055055e+08	9.997594e-01,	1.194762e-07	
56	1.056056e+08	9.997594e-01,	1.195895e-07	
57	1.057057e+08	9.997594e-01,	1.197029e-07	
58	1.058058e+08	9.997594e-01,	1.198162e-07	
59	1.059059e+08	9.997594e-01,	1.199296e-07	
60	1.060060e+08	9.997594e-01,	1.200429e-07	
61	1.061061e+08	9.997594e-01,	1.201563e-07	
62	1.062062e+08	9.997594e-01,	1.202696e-07	
63	1.063063e+08	9.997594e-01,	1.203830e-07	
64	1.064064e+08	9.997594e-01,	1.204963e-07	
65	1.065065e+08	9.997594e-01,	1.206097e-07	
66	1.066066e+08	9.997594e-01,	1.207230e-07	
67	1.067067e+08	9.997594e-01,	1.208364e-07	
68	1.068068e+08	9.997594e-01,	1.209497e-07	
69	1.069069e+08	9.997594e-01,	1.210631e-07	
70	1.070070e+08	9.997594e-01,	1.211764e-07	
71	1.071071e+08	9.997594e-01,	1.212898e-07	
72	1.072072e+08	9.997594e-01,	1.214031e-07	
73	1.073073e+08	9.997594e-01,	1.215165e-07	
74	1.074074e+08	9.997594e-01,	1.216298e-07	
75	1.075075e+08	9.997594e-01,	1.217432e-07	
76	1.076076e+08	9.997594e-01,	1.218565e-07	
77	1.077077e+08	9.997594e-01,	1.219699e-07	
78	1.078078e+08	9.997594e-01,	1.220832e-07	
79	1.079079e+08	9.997594e-01,	1.221965e-07	
80	1.080080e+08	9.997594e-01,	1.223099e-07	
81	1.081081e+08	9.997594e-01,	1.224232e-07	
82	1.082082e+08	9.997594e-01,	1.225366e-07	
83	1.083083e+08	9.997594e-01,	1.226499e-07	
84	1.084084e+08	9.997594e-01,	1.227633e-07	
85	1.085085e+08	9.997594e-01,	1.228766e-07	
86	1.086086e+08	9.997594e-01,	1.229900e-07	
87	1.087087e+08	9.997594e-01,	1.231033e-07	
88	1.088088e+08	9.997594e-01,	1.232167e-07	
89	1.089089e+08	9.997594e-01,	1.233300e-07	
90	1.090090e+08	9.997594e-01,	1.234434e-07	
91	1.091091e+08	9.997594e-01,	1.235567e-07	
92	1.092092e+08	9.997594e-01,	1.236701e-07	
93	1.093093e+08	9.997594e-01,	1.237834e-07	
94	1.094094e+08	9.997594e-01,	1.238968e-07	
95	1.095095e+08	9.997594e-01,	1.240101e-07	
96	1.096096e+08	9.997594e-01,	1.241235e-07	
97	1.097097e+08	9.997594e-01,	1.242368e-07	
98	1.098098e+08	9.997594e-01,	1.243501e-07	
99	1.099099e+08	9.997594e-01,	1.244635e-07	
100	1.100100e+08	9.997594e-01,	1.245768e-07	
101	1.101101e+08	9.997594e-01,	1.246902e-07	
102	1.102102e+08	9.997594e-01,	1.248035e-07	
103	1.103103e+08	9.997594e-01,	1.249169e-07	
104	1.104104e+08	9.997594e-01,	1.250302e-07	
105	1.105105e+08	9.997594e-01,	1.251436e-07	
106	1.106106e+08	9.997594e-01,	1.252569e-07	
107	1.107107e+08	9.997594e-01,	1.253703e-07	
108	1.108108e+08	9.997594e-01,	1.254836e-07	
109	1.109109e+08	9.997594e-01,	1.255970e-07	
110	1.110110e+08	9.997594e-01,	1.257103e-07	
111	1.111111e+08	9.997594e-01,	1.258237e-07	
112	1.112112e+08	9.997594e-01,	1.259370e-07	

Index   frequency       s11                             
--------------------------------------------------------------------------------
113	1.113113e+08	9.997594e-01,	1.260504e-07	
114	1.114114e+08	9.997594e-01,	1.261637e-07	
115	1.115115e+08	9.997594e-01,	1.262770e-07	
116	1.116116e+08	9.997594e-01,	1.263904e-07	
117	1.117117e+08	9.997594e-01,	1.265037e-07	
118	1.118118e+08	9.997594e-01,	1.266171e-07	
119	1.119119e+08	9.997594e-01,	1.267304e-07	
120	1.120120e+08	9.997594e-01,	1.268438e-07	
121	1.121121e+08	9.997594e-01,	1.269571e-07	
122	1.122122e+08	9.997594e-01,	1.270705e-07	
123	1.123123e+08	9.997594e-01,	1.271838e-07	
124	1.124124e+08	9.997594e-01,	1.272972e-07	
125	1.125125e+08	9.997594e-01,	1.274105e-07	
126	1.126126e+08	9.997594e-01,	1.275239e-07	
127	1.127127e+08	9.997594e-01,	1.276372e-07	
128	1.128128e+08	9.997594e-01,	1.277506e-07	
129	1.129129e+08	9.997594e-01,	1.278639e-07	
130	1.130130e+08	9.997594e-01,	1.279773e-07	
131	1.131131e+08	9.997594e-01,	1.280906e-07	
132	1.132132e+08	9.997594e-01,	1.282039e-07	
133	1.133133e+08	9.997594e-01,	1.283173e-07	
134	1.134134e+08	9.997594e-01,	1.284306e-07	
135	1.135135e+08	9.997594e-01,	1.285440e-07	
136	1.136136e+08	9.997594e-01,	1.286573e-07	
137	1.137137e+08	9.997594e-01,	1.287707e-07	
138	1.138138e+08	9.997594e-01,	1.288840e-07	
139	1.139139e+08	9.997594e-01,	1.289974e-07	
140	1.140140e+08	9.997594e-01,	1.291107e-07	
141	1.141141e+08	9.997594e-01,	1.292241e-07	
142	1.142142e+08	9.997594e-01,	1.293374e-07	
143	1.143143e+08	9.997594e-01,	1.294508e-07	
144	1.144144e+08	9.997594e-01,	1.295641e-07	
145	1.145145e+08	9.997594e-01,	1.296774e-07	
146	1.146146e+08	9.997594e-01,	1.297908e-07	
147	1.147147e+08	9.997594e-01,	1.299041e-07	
148	1.148148e+08	9.997594e-01,	1.300175e-07	
149	1.149149e+08	9.997594e-01,	1.301308e-07	
150	1.150150e+08	9.997594e-01,	1.302442e-07	
151	1.151151e+08	9.997594e-01,	1.303575e-07	
152	1.152152e+08	9.997594e-01,	1.304709e-07	
153	1.153153e+08	9.997594e-01,	1.305842e-07	
154	1.154154e+08	9.997594e-01,	1.306976e-07	
155	1.155155e+08	9.997594e-01,	1.308109e-07	
156	1.156156e+08	9.997594e-01,	1.309243e-07	
157	1.157157e+08	9.997594e-01,	1.310376e-07	
158	1.158158e+08	9.997594e-01,	1.311509e-07	
159	1.159159e+08	9.997594e-01,	1.312643e-07	
160	1.160160e+08	9.997594e-01,	1.313776e-07	
161	1.161161e+08	9.997594e-01,	1.314910e-07	
162	1.162162e+08	9.997594e-01,	1.316043e-07	
163	1.163163e+08	9.997594e-01,	1.317177e-07	
164	1.164164e+08	9.997594e-01,	1.318310e-07	
165	1.165165e+08	9.997594e-01,	1.319444e-07	
166	1.166166e+08	9.997594e-01,	1.320577e-07	
167	1.167167e+08	9.997594e-01,	1.321711e-07	
168	1.168168e+08	9.997594e-01,	1.322844e-07	
169	1.169169e+08	9.997594e-01,	1.323978e-07	
170	1.170170e+08	9.997594e-01,	1.325111e-07	

Index   frequency       s11                             
--------------------------------------------------------------------------------
171	1.171171e+08	9.997594e-01,	1.326244e-07	
172	1.172172e+08	9.997594e-01,	1.327378e-07	
173	1.173173e+08	9.997594e-01,	1.328511e-07	
174	1.174174e+08	9.997594e-01,	1.329645e-07	
175	1.175175e+08	9.997594e-01,	1.330778e-07	
176	1.176176e+08	9.997594e-01,	1.331912e-07	
177	1.177177e+08	9.997594e-01,	1.333045e-07	
178	1.178178e+08	9.997594e-01,	1.334179e-07	
179	1.179179e+08	9.997594e-01,	1.335312e-07	
180	1.180180e+08	9.997594e-01,	1.336446e-07	
181	1.181181e+08	9.997594e-01,	1.337579e-07	
182	1.182182e+08	9.997594e-01,	1.338712e-07	
183	1.183183e+08	9.997594e-01,	1.339846e-07	
184	1.184184e+08	9.997594e-01,	1.340979e-07	
185	1.185185e+08	9.997594e-01,	1.342113e-07	
186	1.186186e+08	9.997594e-01,	1.343246e-07	
187	1.187187e+08	9.997594e-01,	1.344380e-07	
188	1.188188e+08	9.997594e-01,	1.345513e-07	
189	1.189189e+08	9.997594e-01,	1.346647e-07	
190	1.190190e+08	9.997594e-01,	1.347780e-07	
191	1.191191e+08	9.997594e-01,	1.348914e-07	
192	1.192192e+08	9.997594e-01,	1.350047e-07	
193	1.193193e+08	9.997594e-01,	1.351180e-07	
194	1.194194e+08	9.997594e-01,	1.352314e-07	
195	1.195195e+08	9.997594e-01,	1.353447e-07	
196	1.196196e+08	9.997594e-01,	1.354581e-07	
197	1.197197e+08	9.997594e-01,	1.355714e-07	
198	1.198198e+08	9.997594e-01,	1.356848e-07	
199	1.199199e+08	9.997594e-01,	1.357981e-07	
200	1.200200e+08	9.997594e-01,	1.359115e-07	
201	1.201201e+08	9.997594e-01,	1.360248e-07	
202	1.202202e+08	9.997594e-01,	1.361382e-07	
203	1.203203e+08	9.997594e-01,	1.362515e-07	
204	1.204204e+08	9.997594e-01,	1.363648e-07	
205	1.205205e+08	9.997594e-01,	1.364782e-07	
206	1.206206e+08	9.997594e-01,	1.365915e-07	
207	1.207207e+08	9.997594e-01,	1.367049e-07	
208	1.208208e+08	9.997594e-01,	1.368182e-07	
209	1.209209e+08	9.997594e-01,	1.369316e-07	
210	1.210210e+08	9.997594e-01,	1.370449e-07	
211	1.211211e+08	9.997594e-01,	1.371583e-07	
212	1.212212e+08	9.997594e-01,	1.372716e-07	
213	1.213213e+08	9.997594e-01,	1.373849e-07	
214	1.214214e+08	9.997594e-01,	1.374983e-07	
215	1.215215e+08	9.997594e-01,	1.376116e-07	
216	1.216216e+08	9.997594e-01,	1.377250e-07	
217	1.217217e+08	9.997594e-01,	1.378383e-07	
218	1.218218e+08	9.997594e-01,	1.379517e-07	
219	1.219219e+08	9.997594e-01,	1.380650e-07	
220	1.220220e+08	9.997594e-01,	1.381784e-07	
221	1.221221e+08	9.997594e-01,	1.382917e-07	
222	1.222222e+08	9.997594e-01,	1.384050e-07	
223	1.223223e+08	9.997594e-01,	1.385184e-07	
224	1.224224e+08	9.997594e-01,	1.386317e-07	
225	1.225225e+08	9.997594e-01,	1.387451e-07	
226	1.226226e+08	9.997594e-01,	1.388584e-07	
227	1.227227e+08	9.997594e-01,	1.389718e-07	
228	1.228228e+08	9.997594e-01,	1.390851e-07	

Index   frequency       s11                             
--------------------------------------------------------------------------------
229	1.229229e+08	9.997594e-01,	1.391985e-07	
230	1.230230e+08	9.997594e-01,	1.393118e-07	
231	1.231231e+08	9.997594e-01,	1.394252e-07	
232	1.232232e+08	9.997594e-01,	1.395385e-07	
233	1.233233e+08	9.997594e-01,	1.396518e-07	
234	1.234234e+08	9.997594e-01,	1.397652e-07	
235	1.235235e+08	9.997594e-01,	1.398785e-07	
236	1.236236e+08	9.997594e-01,	1.399919e-07	
237	1.237237e+08	9.997594e-01,	1.401052e-07	
238	1.238238e+08	9.997594e-01,	1.402186e-07	
239	1.239239e+08	9.997594e-01,	1.403319e-07	
240	1.240240e+08	9.997594e-01,	1.404452e-07	
241	1.241241e+08	9.997594e-01,	1.405586e-07	
242	1.242242e+08	9.997594e-01,	1.406719e-07	
243	1.243243e+08	9.997594e-01,	1.407853e-07	
244	1.244244e+08	9.997594e-01,	1.408986e-07	
245	1.245245e+08	9.997594e-01,	1.410120e-07	
246	1.246246e+08	9.997594e-01,	1.411253e-07	
247	1.247247e+08	9.997594e-01,	1.412387e-07	
248	1.248248e+08	9.997594e-01,	1.413520e-07	
249	1.249249e+08	9.997594e-01,	1.414653e-07	
250	1.250250e+08	9.997594e-01,	1.415787e-07	
251	1.251251e+08	9.997594e-01,	1.416920e-07	
252	1.252252e+08	9.997594e-01,	1.418054e-07	
253	1.253253e+08	9.997594e-01,	1.419187e-07	
254	1.254254e+08	9.997594e-01,	1.420321e-07	
255	1.255255e+08	9.997594e-01,	1.421454e-07	
256	1.256256e+08	9.997594e-01,	1.422588e-07	
257	1.257257e+08	9.997594e-01,	1.423721e-07	
258	1.258258e+08	9.997594e-01,	1.424854e-07	
259	1.259259e+08	9.997594e-01,	1.425988e-07	
260	1.260260e+08	9.997594e-01,	1.427121e-07	
261	1.261261e+08	9.997594e-01,	1.428255e-07	
262	1.262262e+08	9.997594e-01,	1.429388e-07	
263	1.263263e+08	9.997594e-01,	1.430522e-07	
264	1.264264e+08	9.997594e-01,	1.431655e-07	
265	1.265265e+08	9.997594e-01,	1.432788e-07	
266	1.266266e+08	9.997594e-01,	1.433922e-07	
267	1.267267e+08	9.997594e-01,	1.435055e-07	
268	1.268268e+08	9.997594e-01,	1.436189e-07	
269	1.269269e+08	9.997594e-01,	1.437322e-07	
270	1.270270e+08	9.997594e-01,	1.438456e-07	
271	1.271271e+08	9.997594e-01,	1.439589e-07	
272	1.272272e+08	9.997594e-01,	1.440723e-07	
273	1.273273e+08	9.997594e-01,	1.441856e-07	
274	1.274274e+08	9.997594e-01,	1.442989e-07	
275	1.275275e+08	9.997594e-01,	1.444123e-07	
276	1.276276e+08	9.997594e-01,	1.445256e-07	
277	1.277277e+08	9.997594e-01,	1.446390e-07	
278	1.278278e+08	9.997594e-01,	1.447523e-07	
279	1.279279e+08	9.997594e-01,	1.448657e-07	
280	1.280280e+08	9.997594e-01,	1.449790e-07	
281	1.281281e+08	9.997594e-01,	1.450923e-07	
282	1.282282e+08	9.997594e-01,	1.452057e-07	
283	1.283283e+08	9.997594e-01,	1.453190e-07	
284	1.284284e+08	9.997594e-01,	1.454324e-07	
285	1.285285e+08	9.997594e-01,	1.455457e-07	
286	1.286286e+08	9.997594e-01,	1.456591e-07	

Index   frequency       s11                             
--------------------------------------------------------------------------------
287	1.287287e+08	9.997594e-01,	1.457724e-07	
288	1.288288e+08	9.997594e-01,	1.458857e-07	
289	1.289289e+08	9.997594e-01,	1.459991e-07	
290	1.290290e+08	9.997594e-01,	1.461124e-07	
291	1.291291e+08	9.997594e-01,	1.462258e-07	
292	1.292292e+08	9.997594e-01,	1.463391e-07	
293	1.293293e+08	9.997594e-01,	1.464525e-07	
294	1.294294e+08	9.997594e-01,	1.465658e-07	
295	1.295295e+08	9.997594e-01,	1.466791e-07	
296	1.296296e+08	9.997594e-01,	1.467925e-07	
297	1.297297e+08	9.997594e-01,	1.469058e-07	
298	1.298298e+08	9.997594e-01,	1.470192e-07	
299	1.299299e+08	9.997594e-01,	1.471325e-07	
300	1.300300e+08	9.997594e-01,	1.472459e-07	
301	1.301301e+08	9.997594e-01,	1.473592e-07	
302	1.302302e+08	9.997594e-01,	1.474725e-07	
303	1.303303e+08	9.997594e-01,	1.475859e-07	
304	1.304304e+08	9.997594e-01,	1.476992e-07	
305	1.305305e+08	9.997594e-01,	1.478126e-07	
306	1.306306e+08	9.997594e-01,	1.479259e-07	
307	1.307307e+08	9.997594e-01,	1.480393e-07	
308	1.308308e+08	9.997594e-01,	1.481526e-07	
309	1.309309e+08	9.997594e-01,	1.482659e-07	
310	1.310310e+08	9.997594e-01,	1.483793e-07	
311	1.311311e+08	9.997594e-01,	1.484926e-07	
312	1.312312e+08	9.997594e-01,	1.486060e-07	
313	1.313313e+08	9.997594e-01,	1.487193e-07	
314	1.314314e+08	9.997594e-01,	1.488327e-07	
315	1.315315e+08	9.997594e-01,	1.489460e-07	
316	1.316316e+08	9.997594e-01,	1.490593e-07	
317	1.317317e+08	9.997594e-01,	1.491727e-07	
318	1.318318e+08	9.997594e-01,	1.492860e-07	
319	1.319319e+08	9.997594e-01,	1.493994e-07	
320	1.320320e+08	9.997594e-01,	1.495127e-07	
321	1.321321e+08	9.997594e-01,	1.496261e-07	
322	1.322322e+08	9.997594e-01,	1.497394e-07	
323	1.323323e+08	9.997594e-01,	1.498527e-07	
324	1.324324e+08	9.997594e-01,	1.499661e-07	
325	1.325325e+08	9.997594e-01,	1.500794e-07	
326	1.326326e+08	9.997594e-01,	1.501928e-07	
327	1.327327e+08	9.997594e-01,	1.503061e-07	
328	1.328328e+08	9.997594e-01,	1.504194e-07	
329	1.329329e+08	9.997594e-01,	1.505328e-07	
330	1.330330e+08	9.997594e-01,	1.506461e-07	
331	1.331331e+08	9.997594e-01,	1.507595e-07	
332	1.332332e+08	9.997594e-01,	1.508728e-07	
333	1.333333e+08	9.997594e-01,	1.509862e-07	
334	1.334334e+08	9.997594e-01,	1.510995e-07	
335	1.335335e+08	9.997594e-01,	1.512128e-07	
336	1.336336e+08	9.997594e-01,	1.513262e-07	
337	1.337337e+08	9.997594e-01,	1.514395e-07	
338	1.338338e+08	9.997594e-01,	1.515529e-07	
339	1.339339e+08	9.997594e-01,	1.516662e-07	
340	1.340340e+08	9.997594e-01,	1.517796e-07	
341	1.341341e+08	9.997594e-01,	1.518929e-07	
342	1.342342e+08	9.997594e-01,	1.520062e-07	
343	1.343343e+08	9.997594e-01,	1.521196e-07	
344	1.344344e+08	9.997594e-01,	1.522329e-07	

Index   frequency       s11                             
--------------------------------------------------------------------------------
345	1.345345e+08	9.997594e-01,	1.523463e-07	
346	1.346346e+08	9.997594e-01,	1.524596e-07	
347	1.347347e+08	9.997594e-01,	1.525729e-07	
348	1.348348e+08	9.997594e-01,	1.526863e-07	
349	1.349349e+08	9.997594e-01,	1.527996e-07	
350	1.350350e+08	9.997594e-01,	1.529130e-07	
351	1.351351e+08	9.997594e-01,	1.530263e-07	
352	1.352352e+08	9.997594e-01,	1.531397e-07	
353	1.353353e+08	9.997594e-01,	1.532530e-07	
354	1.354354e+08	9.997594e-01,	1.533663e-07	
355	1.355355e+08	9.997594e-01,	1.534797e-07	
356	1.356356e+08	9.997594e-01,	1.535930e-07	
357	1.357357e+08	9.997594e-01,	1.537064e-07	
358	1.358358e+08	9.997594e-01,	1.538197e-07	
359	1.359359e+08	9.997594e-01,	1.539330e-07	
360	1.360360e+08	9.997594e-01,	1.540464e-07	
361	1.361361e+08	9.997594e-01,	1.541597e-07	
362	1.362362e+08	9.997594e-01,	1.542731e-07	
363	1.363363e+08	9.997594e-01,	1.543864e-07	
364	1.364364e+08	9.997594e-01,	1.544997e-07	
365	1.365365e+08	9.997594e-01,	1.546131e-07	
366	1.366366e+08	9.997594e-01,	1.547264e-07	
367	1.367367e+08	9.997594e-01,	1.548398e-07	
368	1.368368e+08	9.997594e-01,	1.549531e-07	
369	1.369369e+08	9.997594e-01,	1.550665e-07	
370	1.370370e+08	9.997594e-01,	1.551798e-07	
371	1.371371e+08	9.997594e-01,	1.552931e-07	
372	1.372372e+08	9.997594e-01,	1.554065e-07	
373	1.373373e+08	9.997594e-01,	1.555198e-07	
374	1.374374e+08	9.997594e-01,	1.556332e-07	
375	1.375375e+08	9.997594e-01,	1.557465e-07	
376	1.376376e+08	9.997594e-01,	1.558598e-07	
377	1.377377e+08	9.997594e-01,	1.559732e-07	
378	1.378378e+08	9.997594e-01,	1.560865e-07	
379	1.379379e+08	9.997594e-01,	1.561999e-07	
380	1.380380e+08	9.997594e-01,	1.563132e-07	
381	1.381381e+08	9.997594e-01,	1.564265e-07	
382	1.382382e+08	9.997594e-01,	1.565399e-07	
383	1.383383e+08	9.997594e-01,	1.566532e-07	
384	1.384384e+08	9.997594e-01,	1.567666e-07	
385	1.385385e+08	9.997594e-01,	1.568799e-07	
386	1.386386e+08	9.997594e-01,	1.569932e-07	
387	1.387387e+08	9.997594e-01,	1.571066e-07	
388	1.388388e+08	9.997594e-01,	1.572199e-07	
389	1.389389e+08	9.997594e-01,	1.573333e-07	
390	1.390390e+08	9.997594e-01,	1.574466e-07	
391	1.391391e+08	9.997594e-01,	1.575600e-07	
392	1.392392e+08	9.997594e-01,	1.576733e-07	
393	1.393393e+08	9.997594e-01,	1.577866e-07	
394	1.394394e+08	9.997594e-01,	1.579000e-07	
395	1.395395e+08	9.997594e-01,	1.580133e-07	
396	1.396396e+08	9.997594e-01,	1.581267e-07	
397	1.397397e+08	9.997594e-01,	1.582400e-07	
398	1.398398e+08	9.997594e-01,	1.583533e-07	
399	1.399399e+08	9.997594e-01,	1.584667e-07	
400	1.400400e+08	9.997594e-01,	1.585800e-07	
401	1.401401e+08	9.997594e-01,	1.586934e-07	
402	1.402402e+08	9.997594e-01,	1.588067e-07	

Index   frequency       s11                             
--------------------------------------------------------------------------------
403	1.403403e+08	9.997594e-01,	1.589200e-07	
404	1.404404e+08	9.997594e-01,	1.590334e-07	
405	1.405405e+08	9.997594e-01,	1.591467e-07	
406	1.406406e+08	9.997594e-01,	1.592601e-07	
407	1.407407e+08	9.997594e-01,	1.593734e-07	
408	1.408408e+08	9.997594e-01,	1.594867e-07	
409	1.409409e+08	9.997594e-01,	1.596001e-07	
410	1.410410e+08	9.997594e-01,	1.597134e-07	
411	1.411411e+08	9.997594e-01,	1.598268e-07	
412	1.412412e+08	9.997594e-01,	1.599401e-07	
413	1.413413e+08	9.997594e-01,	1.600534e-07	
414	1.414414e+08	9.997594e-01,	1.601668e-07	
415	1.415415e+08	9.997594e-01,	1.602801e-07	
416	1.416416e+08	9.997594e-01,	1.603935e-07	
417	1.417417e+08	9.997594e-01,	1.605068e-07	
418	1.418418e+08	9.997594e-01,	1.606201e-07	
419	1.419419e+08	9.997594e-01,	1.607335e-07	
420	1.420420e+08	9.997594e-01,	1.608468e-07	
421	1.421421e+08	9.997594e-01,	1.609602e-07	
422	1.422422e+08	9.997594e-01,	1.610735e-07	
423	1.423423e+08	9.997594e-01,	1.611868e-07	
424	1.424424e+08	9.997594e-01,	1.613002e-07	
425	1.425425e+08	9.997594e-01,	1.614135e-07	
426	1.426426e+08	9.997594e-01,	1.615269e-07	
427	1.427427e+08	9.997594e-01,	1.616402e-07	
428	1.428428e+08	9.997594e-01,	1.617535e-07	
429	1.429429e+08	9.997594e-01,	1.618669e-07	
430	1.430430e+08	9.997594e-01,	1.619802e-07	
431	1.431431e+08	9.997594e-01,	1.620936e-07	
432	1.432432e+08	9.997594e-01,	1.622069e-07	
433	1.433433e+08	9.997594e-01,	1.623202e-07	
434	1.434434e+08	9.997594e-01,	1.624336e-07	
435	1.435435e+08	9.997594e-01,	1.625469e-07	
436	1.436436e+08	9.997594e-01,	1.626602e-07	
437	1.437437e+08	9.997594e-01,	1.627736e-07	
438	1.438438e+08	9.997594e-01,	1.628869e-07	
439	1.439439e+08	9.997594e-01,	1.630003e-07	
440	1.440440e+08	9.997594e-01,	1.631136e-07	
441	1.441441e+08	9.997594e-01,	1.632269e-07	
442	1.442442e+08	9.997594e-01,	1.633403e-07	
443	1.443443e+08	9.997594e-01,	1.634536e-07	
444	1.444444e+08	9.997594e-01,	1.635670e-07	
445	1.445445e+08	9.997594e-01,	1.636803e-07	
446	1.446446e+08	9.997594e-01,	1.637936e-07	
447	1.447447e+08	9.997594e-01,	1.639070e-07	
448	1.448448e+08	9.997594e-01,	1.640203e-07	
449	1.449449e+08	9.997594e-01,	1.641337e-07	
450	1.450450e+08	9.997594e-01,	1.642470e-07	
451	1.451451e+08	9.997594e-01,	1.643603e-07	
452	1.452452e+08	9.997594e-01,	1.644737e-07	
453	1.453453e+08	9.997594e-01,	1.645870e-07	
454	1.454454e+08	9.997594e-01,	1.647004e-07	
455	1.455455e+08	9.997594e-01,	1.648137e-07	
456	1.456456e+08	9.997594e-01,	1.649270e-07	
457	1.457457e+08	9.997594e-01,	1.650404e-07	
458	1.458458e+08	9.997594e-01,	1.651537e-07	
459	1.459459e+08	9.997594e-01,	1.652670e-07	
460	1.460460e+08	9.997594e-01,	1.653804e-07	

Index   frequency       s11                             
--------------------------------------------------------------------------------
461	1.461461e+08	9.997594e-01,	1.654937e-07	
462	1.462462e+08	9.997594e-01,	1.656071e-07	
463	1.463463e+08	9.997594e-01,	1.657204e-07	
464	1.464464e+08	9.997594e-01,	1.658337e-07	
465	1.465465e+08	9.997594e-01,	1.659471e-07	
466	1.466466e+08	9.997594e-01,	1.660604e-07	
467	1.467467e+08	9.997594e-01,	1.661738e-07	
468	1.468468e+08	9.997594e-01,	1.662871e-07	
469	1.469469e+08	9.997594e-01,	1.664004e-07	
470	1.470470e+08	9.997594e-01,	1.665138e-07	
471	1.471471e+08	9.997594e-01,	1.666271e-07	
472	1.472472e+08	9.997594e-01,	1.667404e-07	
473	1.473473e+08	9.997594e-01,	1.668538e-07	
474	1.474474e+08	9.997594e-01,	1.669671e-07	
475	1.475475e+08	9.997594e-01,	1.670805e-07	
476	1.476476e+08	9.997594e-01,	1.671938e-07	
477	1.477477e+08	9.997594e-01,	1.673071e-07	
478	1.478478e+08	9.997594e-01,	1.674205e-07	
479	1.479479e+08	9.997594e-01,	1.675338e-07	
480	1.480480e+08	9.997594e-01,	1.676472e-07	
481	1.481481e+08	9.997594e-01,	1.677605e-07	
482	1.482482e+08	9.997594e-01,	1.678738e-07	
483	1.483483e+08	9.997594e-01,	1.679872e-07	
484	1.484484e+08	9.997594e-01,	1.681005e-07	
485	1.485485e+08	9.997594e-01,	1.682138e-07	
486	1.486486e+08	9.997594e-01,	1.683272e-07	
487	1.487487e+08	9.997594e-01,	1.684405e-07	
488	1.488488e+08	9.997594e-01,	1.685539e-07	
489	1.489489e+08	9.997594e-01,	1.686672e-07	
490	1.490490e+08	9.997594e-01,	1.687805e-07	
491	1.491491e+08	9.997594e-01,	1.688939e-07	
492	1.492492e+08	9.997594e-01,	1.690072e-07	
493	1.493493e+08	9.997594e-01,	1.691205e-07	
494	1.494494e+08	9.997594e-01,	1.692339e-07	
495	1.495495e+08	9.997594e-01,	1.693472e-07	
496	1.496496e+08	9.997594e-01,	1.694606e-07	
497	1.497497e+08	9.997594e-01,	1.695739e-07	
498	1.498498e+08	9.997594e-01,	1.696872e-07	
499	1.499499e+08	9.997594e-01,	1.698006e-07	
500	1.500501e+08	9.997594e-01,	1.699139e-07	
501	1.501502e+08	9.997594e-01,	1.700272e-07	
502	1.502503e+08	9.997594e-01,	1.701406e-07	
503	1.503504e+08	9.997594e-01,	1.702539e-07	
504	1.504505e+08	9.997594e-01,	1.703673e-07	
505	1.505506e+08	9.997594e-01,	1.704806e-07	
506	1.506507e+08	9.997594e-01,	1.705939e-07	
507	1.507508e+08	9.997594e-01,	1.707073e-07	
508	1.508509e+08	9.997594e-01,	1.708206e-07	
509	1.509510e+08	9.997594e-01,	1.709339e-07	
510	1.510511e+08	9.997594e-01,	1.710473e-07	
511	1.511512e+08	9.997594e-01,	1.711606e-07	
512	1.512513e+08	9.997594e-01,	1.712740e-07	
513	1.513514e+08	9.997594e-01,	1.713873e-07	
514	1.514515e+08	9.997594e-01,	1.715006e-07	
515	1.515516e+08	9.997594e-01,	1.716140e-07	
516	1.516517e+08	9.997594e-01,	1.717273e-07	
517	1.517518e+08	9.997594e-01,	1.718406e-07	
518	1.518519e+08	9.997594e-01,	1.719540e-07	

Index   frequency       s11                             
--------------------------------------------------------------------------------
519	1.519520e+08	9.997594e-01,	1.720673e-07	
520	1.520521e+08	9.997594e-01,	1.721807e-07	
521	1.521522e+08	9.997594e-01,	1.722940e-07	
522	1.522523e+08	9.997594e-01,	1.724073e-07	
523	1.523524e+08	9.997594e-01,	1.725207e-07	
524	1.524525e+08	9.997594e-01,	1.726340e-07	
525	1.525526e+08	9.997594e-01,	1.727473e-07	
526	1.526527e+08	9.997594e-01,	1.728607e-07	
527	1.527528e+08	9.997594e-01,	1.729740e-07	
528	1.528529e+08	9.997594e-01,	1.730874e-07	
529	1.529530e+08	9.997594e-01,	1.732007e-07	
530	1.530531e+08	9.997594e-01,	1.733140e-07	
531	1.531532e+08	9.997594e-01,	1.734274e-07	
532	1.532533e+08	9.997594e-01,	1.735407e-07	
533	1.533534e+08	9.997594e-01,	1.736540e-07	
534	1.534535e+08	9.997594e-01,	1.737674e-07	
535	1.535536e+08	9.997594e-01,	1.738807e-07	
536	1.536537e+08	9.997594e-01,	1.739940e-07	
537	1.537538e+08	9.997594e-01,	1.741074e-07	
538	1.538539e+08	9.997594e-01,	1.742207e-07	
539	1.539540e+08	9.997594e-01,	1.743341e-07	
540	1.540541e+08	9.997594e-01,	1.744474e-07	
541	1.541542e+08	9.997594e-01,	1.745607e-07	
542	1.542543e+08	9.997594e-01,	1.746741e-07	
543	1.543544e+08	9.997594e-01,	1.747874e-07	
544	1.544545e+08	9.997594e-01,	1.749007e-07	
545	1.545546e+08	9.997594e-01,	1.750141e-07	
546	1.546547e+08	9.997594e-01,	1.751274e-07	
547	1.547548e+08	9.997594e-01,	1.752407e-07	
548	1.548549e+08	9.997594e-01,	1.753541e-07	
549	1.549550e+08	9.997594e-01,	1.754674e-07	
550	1.550551e+08	9.997594e-01,	1.755808e-07	
551	1.551552e+08	9.997594e-01,	1.756941e-07	
552	1.552553e+08	9.997594e-01,	1.758074e-07	
553	1.553554e+08	9.997594e-01,	1.759208e-07	
554	1.554555e+08	9.997594e-01,	1.760341e-07	
555	1.555556e+08	9.997594e-01,	1.761474e-07	
556	1.556557e+08	9.997594e-01,	1.762608e-07	
557	1.557558e+08	9.997594e-01,	1.763741e-07	
558	1.558559e+08	9.997594e-01,	1.764874e-07	
559	1.559560e+08	9.997594e-01,	1.766008e-07	
560	1.560561e+08	9.997594e-01,	1.767141e-07	
561	1.561562e+08	9.997594e-01,	1.768275e-07	
562	1.562563e+08	9.997594e-01,	1.769408e-07	
563	1.563564e+08	9.997594e-01,	1.770541e-07	
564	1.564565e+08	9.997594e-01,	1.771675e-07	
565	1.565566e+08	9.997594e-01,	1.772808e-07	
566	1.566567e+08	9.997594e-01,	1.773941e-07	
567	1.567568e+08	9.997594e-01,	1.775075e-07	
568	1.568569e+08	9.997594e-01,	1.776208e-07	
569	1.569570e+08	9.997594e-01,	1.777341e-07	
570	1.570571e+08	9.997594e-01,	1.778475e-07	
571	1.571572e+08	9.997594e-01,	1.779608e-07	
572	1.572573e+08	9.997594e-01,	1.780741e-07	
573	1.573574e+08	9.997594e-01,	1.781875e-07	
574	1.574575e+08	9.997594e-01,	1.783008e-07	
575	1.575576e+08	9.997594e-01,	1.784141e-07	
576	1.576577e+08	9.997594e-01,	1.785275e-07	

Index   frequency       s11                             
--------------------------------------------------------------------------------
577	1.577578e+08	9.997594e-01,	1.786408e-07	
578	1.578579e+08	9.997594e-01,	1.787542e-07	
579	1.579580e+08	9.997594e-01,	1.788675e-07	
580	1.580581e+08	9.997594e-01,	1.789808e-07	
581	1.581582e+08	9.997594e-01,	1.790942e-07	
582	1.582583e+08	9.997594e-01,	1.792075e-07	
583	1.583584e+08	9.997594e-01,	1.793208e-07	
584	1.584585e+08	9.997594e-01,	1.794342e-07	
585	1.585586e+08	9.997594e-01,	1.795475e-07	
586	1.586587e+08	9.997594e-01,	1.796608e-07	
587	1.587588e+08	9.997594e-01,	1.797742e-07	
588	1.588589e+08	9.997594e-01,	1.798875e-07	
589	1.589590e+08	9.997594e-01,	1.800008e-07	
590	1.590591e+08	9.997594e-01,	1.801142e-07	
591	1.591592e+08	9.997594e-01,	1.802275e-07	
592	1.592593e+08	9.997594e-01,	1.803408e-07	
593	1.593594e+08	9.997594e-01,	1.804542e-07	
594	1.594595e+08	9.997594e-01,	1.805675e-07	
595	1.595596e+08	9.997594e-01,	1.806809e-07	
596	1.596597e+08	9.997594e-01,	1.807942e-07	
597	1.597598e+08	9.997594e-01,	1.809075e-07	
598	1.598599e+08	9.997594e-01,	1.810209e-07	
599	1.599600e+08	9.997594e-01,	1.811342e-07	
600	1.600601e+08	9.997594e-01,	1.812475e-07	
601	1.601602e+08	9.997594e-01,	1.813609e-07	
602	1.602603e+08	9.997594e-01,	1.814742e-07	
603	1.603604e+08	9.997594e-01,	1.815875e-07	
604	1.604605e+08	9.997594e-01,	1.817009e-07	
605	1.605606e+08	9.997594e-01,	1.818142e-07	
606	1.606607e+08	9.997594e-01,	1.819275e-07	
607	1.607608e+08	9.997594e-01,	1.820409e-07	
608	1.608609e+08	9.997594e-01,	1.821542e-07	
609	1.609610e+08	9.997594e-01,	1.822675e-07	
610	1.610611e+08	9.997594e-01,	1.823809e-07	
611	1.611612e+08	9.997594e-01,	1.824942e-07	
612	1.612613e+08	9.997594e-01,	1.826075e-07	
613	1.613614e+08	9.997594e-01,	1.827209e-07	
614	1.614615e+08	9.997594e-01,	1.828342e-07	
615	1.615616e+08	9.997594e-01,	1.829475e-07	
616	1.616617e+08	9.997594e-01,	1.830609e-07	
617	1.617618e+08	9.997594e-01,	1.831742e-07	
618	1.618619e+08	9.997594e-01,	1.832875e-07	
619	1.619620e+08	9.997594e-01,	1.834009e-07	
620	1.620621e+08	9.997594e-01,	1.835142e-07	
621	1.621622e+08	9.997594e-01,	1.836275e-07	
622	1.622623e+08	9.997594e-01,	1.837409e-07	
623	1.623624e+08	9.997594e-01,	1.838542e-07	
624	1.624625e+08	9.997594e-01,	1.839676e-07	
625	1.625626e+08	9.997594e-01,	1.840809e-07	
626	1.626627e+08	9.997594e-01,	1.841942e-07	
627	1.627628e+08	9.997594e-01,	1.843076e-07	
628	1.628629e+08	9.997594e-01,	1.844209e-07	
629	1.629630e+08	9.997594e-01,	1.845342e-07	
630	1.630631e+08	9.997594e-01,	1.846476e-07	
631	1.631632e+08	9.997594e-01,	1.847609e-07	
632	1.632633e+08	9.997594e-01,	1.848742e-07	
633	1.633634e+08	9.997594e-01,	1.849876e-07	
634	1.634635e+08	9.997594e-01,	1.851009e-07	

Index   frequency       s11                             
--------------------------------------------------------------------------------
635	1.635636e+08	9.997594e-01,	1.852142e-07	
636	1.636637e+08	9.997594e-01,	1.853276e-07	
637	1.637638e+08	9.997594e-01,	1.854409e-07	
638	1.638639e+08	9.997594e-01,	1.855542e-07	
639	1.639640e+08	9.997594e-01,	1.856676e-07	
640	1.640641e+08	9.997594e-01,	1.857809e-07	
641	1.641642e+08	9.997594e-01,	1.858942e-07	
642	1.642643e+08	9.997594e-01,	1.860076e-07	
643	1.643644e+08	9.997594e-01,	1.861209e-07	
644	1.644645e+08	9.997594e-01,	1.862342e-07	
645	1.645646e+08	9.997594e-01,	1.863476e-07	
646	1.646647e+08	9.997594e-01,	1.864609e-07	
647	1.647648e+08	9.997594e-01,	1.865742e-07	
648	1.648649e+08	9.997594e-01,	1.866876e-07	
649	1.649650e+08	9.997594e-01,	1.868009e-07	
650	1.650651e+08	9.997594e-01,	1.869142e-07	
651	1.651652e+08	9.997594e-01,	1.870276e-07	
652	1.652653e+08	9.997594e-01,	1.871409e-07	
653	1.653654e+08	9.997594e-01,	1.872542e-07	
654	1.654655e+08	9.997594e-01,	1.873676e-07	
655	1.655656e+08	9.997594e-01,	1.874809e-07	
656	1.656657e+08	9.997594e-01,	1.875942e-07	
657	1.657658e+08	9.997594e-01,	1.877076e-07	
658	1.658659e+08	9.997594e-01,	1.878209e-07	
659	1.659660e+08	9.997594e-01,	1.879342e-07	
660	1.660661e+08	9.997594e-01,	1.880476e-07	
661	1.661662e+08	9.997594e-01,	1.881609e-07	
662	1.662663e+08	9.997594e-01,	1.882742e-07	
663	1.663664e+08	9.997594e-01,	1.883876e-07	
664	1.664665e+08	9.997594e-01,	1.885009e-07	
665	1.665666e+08	9.997594e-01,	1.886142e-07	
666	1.666667e+08	9.997594e-01,	1.887276e-07	
667	1.667668e+08	9.997594e-01,	1.888409e-07	
668	1.668669e+08	9.997594e-01,	1.889542e-07	
669	1.669670e+08	9.997594e-01,	1.890676e-07	
670	1.670671e+08	9.997594e-01,	1.891809e-07	
671	1.671672e+08	9.997594e-01,	1.892942e-07	
672	1.672673e+08	9.997594e-01,	1.894075e-07	
673	1.673674e+08	9.997594e-01,	1.895209e-07	
674	1.674675e+08	9.997594e-01,	1.896342e-07	
675	1.675676e+08	9.997594e-01,	1.897475e-07	
676	1.676677e+08	9.997594e-01,	1.898609e-07	
677	1.677678e+08	9.997594e-01,	1.899742e-07	
678	1.678679e+08	9.997594e-01,	1.900875e-07	
679	1.679680e+08	9.997594e-01,	1.902009e-07	
680	1.680681e+08	9.997594e-01,	1.903142e-07	
681	1.681682e+08	9.997594e-01,	1.904275e-07	
682	1.682683e+08	9.997594e-01,	1.905409e-07	
683	1.683684e+08	9.997594e-01,	1.906542e-07	
684	1.684685e+08	9.997594e-01,	1.907675e-07	
685	1.685686e+08	9.997594e-01,	1.908809e-07	
686	1.686687e+08	9.997594e-01,	1.909942e-07	
687	1.687688e+08	9.997594e-01,	1.911075e-07	
688	1.688689e+08	9.997594e-01,	1.912209e-07	
689	1.689690e+08	9.997594e-01,	1.913342e-07	
690	1.690691e+08	9.997594e-01,	1.914475e-07	
691	1.691692e+08	9.997594e-01,	1.915609e-07	
692	1.692693e+08	9.997594e-01,	1.916742e-07	

Index   frequency       s11                             
--------------------------------------------------------------------------------
693	1.693694e+08	9.997594e-01,	1.917875e-07	
694	1.694695e+08	9.997594e-01,	1.919009e-07	
695	1.695696e+08	9.997594e-01,	1.920142e-07	
696	1.696697e+08	9.997594e-01,	1.921275e-07	
697	1.697698e+08	9.997594e-01,	1.922409e-07	
698	1.698699e+08	9.997594e-01,	1.923542e-07	
699	1.699700e+08	9.997594e-01,	1.924675e-07	
700	1.700701e+08	9.997594e-01,	1.925808e-07	
701	1.701702e+08	9.997594e-01,	1.926942e-07	
702	1.702703e+08	9.997594e-01,	1.928075e-07	
703	1.703704e+08	9.997594e-01,	1.929208e-07	
704	1.704705e+08	9.997594e-01,	1.930342e-07	
705	1.705706e+08	9.997594e-01,	1.931475e-07	
706	1.706707e+08	9.997594e-01,	1.932608e-07	
707	1.707708e+08	9.997594e-01,	1.933742e-07	
708	1.708709e+08	9.997594e-01,	1.934875e-07	
709	1.709710e+08	9.997594e-01,	1.936008e-07	
710	1.710711e+08	9.997594e-01,	1.937142e-07	
711	1.711712e+08	9.997594e-01,	1.938275e-07	
712	1.712713e+08	9.997594e-01,	1.939408e-07	
713	1.713714e+08	9.997594e-01,	1.940542e-07	
714	1.714715e+08	9.997594e-01,	1.941675e-07	
715	1.715716e+08	9.997594e-01,	1.942808e-07	
716	1.716717e+08	9.997594e-01,	1.943941e-07	
717	1.717718e+08	9.997594e-01,	1.945075e-07	
718	1.718719e+08	9.997594e-01,	1.946208e-07	
719	1.719720e+08	9.997594e-01,	1.947341e-07	
720	1.720721e+08	9.997594e-01,	1.948475e-07	
721	1.721722e+08	9.997594e-01,	1.949608e-07	
722	1.722723e+08	9.997594e-01,	1.950741e-07	
723	1.723724e+08	9.997594e-01,	1.951875e-07	
724	1.724725e+08	9.997594e-01,	1.953008e-07	
725	1.725726e+08	9.997594e-01,	1.954141e-07	
726	1.726727e+08	9.997594e-01,	1.955275e-07	
727	1.727728e+08	9.997594e-01,	1.956408e-07	
728	1.728729e+08	9.997594e-01,	1.957541e-07	
729	1.729730e+08	9.997594e-01,	1.958675e-07	
730	1.730731e+08	9.997594e-01,	1.959808e-07	
731	1.731732e+08	9.997594e-01,	1.960941e-07	
732	1.732733e+08	9.997594e-01,	1.962074e-07	
733	1.733734e+08	9.997594e-01,	1.963208e-07	
734	1.734735e+08	9.997594e-01,	1.964341e-07	
735	1.735736e+08	9.997594e-01,	1.965474e-07	
736	1.736737e+08	9.997594e-01,	1.966608e-07	
737	1.737738e+08	9.997594e-01,	1.967741e-07	
738	1.738739e+08	9.997594e-01,	1.968874e-07	
739	1.739740e+08	9.997594e-01,	1.970008e-07	
740	1.740741e+08	9.997594e-01,	1.971141e-07	
741	1.741742e+08	9.997594e-01,	1.972274e-07	
742	1.742743e+08	9.997594e-01,	1.973407e-07	
743	1.743744e+08	9.997594e-01,	1.974541e-07	
744	1.744745e+08	9.997594e-01,	1.975674e-07	
745	1.745746e+08	9.997594e-01,	1.976807e-07	
746	1.746747e+08	9.997594e-01,	1.977941e-07	
747	1.747748e+08	9.997594e-01,	1.979074e-07	
748	1.748749e+08	9.997594e-01,	1.980207e-07	
749	1.749750e+08	9.997594e-01,	1.981341e-07	
750	1.750751e+08	9.997594e-01,	1.982474e-07	

Index   frequency       s11                             
--------------------------------------------------------------------------------
751	1.751752e+08	9.997594e-01,	1.983607e-07	
752	1.752753e+08	9.997594e-01,	1.984740e-07	
753	1.753754e+08	9.997594e-01,	1.985874e-07	
754	1.754755e+08	9.997594e-01,	1.987007e-07	
755	1.755756e+08	9.997594e-01,	1.988140e-07	
756	1.756757e+08	9.997594e-01,	1.989274e-07	
757	1.757758e+08	9.997594e-01,	1.990407e-07	
758	1.758759e+08	9.997594e-01,	1.991540e-07	
759	1.759760e+08	9.997594e-01,	1.992674e-07	
760	1.760761e+08	9.997594e-01,	1.993807e-07	
761	1.761762e+08	9.997594e-01,	1.994940e-07	
762	1.762763e+08	9.997594e-01,	1.996073e-07	
763	1.763764e+08	9.997594e-01,	1.997207e-07	
764	1.764765e+08	9.997594e-01,	1.998340e-07	
765	1.765766e+08	9.997594e-01,	1.999473e-07	
766	1.766767e+08	9.997594e-01,	2.000607e-07	
767	1.767768e+08	9.997594e-01,	2.001740e-07	
768	1.768769e+08	9.997594e-01,	2.002873e-07	
769	1.769770e+08	9.997594e-01,	2.004007e-07	
770	1.770771e+08	9.997594e-01,	2.005140e-07	
771	1.771772e+08	9.997594e-01,	2.006273e-07	
772	1.772773e+08	9.997594e-01,	2.007406e-07	
773	1.773774e+08	9.997594e-01,	2.008540e-07	
774	1.774775e+08	9.997594e-01,	2.009673e-07	
775	1.775776e+08	9.997594e-01,	2.010806e-07	
776	1.776777e+08	9.997594e-01,	2.011940e-07	
777	1.777778e+08	9.997594e-01,	2.013073e-07	
778	1.778779e+08	9.997594e-01,	2.014206e-07	
779	1.779780e+08	9.997594e-01,	2.015339e-07	
780	1.780781e+08	9.997594e-01,	2.016473e-07	
781	1.781782e+08	9.997594e-01,	2.017606e-07	
782	1.782783e+08	9.997594e-01,	2.018739e-07	
783	1.783784e+08	9.997594e-01,	2.019873e-07	
784	1.784785e+08	9.997594e-01,	2.021006e-07	
785	1.785786e+08	9.997594e-01,	2.022139e-07	
786	1.786787e+08	9.997594e-01,	2.023272e-07	
787	1.787788e+08	9.997594e-01,	2.024406e-07	
788	1.788789e+08	9.997594e-01,	2.025539e-07	
789	1.789790e+08	9.997594e-01,	2.026672e-07	
790	1.790791e+08	9.997594e-01,	2.027806e-07	
791	1.791792e+08	9.997594e-01,	2.028939e-07	
792	1.792793e+08	9.997594e-01,	2.030072e-07	
793	1.793794e+08	9.997594e-01,	2.031206e-07	
794	1.794795e+08	9.997594e-01,	2.032339e-07	
795	1.795796e+08	9.997594e-01,	2.033472e-07	
796	1.796797e+08	9.997594e-01,	2.034605e-07	
797	1.797798e+08	9.997594e-01,	2.035739e-07	
798	1.798799e+08	9.997594e-01,	2.036872e-07	
799	1.799800e+08	9.997594e-01,	2.038005e-07	
800	1.800801e+08	9.997594e-01,	2.039139e-07	
801	1.801802e+08	9.997594e-01,	2.040272e-07	
802	1.802803e+08	9.997594e-01,	2.041405e-07	
803	1.803804e+08	9.997594e-01,	2.042538e-07	
804	1.804805e+08	9.997594e-01,	2.043672e-07	
805	1.805806e+08	9.997594e-01,	2.044805e-07	
806	1.806807e+08	9.997594e-01,	2.045938e-07	
807	1.807808e+08	9.997594e-01,	2.047071e-07	
808	1.808809e+08	9.997594e-01,	2.048205e-07	

Index   frequency       s11                             
--------------------------------------------------------------------------------
809	1.809810e+08	9.997594e-01,	2.049338e-07	
810	1.810811e+08	9.997594e-01,	2.050471e-07	
811	1.811812e+08	9.997594e-01,	2.051605e-07	
812	1.812813e+08	9.997594e-01,	2.052738e-07	
813	1.813814e+08	9.997594e-01,	2.053871e-07	
814	1.814815e+08	9.997594e-01,	2.055004e-07	
815	1.815816e+08	9.997594e-01,	2.056138e-07	
816	1.816817e+08	9.997594e-01,	2.057271e-07	
817	1.817818e+08	9.997594e-01,	2.058404e-07	
818	1.818819e+08	9.997594e-01,	2.059538e-07	
819	1.819820e+08	9.997594e-01,	2.060671e-07	
820	1.820821e+08	9.997594e-01,	2.061804e-07	
821	1.821822e+08	9.997594e-01,	2.062937e-07	
822	1.822823e+08	9.997594e-01,	2.064071e-07	
823	1.823824e+08	9.997594e-01,	2.065204e-07	
824	1.824825e+08	9.997594e-01,	2.066337e-07	
825	1.825826e+08	9.997594e-01,	2.067471e-07	
826	1.826827e+08	9.997594e-01,	2.068604e-07	
827	1.827828e+08	9.997594e-01,	2.069737e-07	
828	1.828829e+08	9.997594e-01,	2.070870e-07	
829	1.829830e+08	9.997594e-01,	2.072004e-07	
830	1.830831e+08	9.997594e-01,	2.073137e-07	
831	1.831832e+08	9.997594e-01,	2.074270e-07	
832	1.832833e+08	9.997594e-01,	2.075403e-07	
833	1.833834e+08	9.997594e-01,	2.076537e-07	
834	1.834835e+08	9.997594e-01,	2.077670e-07	
835	1.835836e+08	9.997594e-01,	2.078803e-07	
836	1.836837e+08	9.997594e-01,	2.079937e-07	
837	1.837838e+08	9.997594e-01,	2.081070e-07	
838	1.838839e+08	9.997594e-01,	2.082203e-07	
839	1.839840e+08	9.997594e-01,	2.083336e-07	
840	1.840841e+08	9.997594e-01,	2.084470e-07	
841	1.841842e+08	9.997594e-01,	2.085603e-07	
842	1.842843e+08	9.997594e-01,	2.086736e-07	
843	1.843844e+08	9.997594e-01,	2.087869e-07	
844	1.844845e+08	9.997594e-01,	2.089003e-07	
845	1.845846e+08	9.997594e-01,	2.090136e-07	
846	1.846847e+08	9.997594e-01,	2.091269e-07	
847	1.847848e+08	9.997594e-01,	2.092402e-07	
848	1.848849e+08	9.997594e-01,	2.093536e-07	
849	1.849850e+08	9.997594e-01,	2.094669e-07	
850	1.850851e+08	9.997594e-01,	2.095802e-07	
851	1.851852e+08	9.997594e-01,	2.096936e-07	
852	1.852853e+08	9.997594e-01,	2.098069e-07	
853	1.853854e+08	9.997594e-01,	2.099202e-07	
854	1.854855e+08	9.997594e-01,	2.100335e-07	
855	1.855856e+08	9.997594e-01,	2.101469e-07	
856	1.856857e+08	9.997594e-01,	2.102602e-07	
857	1.857858e+08	9.997594e-01,	2.103735e-07	
858	1.858859e+08	9.997594e-01,	2.104868e-07	
859	1.859860e+08	9.997594e-01,	2.106002e-07	
860	1.860861e+08	9.997594e-01,	2.107135e-07	
861	1.861862e+08	9.997594e-01,	2.108268e-07	
862	1.862863e+08	9.997594e-01,	2.109401e-07	
863	1.863864e+08	9.997594e-01,	2.110535e-07	
864	1.864865e+08	9.997594e-01,	2.111668e-07	
865	1.865866e+08	9.997594e-01,	2.112801e-07	
866	1.866867e+08	9.997594e-01,	2.113935e-07	

Index   frequency       s11                             
--------------------------------------------------------------------------------
867	1.867868e+08	9.997594e-01,	2.115068e-07	
868	1.868869e+08	9.997594e-01,	2.116201e-07	
869	1.869870e+08	9.997594e-01,	2.117334e-07	
870	1.870871e+08	9.997594e-01,	2.118468e-07	
871	1.871872e+08	9.997594e-01,	2.119601e-07	
872	1.872873e+08	9.997594e-01,	2.120734e-07	
873	1.873874e+08	9.997594e-01,	2.121867e-07	
874	1.874875e+08	9.997594e-01,	2.123001e-07	
875	1.875876e+08	9.997594e-01,	2.124134e-07	
876	1.876877e+08	9.997594e-01,	2.125267e-07	
877	1.877878e+08	9.997594e-01,	2.126400e-07	
878	1.878879e+08	9.997594e-01,	2.127534e-07	
879	1.879880e+08	9.997594e-01,	2.128667e-07	
880	1.880881e+08	9.997594e-01,	2.129800e-07	
881	1.881882e+08	9.997594e-01,	2.130933e-07	
882	1.882883e+08	9.997594e-01,	2.132067e-07	
883	1.883884e+08	9.997594e-01,	2.133200e-07	
884	1.884885e+08	9.997594e-01,	2.134333e-07	
885	1.885886e+08	9.997594e-01,	2.135466e-07	
886	1.886887e+08	9.997594e-01,	2.136600e-07	
887	1.887888e+08	9.997594e-01,	2.137733e-07	
888	1.888889e+08	9.997594e-01,	2.138866e-07	
889	1.889890e+08	9.997594e-01,	2.139999e-07	
890	1.890891e+08	9.997594e-01,	2.141133e-07	
891	1.891892e+08	9.997594e-01,	2.142266e-07	
892	1.892893e+08	9.997594e-01,	2.143399e-07	
893	1.893894e+08	9.997594e-01,	2.144532e-07	
894	1.894895e+08	9.997594e-01,	2.145666e-07	
895	1.895896e+08	9.997594e-01,	2.146799e-07	
896	1.896897e+08	9.997594e-01,	2.147932e-07	
897	1.897898e+08	9.997594e-01,	2.149065e-07	
898	1.898899e+08	9.997594e-01,	2.150199e-07	
899	1.899900e+08	9.997594e-01,	2.151332e-07	
900	1.900901e+08	9.997594e-01,	2.152465e-07	
901	1.901902e+08	9.997594e-01,	2.153598e-07	
902	1.902903e+08	9.997594e-01,	2.154732e-07	
903	1.903904e+08	9.997594e-01,	2.155865e-07	
904	1.904905e+08	9.997594e-01,	2.156998e-07	
905	1.905906e+08	9.997594e-01,	2.158131e-07	
906	1.906907e+08	9.997594e-01,	2.159265e-07	
907	1.907908e+08	9.997594e-01,	2.160398e-07	
908	1.908909e+08	9.997594e-01,	2.161531e-07	
909	1.909910e+08	9.997594e-01,	2.162664e-07	
910	1.910911e+08	9.997594e-01,	2.163798e-07	
911	1.911912e+08	9.997594e-01,	2.164931e-07	
912	1.912913e+08	9.997594e-01,	2.166064e-07	
913	1.913914e+08	9.997594e-01,	2.167197e-07	
914	1.914915e+08	9.997594e-01,	2.168331e-07	
915	1.915916e+08	9.997594e-01,	2.169464e-07	
916	1.916917e+08	9.997594e-01,	2.170597e-07	
917	1.917918e+08	9.997594e-01,	2.171730e-07	
918	1.918919e+08	9.997594e-01,	2.172864e-07	
919	1.919920e+08	9.997594e-01,	2.173997e-07	
920	1.920921e+08	9.997594e-01,	2.175130e-07	
921	1.921922e+08	9.997594e-01,	2.176263e-07	
922	1.922923e+08	9.997594e-01,	2.177397e-07	
923	1.923924e+08	9.997594e-01,	2.178530e-07	
924	1.924925e+08	9.997594e-01,	2.179663e-07	

Index   frequency       s11                             
--------------------------------------------------------------------------------
925	1.925926e+08	9.997594e-01,	2.180796e-07	
926	1.926927e+08	9.997594e-01,	2.181930e-07	
927	1.927928e+08	9.997594e-01,	2.183063e-07	
928	1.928929e+08	9.997594e-01,	2.184196e-07	
929	1.929930e+08	9.997594e-01,	2.185329e-07	
930	1.930931e+08	9.997594e-01,	2.186463e-07	
931	1.931932e+08	9.997594e-01,	2.187596e-07	
932	1.932933e+08	9.997594e-01,	2.188729e-07	
933	1.933934e+08	9.997594e-01,	2.189862e-07	
934	1.934935e+08	9.997594e-01,	2.190995e-07	
935	1.935936e+08	9.997594e-01,	2.192129e-07	
936	1.936937e+08	9.997594e-01,	2.193262e-07	
937	1.937938e+08	9.997594e-01,	2.194395e-07	
938	1.938939e+08	9.997594e-01,	2.195528e-07	
939	1.939940e+08	9.997594e-01,	2.196662e-07	
940	1.940941e+08	9.997594e-01,	2.197795e-07	
941	1.941942e+08	9.997594e-01,	2.198928e-07	
942	1.942943e+08	9.997594e-01,	2.200061e-07	
943	1.943944e+08	9.997594e-01,	2.201195e-07	
944	1.944945e+08	9.997594e-01,	2.202328e-07	
945	1.945946e+08	9.997594e-01,	2.203461e-07	
946	1.946947e+08	9.997594e-01,	2.204594e-07	
947	1.947948e+08	9.997594e-01,	2.205728e-07	
948	1.948949e+08	9.997594e-01,	2.206861e-07	
949	1.949950e+08	9.997594e-01,	2.207994e-07	
950	1.950951e+08	9.997594e-01,	2.209127e-07	
951	1.951952e+08	9.997594e-01,	2.210260e-07	
952	1.952953e+08	9.997594e-01,	2.211394e-07	
953	1.953954e+08	9.997594e-01,	2.212527e-07	
954	1.954955e+08	9.997594e-01,	2.213660e-07	
955	1.955956e+08	9.997594e-01,	2.214793e-07	
956	1.956957e+08	9.997594e-01,	2.215927e-07	
957	1.957958e+08	9.997594e-01,	2.217060e-07	
958	1.958959e+08	9.997594e-01,	2.218193e-07	
959	1.959960e+08	9.997594e-01,	2.219326e-07	
960	1.960961e+08	9.997594e-01,	2.220460e-07	
961	1.961962e+08	9.997594e-01,	2.221593e-07	
962	1.962963e+08	9.997594e-01,	2.222726e-07	
963	1.963964e+08	9.997594e-01,	2.223859e-07	
964	1.964965e+08	9.997594e-01,	2.224992e-07	
965	1.965966e+08	9.997594e-01,	2.226126e-07	
966	1.966967e+08	9.997594e-01,	2.227259e-07	
967	1.967968e+08	9.997594e-01,	2.228392e-07	
968	1.968969e+08	9.997594e-01,	2.229525e-07	
969	1.969970e+08	9.997594e-01,	2.230659e-07	
970	1.970971e+08	9.997594e-01,	2.231792e-07	
971	1.971972e+08	9.997594e-01,	2.232925e-07	
972	1.972973e+08	9.997594e-01,	2.234058e-07	
973	1.973974e+08	9.997594e-01,	2.235191e-07	
974	1.974975e+08	9.997594e-01,	2.236325e-07	
975	1.975976e+08	9.997594e-01,	2.237458e-07	
976	1.976977e+08	9.997594e-01,	2.238591e-07	
977	1.977978e+08	9.997594e-01,	2.239724e-07	
978	1.978979e+08	9.997594e-01,	2.240858e-07	
979	1.979980e+08	9.997594e-01,	2.241991e-07	
980	1.980981e+08	9.997594e-01,	2.243124e-07	
981	1.981982e+08	9.997594e-01,	2.244257e-07	
982	1.982983e+08	9.997594e-01,	2.245390e-07	

Index   frequency       s11                             
--------------------------------------------------------------------------------
983	1.983984e+08	9.997594e-01,	2.246524e-07	
984	1.984985e+08	9.997594e-01,	2.247657e-07	
985	1.985986e+08	9.997594e-01,	2.248790e-07	
986	1.986987e+08	9.997594e-01,	2.249923e-07	
987	1.987988e+08	9.997594e-01,	2.251057e-07	
988	1.988989e+08	9.997594e-01,	2.252190e-07	
989	1.989990e+08	9.997594e-01,	2.253323e-07	
990	1.990991e+08	9.997594e-01,	2.254456e-07	
991	1.991992e+08	9.997594e-01,	2.255589e-07	
992	1.992993e+08	9.997594e-01,	2.256723e-07	
993	1.993994e+08	9.997594e-01,	2.257856e-07	
994	1.994995e+08	9.997594e-01,	2.258989e-07	
995	1.995996e+08	9.997594e-01,	2.260122e-07	
996	1.996997e+08	9.997594e-01,	2.261256e-07	
997	1.997998e+08	9.997594e-01,	2.262389e-07	
998	1.998999e+08	9.997594e-01,	2.263522e-07	
999	2.000000e+08	9.997594e-01,	2.264655e-07	
